[2024-04-02 16:56:39] production.ERROR: Symfony\Component\Mailer\Transport\Dsn::__construct(): Argument #5 ($port) must be of type ?int, string given, called in /home/u344139974/domains/gigfly.in/public_html/OLDGigfly/vendor/laravel/framework/src/Illuminate/Mail/MailManager.php on line 186 {"userId":1,"exception":"[object] (TypeError(code: 0): Symfony\\Component\\Mailer\\Transport\\Dsn::__construct(): Argument #5 ($port) must be of type ?int, string given, called in /home/u344139974/domains/gigfly.in/public_html/OLDGigfly/vendor/laravel/framework/src/Illuminate/Mail/MailManager.php on line 186 at /home/u344139974/domains/gigfly.in/public_html/OLDGigfly/vendor/symfony/mailer/Transport/Dsn.php:28)
[stacktrace]
#0 /home/u344139974/domains/gigfly.in/public_html/OLDGigfly/vendor/laravel/framework/src/Illuminate/Mail/MailManager.php(186): Symfony\\Component\\Mailer\\Transport\\Dsn->__construct()
#1 /home/u344139974/domains/gigfly.in/public_html/OLDGigfly/vendor/laravel/framework/src/Illuminate/Mail/MailManager.php(165): Illuminate\\Mail\\MailManager->createSmtpTransport()
#2 /home/u344139974/domains/gigfly.in/public_html/OLDGigfly/vendor/laravel/framework/src/Illuminate/Mail/MailManager.php(123): Illuminate\\Mail\\MailManager->createSymfonyTransport()
#3 /home/u344139974/domains/gigfly.in/public_html/OLDGigfly/vendor/laravel/framework/src/Illuminate/Mail/MailManager.php(98): Illuminate\\Mail\\MailManager->resolve()
#4 /home/u344139974/domains/gigfly.in/public_html/OLDGigfly/vendor/laravel/framework/src/Illuminate/Mail/MailManager.php(76): Illuminate\\Mail\\MailManager->get()
#5 /home/u344139974/domains/gigfly.in/public_html/OLDGigfly/vendor/laravel/framework/src/Illuminate/Mail/MailManager.php(563): Illuminate\\Mail\\MailManager->mailer()
#6 /home/u344139974/domains/gigfly.in/public_html/OLDGigfly/vendor/laravel/framework/src/Illuminate/Support/Facades/Facade.php(353): Illuminate\\Mail\\MailManager->__call()
#7 /home/u344139974/domains/gigfly.in/public_html/OLDGigfly/app/Http/Livewire/Admin/Settings/SmtpComponent.php(137): Illuminate\\Support\\Facades\\Facade::__callStatic()
#8 /home/u344139974/domains/gigfly.in/public_html/OLDGigfly/vendor/laravel/framework/src/Illuminate/Container/BoundMethod.php(36): App\\Http\\Livewire\\Admin\\Settings\\SmtpComponent->send()
#9 /home/u344139974/domains/gigfly.in/public_html/OLDGigfly/vendor/laravel/framework/src/Illuminate/Container/Util.php(41): Illuminate\\Container\\BoundMethod::Illuminate\\Container\\{closure}()
#10 /home/u344139974/domains/gigfly.in/public_html/OLDGigfly/vendor/laravel/framework/src/Illuminate/Container/BoundMethod.php(93): Illuminate\\Container\\Util::unwrapIfClosure()
#11 /home/u344139974/domains/gigfly.in/public_html/OLDGigfly/vendor/laravel/framework/src/Illuminate/Container/BoundMethod.php(35): Illuminate\\Container\\BoundMethod::callBoundMethod()
#12 /home/u344139974/domains/gigfly.in/public_html/OLDGigfly/vendor/livewire/livewire/src/ComponentConcerns/HandlesActions.php(149): Illuminate\\Container\\BoundMethod::call()
#13 /home/u344139974/domains/gigfly.in/public_html/OLDGigfly/vendor/livewire/livewire/src/HydrationMiddleware/PerformActionCalls.php(36): Livewire\\Component->callMethod()
#14 /home/u344139974/domains/gigfly.in/public_html/OLDGigfly/vendor/livewire/livewire/src/LifecycleManager.php(89): Livewire\\HydrationMiddleware\\PerformActionCalls::hydrate()
#15 /home/u344139974/domains/gigfly.in/public_html/OLDGigfly/vendor/livewire/livewire/src/Connection/ConnectionHandler.php(13): Livewire\\LifecycleManager->hydrate()
#16 /home/u344139974/domains/gigfly.in/public_html/OLDGigfly/vendor/livewire/livewire/src/Controllers/HttpConnectionHandler.php(19): Livewire\\Connection\\ConnectionHandler->handle()
#17 /home/u344139974/domains/gigfly.in/public_html/OLDGigfly/vendor/laravel/framework/src/Illuminate/Routing/ControllerDispatcher.php(46): Livewire\\Controllers\\HttpConnectionHandler->__invoke()
#18 /home/u344139974/domains/gigfly.in/public_html/OLDGigfly/vendor/laravel/framework/src/Illuminate/Routing/Route.php(259): Illuminate\\Routing\\ControllerDispatcher->dispatch()
#19 /home/u344139974/domains/gigfly.in/public_html/OLDGigfly/vendor/laravel/framework/src/Illuminate/Routing/Route.php(205): Illuminate\\Routing\\Route->runController()
#20 /home/u344139974/domains/gigfly.in/public_html/OLDGigfly/vendor/laravel/framework/src/Illuminate/Routing/Router.php(799): Illuminate\\Routing\\Route->run()
#21 /home/u344139974/domains/gigfly.in/public_html/OLDGigfly/vendor/laravel/framework/src/Illuminate/Pipeline/Pipeline.php(141): Illuminate\\Routing\\Router->Illuminate\\Routing\\{closure}()
#22 /home/u344139974/domains/gigfly.in/public_html/OLDGigfly/vendor/ralphjsmit/livewire-urls/src/Middleware/LivewireUrlsMiddleware.php(14): Illuminate\\Pipeline\\Pipeline->Illuminate\\Pipeline\\{closure}()
#23 /home/u344139974/domains/gigfly.in/public_html/OLDGigfly/vendor/laravel/framework/src/Illuminate/Pipeline/Pipeline.php(180): RalphJSmit\\Livewire\\Urls\\Middleware\\LivewireUrlsMiddleware->handle()
#24 /home/u344139974/domains/gigfly.in/public_html/OLDGigfly/app/Http/Middleware/XFrameHeaders.php(31): Illuminate\\Pipeline\\Pipeline->Illuminate\\Pipeline\\{closure}()
#25 /home/u344139974/domains/gigfly.in/public_html/OLDGigfly/vendor/laravel/framework/src/Illuminate/Pipeline/Pipeline.php(180): App\\Http\\Middleware\\XFrameHeaders->handle()
#26 /home/u344139974/domains/gigfly.in/public_html/OLDGigfly/app/Http/Middleware/UpgradeLevel.php(95): Illuminate\\Pipeline\\Pipeline->Illuminate\\Pipeline\\{closure}()
#27 /home/u344139974/domains/gigfly.in/public_html/OLDGigfly/vendor/laravel/framework/src/Illuminate/Pipeline/Pipeline.php(180): App\\Http\\Middleware\\UpgradeLevel->handle()
#28 /home/u344139974/domains/gigfly.in/public_html/OLDGigfly/app/Http/Middleware/UserLastActivity.php(25): Illuminate\\Pipeline\\Pipeline->Illuminate\\Pipeline\\{closure}()
#29 /home/u344139974/domains/gigfly.in/public_html/OLDGigfly/vendor/laravel/framework/src/Illuminate/Pipeline/Pipeline.php(180): App\\Http\\Middleware\\UserLastActivity->handle()
#30 /home/u344139974/domains/gigfly.in/public_html/OLDGigfly/app/Http/Middleware/SetLocale.php(65): Illuminate\\Pipeline\\Pipeline->Illuminate\\Pipeline\\{closure}()
#31 /home/u344139974/domains/gigfly.in/public_html/OLDGigfly/vendor/laravel/framework/src/Illuminate/Pipeline/Pipeline.php(180): App\\Http\\Middleware\\SetLocale->handle()
#32 /home/u344139974/domains/gigfly.in/public_html/OLDGigfly/vendor/laravel/framework/src/Illuminate/Routing/Middleware/SubstituteBindings.php(50): Illuminate\\Pipeline\\Pipeline->Illuminate\\Pipeline\\{closure}()
#33 /home/u344139974/domains/gigfly.in/public_html/OLDGigfly/vendor/laravel/framework/src/Illuminate/Pipeline/Pipeline.php(180): Illuminate\\Routing\\Middleware\\SubstituteBindings->handle()
#34 /home/u344139974/domains/gigfly.in/public_html/OLDGigfly/vendor/laravel/framework/src/Illuminate/Session/Middleware/AuthenticateSession.php(41): Illuminate\\Pipeline\\Pipeline->Illuminate\\Pipeline\\{closure}()
#35 /home/u344139974/domains/gigfly.in/public_html/OLDGigfly/vendor/laravel/framework/src/Illuminate/Pipeline/Pipeline.php(180): Illuminate\\Session\\Middleware\\AuthenticateSession->handle()
#36 /home/u344139974/domains/gigfly.in/public_html/OLDGigfly/vendor/laravel/framework/src/Illuminate/Foundation/Http/Middleware/VerifyCsrfToken.php(78): Illuminate\\Pipeline\\Pipeline->Illuminate\\Pipeline\\{closure}()
#37 /home/u344139974/domains/gigfly.in/public_html/OLDGigfly/app/Http/Middleware/VerifyCsrfToken.php(24): Illuminate\\Foundation\\Http\\Middleware\\VerifyCsrfToken->handle()
#38 /home/u344139974/domains/gigfly.in/public_html/OLDGigfly/vendor/laravel/framework/src/Illuminate/Pipeline/Pipeline.php(180): App\\Http\\Middleware\\VerifyCsrfToken->handle()
#39 /home/u344139974/domains/gigfly.in/public_html/OLDGigfly/vendor/laravel/framework/src/Illuminate/View/Middleware/ShareErrorsFromSession.php(49): Illuminate\\Pipeline\\Pipeline->Illuminate\\Pipeline\\{closure}()
#40 /home/u344139974/domains/gigfly.in/public_html/OLDGigfly/vendor/laravel/framework/src/Illuminate/Pipeline/Pipeline.php(180): Illuminate\\View\\Middleware\\ShareErrorsFromSession->handle()
#41 /home/u344139974/domains/gigfly.in/public_html/OLDGigfly/vendor/laravel/framework/src/Illuminate/Session/Middleware/StartSession.php(144): Illuminate\\Pipeline\\Pipeline->Illuminate\\Pipeline\\{closure}()
#42 /home/u344139974/domains/gigfly.in/public_html/OLDGigfly/vendor/laravel/framework/src/Illuminate/Session/Middleware/StartSession.php(87): Illuminate\\Session\\Middleware\\StartSession->handleStatefulRequest()
#43 /home/u344139974/domains/gigfly.in/public_html/OLDGigfly/vendor/laravel/framework/src/Illuminate/Pipeline/Pipeline.php(180): Illuminate\\Session\\Middleware\\StartSession->handle()
#44 /home/u344139974/domains/gigfly.in/public_html/OLDGigfly/vendor/laravel/framework/src/Illuminate/Cookie/Middleware/AddQueuedCookiesToResponse.php(37): Illuminate\\Pipeline\\Pipeline->Illuminate\\Pipeline\\{closure}()
#45 /home/u344139974/domains/gigfly.in/public_html/OLDGigfly/vendor/laravel/framework/src/Illuminate/Pipeline/Pipeline.php(180): Illuminate\\Cookie\\Middleware\\AddQueuedCookiesToResponse->handle()
#46 /home/u344139974/domains/gigfly.in/public_html/OLDGigfly/vendor/laravel/framework/src/Illuminate/Cookie/Middleware/EncryptCookies.php(67): Illuminate\\Pipeline\\Pipeline->Illuminate\\Pipeline\\{closure}()
#47 /home/u344139974/domains/gigfly.in/public_html/OLDGigfly/vendor/laravel/framework/src/Illuminate/Pipeline/Pipeline.php(180): Illuminate\\Cookie\\Middleware\\EncryptCookies->handle()
#48 /home/u344139974/domains/gigfly.in/public_html/OLDGigfly/vendor/laravel/framework/src/Illuminate/Pipeline/Pipeline.php(116): Illuminate\\Pipeline\\Pipeline->Illuminate\\Pipeline\\{closure}()
#49 /home/u344139974/domains/gigfly.in/public_html/OLDGigfly/vendor/laravel/framework/src/Illuminate/Routing/Router.php(798): Illuminate\\Pipeline\\Pipeline->then()
#50 /home/u344139974/domains/gigfly.in/public_html/OLDGigfly/vendor/laravel/framework/src/Illuminate/Routing/Router.php(777): Illuminate\\Routing\\Router->runRouteWithinStack()
#51 /home/u344139974/domains/gigfly.in/public_html/OLDGigfly/vendor/laravel/framework/src/Illuminate/Routing/Router.php(741): Illuminate\\Routing\\Router->runRoute()
#52 /home/u344139974/domains/gigfly.in/public_html/OLDGigfly/vendor/laravel/framework/src/Illuminate/Routing/Router.php(730): Illuminate\\Routing\\Router->dispatchToRoute()
#53 /home/u344139974/domains/gigfly.in/public_html/OLDGigfly/vendor/laravel/framework/src/Illuminate/Foundation/Http/Kernel.php(200): Illuminate\\Routing\\Router->dispatch()
#54 /home/u344139974/domains/gigfly.in/public_html/OLDGigfly/vendor/laravel/framework/src/Illuminate/Pipeline/Pipeline.php(141): Illuminate\\Foundation\\Http\\Kernel->Illuminate\\Foundation\\Http\\{closure}()
#55 /home/u344139974/domains/gigfly.in/public_html/OLDGigfly/vendor/lukeraymonddowning/honey/src/Http/Middleware/BlockSpammers.php(19): Illuminate\\Pipeline\\Pipeline->Illuminate\\Pipeline\\{closure}()
#56 /home/u344139974/domains/gigfly.in/public_html/OLDGigfly/vendor/laravel/framework/src/Illuminate/Pipeline/Pipeline.php(180): Lukeraymonddowning\\Honey\\Http\\Middleware\\BlockSpammers->handle()
#57 /home/u344139974/domains/gigfly.in/public_html/OLDGigfly/vendor/livewire/livewire/src/DisableBrowserCache.php(19): Illuminate\\Pipeline\\Pipeline->Illuminate\\Pipeline\\{closure}()
#58 /home/u344139974/domains/gigfly.in/public_html/OLDGigfly/vendor/laravel/framework/src/Illuminate/Pipeline/Pipeline.php(180): Livewire\\DisableBrowserCache->handle()
#59 /home/u344139974/domains/gigfly.in/public_html/OLDGigfly/vendor/barryvdh/laravel-debugbar/src/Middleware/InjectDebugbar.php(59): Illuminate\\Pipeline\\Pipeline->Illuminate\\Pipeline\\{closure}()
#60 /home/u344139974/domains/gigfly.in/public_html/OLDGigfly/vendor/laravel/framework/src/Illuminate/Pipeline/Pipeline.php(180): Barryvdh\\Debugbar\\Middleware\\InjectDebugbar->handle()
#61 /home/u344139974/domains/gigfly.in/public_html/OLDGigfly/vendor/laravel/framework/src/Illuminate/Foundation/Http/Middleware/ConvertEmptyStringsToNull.php(27): Illuminate\\Pipeline\\Pipeline->Illuminate\\Pipeline\\{closure}()
#62 /home/u344139974/domains/gigfly.in/public_html/OLDGigfly/vendor/laravel/framework/src/Illuminate/Pipeline/Pipeline.php(180): Illuminate\\Foundation\\Http\\Middleware\\ConvertEmptyStringsToNull->handle()
#63 /home/u344139974/domains/gigfly.in/public_html/OLDGigfly/vendor/laravel/framework/src/Illuminate/Foundation/Http/Middleware/TrimStrings.php(36): Illuminate\\Pipeline\\Pipeline->Illuminate\\Pipeline\\{closure}()
#64 /home/u344139974/domains/gigfly.in/public_html/OLDGigfly/vendor/laravel/framework/src/Illuminate/Pipeline/Pipeline.php(180): Illuminate\\Foundation\\Http\\Middleware\\TrimStrings->handle()
#65 /home/u344139974/domains/gigfly.in/public_html/OLDGigfly/vendor/laravel/framework/src/Illuminate/Foundation/Http/Middleware/ValidatePostSize.php(27): Illuminate\\Pipeline\\Pipeline->Illuminate\\Pipeline\\{closure}()
#66 /home/u344139974/domains/gigfly.in/public_html/OLDGigfly/vendor/laravel/framework/src/Illuminate/Pipeline/Pipeline.php(180): Illuminate\\Foundation\\Http\\Middleware\\ValidatePostSize->handle()
#67 /home/u344139974/domains/gigfly.in/public_html/OLDGigfly/vendor/laravel/framework/src/Illuminate/Foundation/Http/Middleware/PreventRequestsDuringMaintenance.php(86): Illuminate\\Pipeline\\Pipeline->Illuminate\\Pipeline\\{closure}()
#68 /home/u344139974/domains/gigfly.in/public_html/OLDGigfly/vendor/laravel/framework/src/Illuminate/Pipeline/Pipeline.php(180): Illuminate\\Foundation\\Http\\Middleware\\PreventRequestsDuringMaintenance->handle()
#69 /home/u344139974/domains/gigfly.in/public_html/OLDGigfly/vendor/laravel/framework/src/Illuminate/Http/Middleware/HandleCors.php(49): Illuminate\\Pipeline\\Pipeline->Illuminate\\Pipeline\\{closure}()
#70 /home/u344139974/domains/gigfly.in/public_html/OLDGigfly/vendor/laravel/framework/src/Illuminate/Pipeline/Pipeline.php(180): Illuminate\\Http\\Middleware\\HandleCors->handle()
#71 /home/u344139974/domains/gigfly.in/public_html/OLDGigfly/vendor/laravel/framework/src/Illuminate/Http/Middleware/TrustProxies.php(39): Illuminate\\Pipeline\\Pipeline->Illuminate\\Pipeline\\{closure}()
#72 /home/u344139974/domains/gigfly.in/public_html/OLDGigfly/vendor/laravel/framework/src/Illuminate/Pipeline/Pipeline.php(180): Illuminate\\Http\\Middleware\\TrustProxies->handle()
#73 /home/u344139974/domains/gigfly.in/public_html/OLDGigfly/vendor/laravel/framework/src/Illuminate/Pipeline/Pipeline.php(116): Illuminate\\Pipeline\\Pipeline->Illuminate\\Pipeline\\{closure}()
#74 /home/u344139974/domains/gigfly.in/public_html/OLDGigfly/vendor/laravel/framework/src/Illuminate/Foundation/Http/Kernel.php(175): Illuminate\\Pipeline\\Pipeline->then()
#75 /home/u344139974/domains/gigfly.in/public_html/OLDGigfly/vendor/laravel/framework/src/Illuminate/Foundation/Http/Kernel.php(144): Illuminate\\Foundation\\Http\\Kernel->sendRequestThroughRouter()
#76 /home/u344139974/domains/gigfly.in/public_html/OLDGigfly/index.php(52): Illuminate\\Foundation\\Http\\Kernel->handle()
#77 {main}
"} 
