[2024-04-25 05:33:05] production.INFO: Cashfree API Request: {"request":null,"response":"<!DOCTYPE HTML PUBLIC \"-//IETF//DTD HTML 2.0//EN\">
<html><head>
<title>404 Not Found</title>
</head><body>
<h1>Not Found</h1>
<p>The requested URL /pg/links was not found on this server.</p>
</body></html>
"} 
[2024-04-25 05:34:01] production.INFO: Cashfree API Request: {"request":null,"response":"<!DOCTYPE HTML PUBLIC \"-//IETF//DTD HTML 2.0//EN\">
<html><head>
<title>404 Not Found</title>
</head><body>
<h1>Not Found</h1>
<p>The requested URL /pg/links was not found on this server.</p>
</body></html>
"} 
[2024-04-25 05:34:05] production.INFO: Cashfree API Request: {"request":null,"response":"<!DOCTYPE HTML PUBLIC \"-//IETF//DTD HTML 2.0//EN\">
<html><head>
<title>404 Not Found</title>
</head><body>
<h1>Not Found</h1>
<p>The requested URL /pg/links was not found on this server.</p>
</body></html>
"} 
