[2023-10-09 04:13:33] production.ERROR: SQLSTATE[HY000] [1226] User 'u304230485_gigfly' has exceeded the 'max_user_connections' resource (current value: 60) (Connection: mysql, SQL: select * from `categories` where `slug` = music-audio limit 1) {"exception":"[object] (Illuminate\\Database\\QueryException(code: 1226): SQLSTATE[HY000] [1226] User 'u304230485_gigfly' has exceeded the 'max_user_connections' resource (current value: 60) (Connection: mysql, SQL: select * from `categories` where `slug` = music-audio limit 1) at /home/u304230485/domains/gigfly.in/public_html/vendor/laravel/framework/src/Illuminate/Database/Connection.php:795)
[stacktrace]
#0 /home/u304230485/domains/gigfly.in/public_html/vendor/laravel/framework/src/Illuminate/Database/Connection.php(755): Illuminate\\Database\\Connection->runQueryCallback()
#1 /home/u304230485/domains/gigfly.in/public_html/vendor/laravel/framework/src/Illuminate/Database/Connection.php(424): Illuminate\\Database\\Connection->run()
#2 /home/u304230485/domains/gigfly.in/public_html/vendor/laravel/framework/src/Illuminate/Database/Query/Builder.php(2748): Illuminate\\Database\\Connection->select()
#3 /home/u304230485/domains/gigfly.in/public_html/vendor/laravel/framework/src/Illuminate/Database/Query/Builder.php(2736): Illuminate\\Database\\Query\\Builder->runSelect()
#4 /home/u304230485/domains/gigfly.in/public_html/vendor/laravel/framework/src/Illuminate/Database/Query/Builder.php(3290): Illuminate\\Database\\Query\\Builder->Illuminate\\Database\\Query\\{closure}()
#5 /home/u304230485/domains/gigfly.in/public_html/vendor/laravel/framework/src/Illuminate/Database/Query/Builder.php(2737): Illuminate\\Database\\Query\\Builder->onceWithColumns()
#6 /home/u304230485/domains/gigfly.in/public_html/vendor/laravel/framework/src/Illuminate/Database/Eloquent/Builder.php(720): Illuminate\\Database\\Query\\Builder->get()
#7 /home/u304230485/domains/gigfly.in/public_html/vendor/laravel/framework/src/Illuminate/Database/Eloquent/Builder.php(704): Illuminate\\Database\\Eloquent\\Builder->getModels()
#8 /home/u304230485/domains/gigfly.in/public_html/vendor/laravel/framework/src/Illuminate/Database/Concerns/BuildsQueries.php(296): Illuminate\\Database\\Eloquent\\Builder->get()
#9 /home/u304230485/domains/gigfly.in/public_html/vendor/laravel/framework/src/Illuminate/Database/Eloquent/Builder.php(598): Illuminate\\Database\\Eloquent\\Builder->first()
#10 /home/u304230485/domains/gigfly.in/public_html/app/Http/Livewire/Main/Categories/SubcategoryComponent.php(40): Illuminate\\Database\\Eloquent\\Builder->firstOrFail()
#11 /home/u304230485/domains/gigfly.in/public_html/vendor/laravel/framework/src/Illuminate/Container/BoundMethod.php(36): App\\Http\\Livewire\\Main\\Categories\\SubcategoryComponent->mount()
#12 /home/u304230485/domains/gigfly.in/public_html/vendor/laravel/framework/src/Illuminate/Container/Util.php(41): Illuminate\\Container\\BoundMethod::Illuminate\\Container\\{closure}()
#13 /home/u304230485/domains/gigfly.in/public_html/vendor/laravel/framework/src/Illuminate/Container/BoundMethod.php(93): Illuminate\\Container\\Util::unwrapIfClosure()
#14 /home/u304230485/domains/gigfly.in/public_html/vendor/laravel/framework/src/Illuminate/Container/BoundMethod.php(37): Illuminate\\Container\\BoundMethod::callBoundMethod()
#15 /home/u304230485/domains/gigfly.in/public_html/vendor/livewire/livewire/src/LifecycleManager.php(114): Illuminate\\Container\\BoundMethod::call()
#16 /home/u304230485/domains/gigfly.in/public_html/vendor/livewire/livewire/src/Component.php(71): Livewire\\LifecycleManager->mount()
#17 /home/u304230485/domains/gigfly.in/public_html/vendor/laravel/framework/src/Illuminate/Routing/ControllerDispatcher.php(46): Livewire\\Component->__invoke()
#18 /home/u304230485/domains/gigfly.in/public_html/vendor/laravel/framework/src/Illuminate/Routing/Route.php(260): Illuminate\\Routing\\ControllerDispatcher->dispatch()
#19 /home/u304230485/domains/gigfly.in/public_html/vendor/laravel/framework/src/Illuminate/Routing/Route.php(205): Illuminate\\Routing\\Route->runController()
#20 /home/u304230485/domains/gigfly.in/public_html/vendor/laravel/framework/src/Illuminate/Routing/Router.php(799): Illuminate\\Routing\\Route->run()
#21 /home/u304230485/domains/gigfly.in/public_html/vendor/laravel/framework/src/Illuminate/Pipeline/Pipeline.php(141): Illuminate\\Routing\\Router->Illuminate\\Routing\\{closure}()
#22 /home/u304230485/domains/gigfly.in/public_html/vendor/ralphjsmit/livewire-urls/src/Middleware/LivewireUrlsMiddleware.php(32): Illuminate\\Pipeline\\Pipeline->Illuminate\\Pipeline\\{closure}()
#23 /home/u304230485/domains/gigfly.in/public_html/vendor/laravel/framework/src/Illuminate/Pipeline/Pipeline.php(180): RalphJSmit\\Livewire\\Urls\\Middleware\\LivewireUrlsMiddleware->handle()
#24 /home/u304230485/domains/gigfly.in/public_html/app/Http/Middleware/XFrameHeaders.php(31): Illuminate\\Pipeline\\Pipeline->Illuminate\\Pipeline\\{closure}()
#25 /home/u304230485/domains/gigfly.in/public_html/vendor/laravel/framework/src/Illuminate/Pipeline/Pipeline.php(180): App\\Http\\Middleware\\XFrameHeaders->handle()
#26 /home/u304230485/domains/gigfly.in/public_html/app/Http/Middleware/UpgradeLevel.php(95): Illuminate\\Pipeline\\Pipeline->Illuminate\\Pipeline\\{closure}()
#27 /home/u304230485/domains/gigfly.in/public_html/vendor/laravel/framework/src/Illuminate/Pipeline/Pipeline.php(180): App\\Http\\Middleware\\UpgradeLevel->handle()
#28 /home/u304230485/domains/gigfly.in/public_html/app/Http/Middleware/UserLastActivity.php(25): Illuminate\\Pipeline\\Pipeline->Illuminate\\Pipeline\\{closure}()
#29 /home/u304230485/domains/gigfly.in/public_html/vendor/laravel/framework/src/Illuminate/Pipeline/Pipeline.php(180): App\\Http\\Middleware\\UserLastActivity->handle()
#30 /home/u304230485/domains/gigfly.in/public_html/app/Http/Middleware/SetLocale.php(65): Illuminate\\Pipeline\\Pipeline->Illuminate\\Pipeline\\{closure}()
#31 /home/u304230485/domains/gigfly.in/public_html/vendor/laravel/framework/src/Illuminate/Pipeline/Pipeline.php(180): App\\Http\\Middleware\\SetLocale->handle()
#32 /home/u304230485/domains/gigfly.in/public_html/vendor/laravel/framework/src/Illuminate/Routing/Middleware/SubstituteBindings.php(50): Illuminate\\Pipeline\\Pipeline->Illuminate\\Pipeline\\{closure}()
#33 /home/u304230485/domains/gigfly.in/public_html/vendor/laravel/framework/src/Illuminate/Pipeline/Pipeline.php(180): Illuminate\\Routing\\Middleware\\SubstituteBindings->handle()
#34 /home/u304230485/domains/gigfly.in/public_html/vendor/laravel/framework/src/Illuminate/Session/Middleware/AuthenticateSession.php(41): Illuminate\\Pipeline\\Pipeline->Illuminate\\Pipeline\\{closure}()
#35 /home/u304230485/domains/gigfly.in/public_html/vendor/laravel/framework/src/Illuminate/Pipeline/Pipeline.php(180): Illuminate\\Session\\Middleware\\AuthenticateSession->handle()
#36 /home/u304230485/domains/gigfly.in/public_html/vendor/laravel/framework/src/Illuminate/Foundation/Http/Middleware/VerifyCsrfToken.php(78): Illuminate\\Pipeline\\Pipeline->Illuminate\\Pipeline\\{closure}()
#37 /home/u304230485/domains/gigfly.in/public_html/app/Http/Middleware/VerifyCsrfToken.php(24): Illuminate\\Foundation\\Http\\Middleware\\VerifyCsrfToken->handle()
#38 /home/u304230485/domains/gigfly.in/public_html/vendor/laravel/framework/src/Illuminate/Pipeline/Pipeline.php(180): App\\Http\\Middleware\\VerifyCsrfToken->handle()
#39 /home/u304230485/domains/gigfly.in/public_html/vendor/laravel/framework/src/Illuminate/View/Middleware/ShareErrorsFromSession.php(49): Illuminate\\Pipeline\\Pipeline->Illuminate\\Pipeline\\{closure}()
#40 /home/u304230485/domains/gigfly.in/public_html/vendor/laravel/framework/src/Illuminate/Pipeline/Pipeline.php(180): Illuminate\\View\\Middleware\\ShareErrorsFromSession->handle()
#41 /home/u304230485/domains/gigfly.in/public_html/vendor/laravel/framework/src/Illuminate/Session/Middleware/StartSession.php(144): Illuminate\\Pipeline\\Pipeline->Illuminate\\Pipeline\\{closure}()
#42 /home/u304230485/domains/gigfly.in/public_html/vendor/laravel/framework/src/Illuminate/Session/Middleware/StartSession.php(87): Illuminate\\Session\\Middleware\\StartSession->handleStatefulRequest()
#43 /home/u304230485/domains/gigfly.in/public_html/vendor/laravel/framework/src/Illuminate/Pipeline/Pipeline.php(180): Illuminate\\Session\\Middleware\\StartSession->handle()
#44 /home/u304230485/domains/gigfly.in/public_html/vendor/laravel/framework/src/Illuminate/Cookie/Middleware/AddQueuedCookiesToResponse.php(37): Illuminate\\Pipeline\\Pipeline->Illuminate\\Pipeline\\{closure}()
#45 /home/u304230485/domains/gigfly.in/public_html/vendor/laravel/framework/src/Illuminate/Pipeline/Pipeline.php(180): Illuminate\\Cookie\\Middleware\\AddQueuedCookiesToResponse->handle()
#46 /home/u304230485/domains/gigfly.in/public_html/vendor/laravel/framework/src/Illuminate/Cookie/Middleware/EncryptCookies.php(67): Illuminate\\Pipeline\\Pipeline->Illuminate\\Pipeline\\{closure}()
#47 /home/u304230485/domains/gigfly.in/public_html/vendor/laravel/framework/src/Illuminate/Pipeline/Pipeline.php(180): Illuminate\\Cookie\\Middleware\\EncryptCookies->handle()
#48 /home/u304230485/domains/gigfly.in/public_html/vendor/laravel/framework/src/Illuminate/Pipeline/Pipeline.php(116): Illuminate\\Pipeline\\Pipeline->Illuminate\\Pipeline\\{closure}()
#49 /home/u304230485/domains/gigfly.in/public_html/vendor/laravel/framework/src/Illuminate/Routing/Router.php(800): Illuminate\\Pipeline\\Pipeline->then()
#50 /home/u304230485/domains/gigfly.in/public_html/vendor/laravel/framework/src/Illuminate/Routing/Router.php(777): Illuminate\\Routing\\Router->runRouteWithinStack()
#51 /home/u304230485/domains/gigfly.in/public_html/vendor/laravel/framework/src/Illuminate/Routing/Router.php(741): Illuminate\\Routing\\Router->runRoute()
#52 /home/u304230485/domains/gigfly.in/public_html/vendor/laravel/framework/src/Illuminate/Routing/Router.php(730): Illuminate\\Routing\\Router->dispatchToRoute()
#53 /home/u304230485/domains/gigfly.in/public_html/vendor/laravel/framework/src/Illuminate/Foundation/Http/Kernel.php(200): Illuminate\\Routing\\Router->dispatch()
#54 /home/u304230485/domains/gigfly.in/public_html/vendor/laravel/framework/src/Illuminate/Pipeline/Pipeline.php(141): Illuminate\\Foundation\\Http\\Kernel->Illuminate\\Foundation\\Http\\{closure}()
#55 /home/u304230485/domains/gigfly.in/public_html/vendor/lukeraymonddowning/honey/src/Http/Middleware/BlockSpammers.php(19): Illuminate\\Pipeline\\Pipeline->Illuminate\\Pipeline\\{closure}()
#56 /home/u304230485/domains/gigfly.in/public_html/vendor/laravel/framework/src/Illuminate/Pipeline/Pipeline.php(180): Lukeraymonddowning\\Honey\\Http\\Middleware\\BlockSpammers->handle()
#57 /home/u304230485/domains/gigfly.in/public_html/vendor/livewire/livewire/src/DisableBrowserCache.php(19): Illuminate\\Pipeline\\Pipeline->Illuminate\\Pipeline\\{closure}()
#58 /home/u304230485/domains/gigfly.in/public_html/vendor/laravel/framework/src/Illuminate/Pipeline/Pipeline.php(180): Livewire\\DisableBrowserCache->handle()
#59 /home/u304230485/domains/gigfly.in/public_html/vendor/barryvdh/laravel-debugbar/src/Middleware/InjectDebugbar.php(59): Illuminate\\Pipeline\\Pipeline->Illuminate\\Pipeline\\{closure}()
#60 /home/u304230485/domains/gigfly.in/public_html/vendor/laravel/framework/src/Illuminate/Pipeline/Pipeline.php(180): Barryvdh\\Debugbar\\Middleware\\InjectDebugbar->handle()
#61 /home/u304230485/domains/gigfly.in/public_html/vendor/laravel/framework/src/Illuminate/Foundation/Http/Middleware/TransformsRequest.php(21): Illuminate\\Pipeline\\Pipeline->Illuminate\\Pipeline\\{closure}()
#62 /home/u304230485/domains/gigfly.in/public_html/vendor/laravel/framework/src/Illuminate/Foundation/Http/Middleware/ConvertEmptyStringsToNull.php(31): Illuminate\\Foundation\\Http\\Middleware\\TransformsRequest->handle()
#63 /home/u304230485/domains/gigfly.in/public_html/vendor/laravel/framework/src/Illuminate/Pipeline/Pipeline.php(180): Illuminate\\Foundation\\Http\\Middleware\\ConvertEmptyStringsToNull->handle()
#64 /home/u304230485/domains/gigfly.in/public_html/vendor/laravel/framework/src/Illuminate/Foundation/Http/Middleware/TransformsRequest.php(21): Illuminate\\Pipeline\\Pipeline->Illuminate\\Pipeline\\{closure}()
#65 /home/u304230485/domains/gigfly.in/public_html/vendor/laravel/framework/src/Illuminate/Foundation/Http/Middleware/TrimStrings.php(40): Illuminate\\Foundation\\Http\\Middleware\\TransformsRequest->handle()
#66 /home/u304230485/domains/gigfly.in/public_html/vendor/laravel/framework/src/Illuminate/Pipeline/Pipeline.php(180): Illuminate\\Foundation\\Http\\Middleware\\TrimStrings->handle()
#67 /home/u304230485/domains/gigfly.in/public_html/vendor/laravel/framework/src/Illuminate/Foundation/Http/Middleware/ValidatePostSize.php(27): Illuminate\\Pipeline\\Pipeline->Illuminate\\Pipeline\\{closure}()
#68 /home/u304230485/domains/gigfly.in/public_html/vendor/laravel/framework/src/Illuminate/Pipeline/Pipeline.php(180): Illuminate\\Foundation\\Http\\Middleware\\ValidatePostSize->handle()
#69 /home/u304230485/domains/gigfly.in/public_html/vendor/laravel/framework/src/Illuminate/Foundation/Http/Middleware/PreventRequestsDuringMaintenance.php(86): Illuminate\\Pipeline\\Pipeline->Illuminate\\Pipeline\\{closure}()
#70 /home/u304230485/domains/gigfly.in/public_html/vendor/laravel/framework/src/Illuminate/Pipeline/Pipeline.php(180): Illuminate\\Foundation\\Http\\Middleware\\PreventRequestsDuringMaintenance->handle()
#71 /home/u304230485/domains/gigfly.in/public_html/vendor/laravel/framework/src/Illuminate/Http/Middleware/HandleCors.php(49): Illuminate\\Pipeline\\Pipeline->Illuminate\\Pipeline\\{closure}()
#72 /home/u304230485/domains/gigfly.in/public_html/vendor/laravel/framework/src/Illuminate/Pipeline/Pipeline.php(180): Illuminate\\Http\\Middleware\\HandleCors->handle()
#73 /home/u304230485/domains/gigfly.in/public_html/vendor/laravel/framework/src/Illuminate/Http/Middleware/TrustProxies.php(39): Illuminate\\Pipeline\\Pipeline->Illuminate\\Pipeline\\{closure}()
#74 /home/u304230485/domains/gigfly.in/public_html/vendor/laravel/framework/src/Illuminate/Pipeline/Pipeline.php(180): Illuminate\\Http\\Middleware\\TrustProxies->handle()
#75 /home/u304230485/domains/gigfly.in/public_html/vendor/laravel/framework/src/Illuminate/Pipeline/Pipeline.php(116): Illuminate\\Pipeline\\Pipeline->Illuminate\\Pipeline\\{closure}()
#76 /home/u304230485/domains/gigfly.in/public_html/vendor/laravel/framework/src/Illuminate/Foundation/Http/Kernel.php(175): Illuminate\\Pipeline\\Pipeline->then()
#77 /home/u304230485/domains/gigfly.in/public_html/vendor/laravel/framework/src/Illuminate/Foundation/Http/Kernel.php(144): Illuminate\\Foundation\\Http\\Kernel->sendRequestThroughRouter()
#78 /home/u304230485/domains/gigfly.in/public_html/index.php(53): Illuminate\\Foundation\\Http\\Kernel->handle()
#79 {main}

[previous exception] [object] (PDOException(code: 1226): SQLSTATE[HY000] [1226] User 'u304230485_gigfly' has exceeded the 'max_user_connections' resource (current value: 60) at /home/u304230485/domains/gigfly.in/public_html/vendor/laravel/framework/src/Illuminate/Database/Connectors/Connector.php:65)
[stacktrace]
#0 /home/u304230485/domains/gigfly.in/public_html/vendor/laravel/framework/src/Illuminate/Database/Connectors/Connector.php(65): PDO->__construct()
#1 /home/u304230485/domains/gigfly.in/public_html/vendor/laravel/framework/src/Illuminate/Database/Connectors/Connector.php(45): Illuminate\\Database\\Connectors\\Connector->createPdoConnection()
#2 /home/u304230485/domains/gigfly.in/public_html/vendor/laravel/framework/src/Illuminate/Database/Connectors/MySqlConnector.php(24): Illuminate\\Database\\Connectors\\Connector->createConnection()
#3 /home/u304230485/domains/gigfly.in/public_html/vendor/laravel/framework/src/Illuminate/Database/Connectors/ConnectionFactory.php(184): Illuminate\\Database\\Connectors\\MySqlConnector->connect()
#4 [internal function]: Illuminate\\Database\\Connectors\\ConnectionFactory->Illuminate\\Database\\Connectors\\{closure}()
#5 /home/u304230485/domains/gigfly.in/public_html/vendor/laravel/framework/src/Illuminate/Database/Connection.php(1275): call_user_func()
#6 /home/u304230485/domains/gigfly.in/public_html/vendor/laravel/framework/src/Illuminate/Database/Connection.php(1311): Illuminate\\Database\\Connection->getPdo()
#7 /home/u304230485/domains/gigfly.in/public_html/vendor/laravel/framework/src/Illuminate/Database/Connection.php(521): Illuminate\\Database\\Connection->getReadPdo()
#8 /home/u304230485/domains/gigfly.in/public_html/vendor/laravel/framework/src/Illuminate/Database/Connection.php(416): Illuminate\\Database\\Connection->getPdoForSelect()
#9 /home/u304230485/domains/gigfly.in/public_html/vendor/laravel/framework/src/Illuminate/Database/Connection.php(788): Illuminate\\Database\\Connection->Illuminate\\Database\\{closure}()
#10 /home/u304230485/domains/gigfly.in/public_html/vendor/laravel/framework/src/Illuminate/Database/Connection.php(755): Illuminate\\Database\\Connection->runQueryCallback()
#11 /home/u304230485/domains/gigfly.in/public_html/vendor/laravel/framework/src/Illuminate/Database/Connection.php(424): Illuminate\\Database\\Connection->run()
#12 /home/u304230485/domains/gigfly.in/public_html/vendor/laravel/framework/src/Illuminate/Database/Query/Builder.php(2748): Illuminate\\Database\\Connection->select()
#13 /home/u304230485/domains/gigfly.in/public_html/vendor/laravel/framework/src/Illuminate/Database/Query/Builder.php(2736): Illuminate\\Database\\Query\\Builder->runSelect()
#14 /home/u304230485/domains/gigfly.in/public_html/vendor/laravel/framework/src/Illuminate/Database/Query/Builder.php(3290): Illuminate\\Database\\Query\\Builder->Illuminate\\Database\\Query\\{closure}()
#15 /home/u304230485/domains/gigfly.in/public_html/vendor/laravel/framework/src/Illuminate/Database/Query/Builder.php(2737): Illuminate\\Database\\Query\\Builder->onceWithColumns()
#16 /home/u304230485/domains/gigfly.in/public_html/vendor/laravel/framework/src/Illuminate/Database/Eloquent/Builder.php(720): Illuminate\\Database\\Query\\Builder->get()
#17 /home/u304230485/domains/gigfly.in/public_html/vendor/laravel/framework/src/Illuminate/Database/Eloquent/Builder.php(704): Illuminate\\Database\\Eloquent\\Builder->getModels()
#18 /home/u304230485/domains/gigfly.in/public_html/vendor/laravel/framework/src/Illuminate/Database/Concerns/BuildsQueries.php(296): Illuminate\\Database\\Eloquent\\Builder->get()
#19 /home/u304230485/domains/gigfly.in/public_html/vendor/laravel/framework/src/Illuminate/Database/Eloquent/Builder.php(598): Illuminate\\Database\\Eloquent\\Builder->first()
#20 /home/u304230485/domains/gigfly.in/public_html/app/Http/Livewire/Main/Categories/SubcategoryComponent.php(40): Illuminate\\Database\\Eloquent\\Builder->firstOrFail()
#21 /home/u304230485/domains/gigfly.in/public_html/vendor/laravel/framework/src/Illuminate/Container/BoundMethod.php(36): App\\Http\\Livewire\\Main\\Categories\\SubcategoryComponent->mount()
#22 /home/u304230485/domains/gigfly.in/public_html/vendor/laravel/framework/src/Illuminate/Container/Util.php(41): Illuminate\\Container\\BoundMethod::Illuminate\\Container\\{closure}()
#23 /home/u304230485/domains/gigfly.in/public_html/vendor/laravel/framework/src/Illuminate/Container/BoundMethod.php(93): Illuminate\\Container\\Util::unwrapIfClosure()
#24 /home/u304230485/domains/gigfly.in/public_html/vendor/laravel/framework/src/Illuminate/Container/BoundMethod.php(37): Illuminate\\Container\\BoundMethod::callBoundMethod()
#25 /home/u304230485/domains/gigfly.in/public_html/vendor/livewire/livewire/src/LifecycleManager.php(114): Illuminate\\Container\\BoundMethod::call()
#26 /home/u304230485/domains/gigfly.in/public_html/vendor/livewire/livewire/src/Component.php(71): Livewire\\LifecycleManager->mount()
#27 /home/u304230485/domains/gigfly.in/public_html/vendor/laravel/framework/src/Illuminate/Routing/ControllerDispatcher.php(46): Livewire\\Component->__invoke()
#28 /home/u304230485/domains/gigfly.in/public_html/vendor/laravel/framework/src/Illuminate/Routing/Route.php(260): Illuminate\\Routing\\ControllerDispatcher->dispatch()
#29 /home/u304230485/domains/gigfly.in/public_html/vendor/laravel/framework/src/Illuminate/Routing/Route.php(205): Illuminate\\Routing\\Route->runController()
#30 /home/u304230485/domains/gigfly.in/public_html/vendor/laravel/framework/src/Illuminate/Routing/Router.php(799): Illuminate\\Routing\\Route->run()
#31 /home/u304230485/domains/gigfly.in/public_html/vendor/laravel/framework/src/Illuminate/Pipeline/Pipeline.php(141): Illuminate\\Routing\\Router->Illuminate\\Routing\\{closure}()
#32 /home/u304230485/domains/gigfly.in/public_html/vendor/ralphjsmit/livewire-urls/src/Middleware/LivewireUrlsMiddleware.php(32): Illuminate\\Pipeline\\Pipeline->Illuminate\\Pipeline\\{closure}()
#33 /home/u304230485/domains/gigfly.in/public_html/vendor/laravel/framework/src/Illuminate/Pipeline/Pipeline.php(180): RalphJSmit\\Livewire\\Urls\\Middleware\\LivewireUrlsMiddleware->handle()
#34 /home/u304230485/domains/gigfly.in/public_html/app/Http/Middleware/XFrameHeaders.php(31): Illuminate\\Pipeline\\Pipeline->Illuminate\\Pipeline\\{closure}()
#35 /home/u304230485/domains/gigfly.in/public_html/vendor/laravel/framework/src/Illuminate/Pipeline/Pipeline.php(180): App\\Http\\Middleware\\XFrameHeaders->handle()
#36 /home/u304230485/domains/gigfly.in/public_html/app/Http/Middleware/UpgradeLevel.php(95): Illuminate\\Pipeline\\Pipeline->Illuminate\\Pipeline\\{closure}()
#37 /home/u304230485/domains/gigfly.in/public_html/vendor/laravel/framework/src/Illuminate/Pipeline/Pipeline.php(180): App\\Http\\Middleware\\UpgradeLevel->handle()
#38 /home/u304230485/domains/gigfly.in/public_html/app/Http/Middleware/UserLastActivity.php(25): Illuminate\\Pipeline\\Pipeline->Illuminate\\Pipeline\\{closure}()
#39 /home/u304230485/domains/gigfly.in/public_html/vendor/laravel/framework/src/Illuminate/Pipeline/Pipeline.php(180): App\\Http\\Middleware\\UserLastActivity->handle()
#40 /home/u304230485/domains/gigfly.in/public_html/app/Http/Middleware/SetLocale.php(65): Illuminate\\Pipeline\\Pipeline->Illuminate\\Pipeline\\{closure}()
#41 /home/u304230485/domains/gigfly.in/public_html/vendor/laravel/framework/src/Illuminate/Pipeline/Pipeline.php(180): App\\Http\\Middleware\\SetLocale->handle()
#42 /home/u304230485/domains/gigfly.in/public_html/vendor/laravel/framework/src/Illuminate/Routing/Middleware/SubstituteBindings.php(50): Illuminate\\Pipeline\\Pipeline->Illuminate\\Pipeline\\{closure}()
#43 /home/u304230485/domains/gigfly.in/public_html/vendor/laravel/framework/src/Illuminate/Pipeline/Pipeline.php(180): Illuminate\\Routing\\Middleware\\SubstituteBindings->handle()
#44 /home/u304230485/domains/gigfly.in/public_html/vendor/laravel/framework/src/Illuminate/Session/Middleware/AuthenticateSession.php(41): Illuminate\\Pipeline\\Pipeline->Illuminate\\Pipeline\\{closure}()
#45 /home/u304230485/domains/gigfly.in/public_html/vendor/laravel/framework/src/Illuminate/Pipeline/Pipeline.php(180): Illuminate\\Session\\Middleware\\AuthenticateSession->handle()
#46 /home/u304230485/domains/gigfly.in/public_html/vendor/laravel/framework/src/Illuminate/Foundation/Http/Middleware/VerifyCsrfToken.php(78): Illuminate\\Pipeline\\Pipeline->Illuminate\\Pipeline\\{closure}()
#47 /home/u304230485/domains/gigfly.in/public_html/app/Http/Middleware/VerifyCsrfToken.php(24): Illuminate\\Foundation\\Http\\Middleware\\VerifyCsrfToken->handle()
#48 /home/u304230485/domains/gigfly.in/public_html/vendor/laravel/framework/src/Illuminate/Pipeline/Pipeline.php(180): App\\Http\\Middleware\\VerifyCsrfToken->handle()
#49 /home/u304230485/domains/gigfly.in/public_html/vendor/laravel/framework/src/Illuminate/View/Middleware/ShareErrorsFromSession.php(49): Illuminate\\Pipeline\\Pipeline->Illuminate\\Pipeline\\{closure}()
#50 /home/u304230485/domains/gigfly.in/public_html/vendor/laravel/framework/src/Illuminate/Pipeline/Pipeline.php(180): Illuminate\\View\\Middleware\\ShareErrorsFromSession->handle()
#51 /home/u304230485/domains/gigfly.in/public_html/vendor/laravel/framework/src/Illuminate/Session/Middleware/StartSession.php(144): Illuminate\\Pipeline\\Pipeline->Illuminate\\Pipeline\\{closure}()
#52 /home/u304230485/domains/gigfly.in/public_html/vendor/laravel/framework/src/Illuminate/Session/Middleware/StartSession.php(87): Illuminate\\Session\\Middleware\\StartSession->handleStatefulRequest()
#53 /home/u304230485/domains/gigfly.in/public_html/vendor/laravel/framework/src/Illuminate/Pipeline/Pipeline.php(180): Illuminate\\Session\\Middleware\\StartSession->handle()
#54 /home/u304230485/domains/gigfly.in/public_html/vendor/laravel/framework/src/Illuminate/Cookie/Middleware/AddQueuedCookiesToResponse.php(37): Illuminate\\Pipeline\\Pipeline->Illuminate\\Pipeline\\{closure}()
#55 /home/u304230485/domains/gigfly.in/public_html/vendor/laravel/framework/src/Illuminate/Pipeline/Pipeline.php(180): Illuminate\\Cookie\\Middleware\\AddQueuedCookiesToResponse->handle()
#56 /home/u304230485/domains/gigfly.in/public_html/vendor/laravel/framework/src/Illuminate/Cookie/Middleware/EncryptCookies.php(67): Illuminate\\Pipeline\\Pipeline->Illuminate\\Pipeline\\{closure}()
#57 /home/u304230485/domains/gigfly.in/public_html/vendor/laravel/framework/src/Illuminate/Pipeline/Pipeline.php(180): Illuminate\\Cookie\\Middleware\\EncryptCookies->handle()
#58 /home/u304230485/domains/gigfly.in/public_html/vendor/laravel/framework/src/Illuminate/Pipeline/Pipeline.php(116): Illuminate\\Pipeline\\Pipeline->Illuminate\\Pipeline\\{closure}()
#59 /home/u304230485/domains/gigfly.in/public_html/vendor/laravel/framework/src/Illuminate/Routing/Router.php(800): Illuminate\\Pipeline\\Pipeline->then()
#60 /home/u304230485/domains/gigfly.in/public_html/vendor/laravel/framework/src/Illuminate/Routing/Router.php(777): Illuminate\\Routing\\Router->runRouteWithinStack()
#61 /home/u304230485/domains/gigfly.in/public_html/vendor/laravel/framework/src/Illuminate/Routing/Router.php(741): Illuminate\\Routing\\Router->runRoute()
#62 /home/u304230485/domains/gigfly.in/public_html/vendor/laravel/framework/src/Illuminate/Routing/Router.php(730): Illuminate\\Routing\\Router->dispatchToRoute()
#63 /home/u304230485/domains/gigfly.in/public_html/vendor/laravel/framework/src/Illuminate/Foundation/Http/Kernel.php(200): Illuminate\\Routing\\Router->dispatch()
#64 /home/u304230485/domains/gigfly.in/public_html/vendor/laravel/framework/src/Illuminate/Pipeline/Pipeline.php(141): Illuminate\\Foundation\\Http\\Kernel->Illuminate\\Foundation\\Http\\{closure}()
#65 /home/u304230485/domains/gigfly.in/public_html/vendor/lukeraymonddowning/honey/src/Http/Middleware/BlockSpammers.php(19): Illuminate\\Pipeline\\Pipeline->Illuminate\\Pipeline\\{closure}()
#66 /home/u304230485/domains/gigfly.in/public_html/vendor/laravel/framework/src/Illuminate/Pipeline/Pipeline.php(180): Lukeraymonddowning\\Honey\\Http\\Middleware\\BlockSpammers->handle()
#67 /home/u304230485/domains/gigfly.in/public_html/vendor/livewire/livewire/src/DisableBrowserCache.php(19): Illuminate\\Pipeline\\Pipeline->Illuminate\\Pipeline\\{closure}()
#68 /home/u304230485/domains/gigfly.in/public_html/vendor/laravel/framework/src/Illuminate/Pipeline/Pipeline.php(180): Livewire\\DisableBrowserCache->handle()
#69 /home/u304230485/domains/gigfly.in/public_html/vendor/barryvdh/laravel-debugbar/src/Middleware/InjectDebugbar.php(59): Illuminate\\Pipeline\\Pipeline->Illuminate\\Pipeline\\{closure}()
#70 /home/u304230485/domains/gigfly.in/public_html/vendor/laravel/framework/src/Illuminate/Pipeline/Pipeline.php(180): Barryvdh\\Debugbar\\Middleware\\InjectDebugbar->handle()
#71 /home/u304230485/domains/gigfly.in/public_html/vendor/laravel/framework/src/Illuminate/Foundation/Http/Middleware/TransformsRequest.php(21): Illuminate\\Pipeline\\Pipeline->Illuminate\\Pipeline\\{closure}()
#72 /home/u304230485/domains/gigfly.in/public_html/vendor/laravel/framework/src/Illuminate/Foundation/Http/Middleware/ConvertEmptyStringsToNull.php(31): Illuminate\\Foundation\\Http\\Middleware\\TransformsRequest->handle()
#73 /home/u304230485/domains/gigfly.in/public_html/vendor/laravel/framework/src/Illuminate/Pipeline/Pipeline.php(180): Illuminate\\Foundation\\Http\\Middleware\\ConvertEmptyStringsToNull->handle()
#74 /home/u304230485/domains/gigfly.in/public_html/vendor/laravel/framework/src/Illuminate/Foundation/Http/Middleware/TransformsRequest.php(21): Illuminate\\Pipeline\\Pipeline->Illuminate\\Pipeline\\{closure}()
#75 /home/u304230485/domains/gigfly.in/public_html/vendor/laravel/framework/src/Illuminate/Foundation/Http/Middleware/TrimStrings.php(40): Illuminate\\Foundation\\Http\\Middleware\\TransformsRequest->handle()
#76 /home/u304230485/domains/gigfly.in/public_html/vendor/laravel/framework/src/Illuminate/Pipeline/Pipeline.php(180): Illuminate\\Foundation\\Http\\Middleware\\TrimStrings->handle()
#77 /home/u304230485/domains/gigfly.in/public_html/vendor/laravel/framework/src/Illuminate/Foundation/Http/Middleware/ValidatePostSize.php(27): Illuminate\\Pipeline\\Pipeline->Illuminate\\Pipeline\\{closure}()
#78 /home/u304230485/domains/gigfly.in/public_html/vendor/laravel/framework/src/Illuminate/Pipeline/Pipeline.php(180): Illuminate\\Foundation\\Http\\Middleware\\ValidatePostSize->handle()
#79 /home/u304230485/domains/gigfly.in/public_html/vendor/laravel/framework/src/Illuminate/Foundation/Http/Middleware/PreventRequestsDuringMaintenance.php(86): Illuminate\\Pipeline\\Pipeline->Illuminate\\Pipeline\\{closure}()
#80 /home/u304230485/domains/gigfly.in/public_html/vendor/laravel/framework/src/Illuminate/Pipeline/Pipeline.php(180): Illuminate\\Foundation\\Http\\Middleware\\PreventRequestsDuringMaintenance->handle()
#81 /home/u304230485/domains/gigfly.in/public_html/vendor/laravel/framework/src/Illuminate/Http/Middleware/HandleCors.php(49): Illuminate\\Pipeline\\Pipeline->Illuminate\\Pipeline\\{closure}()
#82 /home/u304230485/domains/gigfly.in/public_html/vendor/laravel/framework/src/Illuminate/Pipeline/Pipeline.php(180): Illuminate\\Http\\Middleware\\HandleCors->handle()
#83 /home/u304230485/domains/gigfly.in/public_html/vendor/laravel/framework/src/Illuminate/Http/Middleware/TrustProxies.php(39): Illuminate\\Pipeline\\Pipeline->Illuminate\\Pipeline\\{closure}()
#84 /home/u304230485/domains/gigfly.in/public_html/vendor/laravel/framework/src/Illuminate/Pipeline/Pipeline.php(180): Illuminate\\Http\\Middleware\\TrustProxies->handle()
#85 /home/u304230485/domains/gigfly.in/public_html/vendor/laravel/framework/src/Illuminate/Pipeline/Pipeline.php(116): Illuminate\\Pipeline\\Pipeline->Illuminate\\Pipeline\\{closure}()
#86 /home/u304230485/domains/gigfly.in/public_html/vendor/laravel/framework/src/Illuminate/Foundation/Http/Kernel.php(175): Illuminate\\Pipeline\\Pipeline->then()
#87 /home/u304230485/domains/gigfly.in/public_html/vendor/laravel/framework/src/Illuminate/Foundation/Http/Kernel.php(144): Illuminate\\Foundation\\Http\\Kernel->sendRequestThroughRouter()
#88 /home/u304230485/domains/gigfly.in/public_html/index.php(53): Illuminate\\Foundation\\Http\\Kernel->handle()
#89 {main}
"} 
