[2024-04-23 10:45:43] production.ERROR: syntax error, unexpected token "return" {"exception":"[object] (ParseError(code: 0): syntax error, unexpected token \"return\" at /home/u344139974/domains/gigfly.in/public_html/app/Livewire/Main/Checkout/CheckoutComponent.php:819)
[stacktrace]
#0 /home/u344139974/domains/gigfly.in/public_html/vendor/composer/ClassLoader.php(427): Composer\\Autoload\\{closure}()
#1 [internal function]: Composer\\Autoload\\ClassLoader->loadClass()
#2 /home/u344139974/domains/gigfly.in/public_html/vendor/laravel/framework/src/Illuminate/Routing/RouteAction.php(91): method_exists()
#3 /home/u344139974/domains/gigfly.in/public_html/vendor/laravel/framework/src/Illuminate/Routing/RouteAction.php(47): Illuminate\\Routing\\RouteAction::makeInvokable()
#4 /home/u344139974/domains/gigfly.in/public_html/vendor/laravel/framework/src/Illuminate/Routing/Route.php(191): Illuminate\\Routing\\RouteAction::parse()
#5 /home/u344139974/domains/gigfly.in/public_html/vendor/laravel/framework/src/Illuminate/Routing/Route.php(172): Illuminate\\Routing\\Route->parseAction()
#6 /home/u344139974/domains/gigfly.in/public_html/vendor/laravel/framework/src/Illuminate/Routing/Router.php(669): Illuminate\\Routing\\Route->__construct()
#7 /home/u344139974/domains/gigfly.in/public_html/vendor/laravel/framework/src/Illuminate/Routing/Router.php(561): Illuminate\\Routing\\Router->newRoute()
#8 /home/u344139974/domains/gigfly.in/public_html/vendor/laravel/framework/src/Illuminate/Routing/Router.php(541): Illuminate\\Routing\\Router->createRoute()
#9 /home/u344139974/domains/gigfly.in/public_html/vendor/laravel/framework/src/Illuminate/Routing/Router.php(159): Illuminate\\Routing\\Router->addRoute()
#10 /home/u344139974/domains/gigfly.in/public_html/vendor/laravel/framework/src/Illuminate/Support/Facades/Facade.php(355): Illuminate\\Routing\\Router->get()
#11 /home/u344139974/domains/gigfly.in/public_html/routes/web.php(154): Illuminate\\Support\\Facades\\Facade::__callStatic()
#12 /home/u344139974/domains/gigfly.in/public_html/vendor/laravel/framework/src/Illuminate/Routing/Router.php(509): Illuminate\\Routing\\RouteFileRegistrar->{closure}()
#13 /home/u344139974/domains/gigfly.in/public_html/vendor/laravel/framework/src/Illuminate/Routing/Router.php(465): Illuminate\\Routing\\Router->loadRoutes()
#14 /home/u344139974/domains/gigfly.in/public_html/vendor/laravel/framework/src/Illuminate/Routing/RouteRegistrar.php(194): Illuminate\\Routing\\Router->group()
#15 /home/u344139974/domains/gigfly.in/public_html/routes/web.php(151): Illuminate\\Routing\\RouteRegistrar->group()
#16 /home/u344139974/domains/gigfly.in/public_html/vendor/laravel/framework/src/Illuminate/Routing/Router.php(509): Illuminate\\Routing\\RouteFileRegistrar->{closure}()
#17 /home/u344139974/domains/gigfly.in/public_html/vendor/laravel/framework/src/Illuminate/Routing/Router.php(465): Illuminate\\Routing\\Router->loadRoutes()
#18 /home/u344139974/domains/gigfly.in/public_html/vendor/laravel/framework/src/Illuminate/Routing/RouteRegistrar.php(194): Illuminate\\Routing\\Router->group()
#19 /home/u344139974/domains/gigfly.in/public_html/routes/web.php(51): Illuminate\\Routing\\RouteRegistrar->group()
#20 /home/u344139974/domains/gigfly.in/public_html/vendor/laravel/framework/src/Illuminate/Routing/RouteFileRegistrar.php(35): require('/home/u34413997...')
#21 /home/u344139974/domains/gigfly.in/public_html/vendor/laravel/framework/src/Illuminate/Routing/Router.php(511): Illuminate\\Routing\\RouteFileRegistrar->register()
#22 /home/u344139974/domains/gigfly.in/public_html/vendor/laravel/framework/src/Illuminate/Routing/Router.php(465): Illuminate\\Routing\\Router->loadRoutes()
#23 /home/u344139974/domains/gigfly.in/public_html/vendor/laravel/framework/src/Illuminate/Routing/RouteRegistrar.php(194): Illuminate\\Routing\\Router->group()
#24 /home/u344139974/domains/gigfly.in/public_html/app/Providers/RouteServiceProvider.php(37): Illuminate\\Routing\\RouteRegistrar->group()
#25 /home/u344139974/domains/gigfly.in/public_html/vendor/laravel/framework/src/Illuminate/Container/BoundMethod.php(36): App\\Providers\\RouteServiceProvider->App\\Providers\\{closure}()
#26 /home/u344139974/domains/gigfly.in/public_html/vendor/laravel/framework/src/Illuminate/Container/Util.php(41): Illuminate\\Container\\BoundMethod::Illuminate\\Container\\{closure}()
#27 /home/u344139974/domains/gigfly.in/public_html/vendor/laravel/framework/src/Illuminate/Container/BoundMethod.php(81): Illuminate\\Container\\Util::unwrapIfClosure()
#28 /home/u344139974/domains/gigfly.in/public_html/vendor/laravel/framework/src/Illuminate/Container/BoundMethod.php(35): Illuminate\\Container\\BoundMethod::callBoundMethod()
#29 /home/u344139974/domains/gigfly.in/public_html/vendor/laravel/framework/src/Illuminate/Container/Container.php(662): Illuminate\\Container\\BoundMethod::call()
#30 /home/u344139974/domains/gigfly.in/public_html/vendor/laravel/framework/src/Illuminate/Foundation/Support/Providers/RouteServiceProvider.php(120): Illuminate\\Container\\Container->call()
#31 /home/u344139974/domains/gigfly.in/public_html/vendor/laravel/framework/src/Illuminate/Foundation/Support/Providers/RouteServiceProvider.php(45): Illuminate\\Foundation\\Support\\Providers\\RouteServiceProvider->loadRoutes()
#32 /home/u344139974/domains/gigfly.in/public_html/vendor/laravel/framework/src/Illuminate/Container/BoundMethod.php(36): Illuminate\\Foundation\\Support\\Providers\\RouteServiceProvider->Illuminate\\Foundation\\Support\\Providers\\{closure}()
#33 /home/u344139974/domains/gigfly.in/public_html/vendor/laravel/framework/src/Illuminate/Container/Util.php(41): Illuminate\\Container\\BoundMethod::Illuminate\\Container\\{closure}()
#34 /home/u344139974/domains/gigfly.in/public_html/vendor/laravel/framework/src/Illuminate/Container/BoundMethod.php(81): Illuminate\\Container\\Util::unwrapIfClosure()
#35 /home/u344139974/domains/gigfly.in/public_html/vendor/laravel/framework/src/Illuminate/Container/BoundMethod.php(35): Illuminate\\Container\\BoundMethod::callBoundMethod()
#36 /home/u344139974/domains/gigfly.in/public_html/vendor/laravel/framework/src/Illuminate/Container/Container.php(662): Illuminate\\Container\\BoundMethod::call()
#37 /home/u344139974/domains/gigfly.in/public_html/vendor/laravel/framework/src/Illuminate/Support/ServiceProvider.php(119): Illuminate\\Container\\Container->call()
#38 /home/u344139974/domains/gigfly.in/public_html/vendor/laravel/framework/src/Illuminate/Foundation/Application.php(1031): Illuminate\\Support\\ServiceProvider->callBootedCallbacks()
#39 /home/u344139974/domains/gigfly.in/public_html/vendor/laravel/framework/src/Illuminate/Foundation/Application.php(1009): Illuminate\\Foundation\\Application->bootProvider()
#40 [internal function]: Illuminate\\Foundation\\Application->Illuminate\\Foundation\\{closure}()
#41 /home/u344139974/domains/gigfly.in/public_html/vendor/laravel/framework/src/Illuminate/Foundation/Application.php(1008): array_walk()
#42 /home/u344139974/domains/gigfly.in/public_html/vendor/laravel/framework/src/Illuminate/Foundation/Bootstrap/BootProviders.php(17): Illuminate\\Foundation\\Application->boot()
#43 /home/u344139974/domains/gigfly.in/public_html/vendor/laravel/framework/src/Illuminate/Foundation/Application.php(261): Illuminate\\Foundation\\Bootstrap\\BootProviders->bootstrap()
#44 /home/u344139974/domains/gigfly.in/public_html/vendor/laravel/framework/src/Illuminate/Foundation/Http/Kernel.php(186): Illuminate\\Foundation\\Application->bootstrapWith()
#45 /home/u344139974/domains/gigfly.in/public_html/vendor/laravel/framework/src/Illuminate/Foundation/Http/Kernel.php(170): Illuminate\\Foundation\\Http\\Kernel->bootstrap()
#46 /home/u344139974/domains/gigfly.in/public_html/vendor/laravel/framework/src/Illuminate/Foundation/Http/Kernel.php(144): Illuminate\\Foundation\\Http\\Kernel->sendRequestThroughRouter()
#47 /home/u344139974/domains/gigfly.in/public_html/index.php(52): Illuminate\\Foundation\\Http\\Kernel->handle()
#48 {main}
"} 
[2024-04-23 10:45:43] production.ERROR: Route [wireui.assets.scripts] not defined. {"exception":"[object] (Symfony\\Component\\Routing\\Exception\\RouteNotFoundException(code: 0): Route [wireui.assets.scripts] not defined. at /home/u344139974/domains/gigfly.in/public_html/vendor/laravel/framework/src/Illuminate/Routing/UrlGenerator.php:479)
[stacktrace]
#0 /home/u344139974/domains/gigfly.in/public_html/vendor/laravel/framework/src/Illuminate/Foundation/helpers.php(811): Illuminate\\Routing\\UrlGenerator->route()
#1 /home/u344139974/domains/gigfly.in/public_html/vendor/wireui/wireui/src/Support/BladeDirectives.php(13): route()
#2 /home/u344139974/domains/gigfly.in/public_html/vendor/laravel/framework/src/Illuminate/Support/Facades/Facade.php(355): WireUi\\Support\\BladeDirectives->scripts()
#3 /home/u344139974/domains/gigfly.in/public_html/vendor/wireui/wireui/src/Support/WireUiTagCompiler.php(23): Illuminate\\Support\\Facades\\Facade::__callStatic()
#4 [internal function]: WireUi\\Support\\WireUiTagCompiler->WireUi\\Support\\{closure}()
#5 /home/u344139974/domains/gigfly.in/public_html/vendor/wireui/wireui/src/Support/WireUiTagCompiler.php(19): preg_replace_callback()
#6 /home/u344139974/domains/gigfly.in/public_html/vendor/wireui/wireui/src/Support/WireUiTagCompiler.php(12): WireUi\\Support\\WireUiTagCompiler->compileWireUiSelfClosingTags()
#7 /home/u344139974/domains/gigfly.in/public_html/vendor/wireui/wireui/src/Providers/WireUiServiceProvider.php(38): WireUi\\Support\\WireUiTagCompiler->compile()
#8 /home/u344139974/domains/gigfly.in/public_html/vendor/laravel/framework/src/Illuminate/View/Compilers/BladeCompiler.php(274): WireUi\\Providers\\WireUiServiceProvider::WireUi\\Providers\\{closure}()
#9 /home/u344139974/domains/gigfly.in/public_html/vendor/spatie/laravel-ignition/src/Views/BladeSourceMapCompiler.php(33): Illuminate\\View\\Compilers\\BladeCompiler->compileString()
#10 /home/u344139974/domains/gigfly.in/public_html/vendor/spatie/laravel-ignition/src/Views/BladeSourceMapCompiler.php(19): Spatie\\LaravelIgnition\\Views\\BladeSourceMapCompiler->compileSourcemap()
#11 /home/u344139974/domains/gigfly.in/public_html/vendor/spatie/laravel-ignition/src/Views/ViewExceptionMapper.php(149): Spatie\\LaravelIgnition\\Views\\BladeSourceMapCompiler->detectLineNumber()
#12 /home/u344139974/domains/gigfly.in/public_html/vendor/spatie/laravel-ignition/src/Views/ViewExceptionMapper.php(87): Spatie\\LaravelIgnition\\Views\\ViewExceptionMapper->getBladeLineNumber()
#13 [internal function]: Spatie\\LaravelIgnition\\Views\\ViewExceptionMapper->Spatie\\LaravelIgnition\\Views\\{closure}()
#14 /home/u344139974/domains/gigfly.in/public_html/vendor/laravel/framework/src/Illuminate/Collections/Arr.php(560): array_map()
#15 /home/u344139974/domains/gigfly.in/public_html/vendor/laravel/framework/src/Illuminate/Collections/Collection.php(777): Illuminate\\Support\\Arr::map()
#16 /home/u344139974/domains/gigfly.in/public_html/vendor/spatie/laravel-ignition/src/Views/ViewExceptionMapper.php(84): Illuminate\\Support\\Collection->map()
#17 /home/u344139974/domains/gigfly.in/public_html/vendor/spatie/laravel-ignition/src/Views/ViewExceptionMapper.php(53): Spatie\\LaravelIgnition\\Views\\ViewExceptionMapper->modifyViewsInTrace()
#18 /home/u344139974/domains/gigfly.in/public_html/vendor/spatie/laravel-ignition/src/IgnitionServiceProvider.php(208): Spatie\\LaravelIgnition\\Views\\ViewExceptionMapper->map()
#19 /home/u344139974/domains/gigfly.in/public_html/vendor/laravel/framework/src/Illuminate/Foundation/Exceptions/Handler.php(514): Spatie\\LaravelIgnition\\IgnitionServiceProvider->Spatie\\LaravelIgnition\\{closure}()
#20 /home/u344139974/domains/gigfly.in/public_html/vendor/laravel/framework/src/Illuminate/Foundation/Exceptions/Handler.php(272): Illuminate\\Foundation\\Exceptions\\Handler->mapException()
#21 /home/u344139974/domains/gigfly.in/public_html/vendor/laravel/framework/src/Illuminate/Foundation/Exceptions/Handler.php(730): Illuminate\\Foundation\\Exceptions\\Handler->report()
#22 /home/u344139974/domains/gigfly.in/public_html/vendor/laravel/framework/src/Illuminate/Foundation/Exceptions/Handler.php(650): Illuminate\\Foundation\\Exceptions\\Handler->renderHttpException()
#23 /home/u344139974/domains/gigfly.in/public_html/vendor/laravel/framework/src/Illuminate/Foundation/Exceptions/Handler.php(556): Illuminate\\Foundation\\Exceptions\\Handler->prepareResponse()
#24 /home/u344139974/domains/gigfly.in/public_html/vendor/laravel/framework/src/Illuminate/Foundation/Exceptions/Handler.php(473): Illuminate\\Foundation\\Exceptions\\Handler->renderExceptionResponse()
#25 /home/u344139974/domains/gigfly.in/public_html/vendor/laravel/framework/src/Illuminate/Foundation/Http/Kernel.php(509): Illuminate\\Foundation\\Exceptions\\Handler->render()
#26 /home/u344139974/domains/gigfly.in/public_html/vendor/laravel/framework/src/Illuminate/Foundation/Http/Kernel.php(148): Illuminate\\Foundation\\Http\\Kernel->renderException()
#27 /home/u344139974/domains/gigfly.in/public_html/index.php(52): Illuminate\\Foundation\\Http\\Kernel->handle()
#28 {main}
"} 
[2024-04-23 10:45:43] production.ERROR: Route [livewire.update] not defined. {"view":{"view":"/home/u344139974/domains/gigfly.in/public_html/resources/views/errors/500.blade.php","data":[]},"exception":"[object] (Spatie\\LaravelIgnition\\Exceptions\\ViewException(code: 0): Route [livewire.update] not defined. at /home/u344139974/domains/gigfly.in/public_html/vendor/laravel/framework/src/Illuminate/Routing/UrlGenerator.php:479)
[stacktrace]
#0 /home/u344139974/domains/gigfly.in/public_html/vendor/laravel/framework/src/Illuminate/Foundation/helpers.php(811): Illuminate\\Routing\\UrlGenerator->route()
#1 /home/u344139974/domains/gigfly.in/public_html/vendor/livewire/livewire/src/Mechanisms/HandleRequests/HandleRequests.php(27): route()
#2 /home/u344139974/domains/gigfly.in/public_html/vendor/livewire/livewire/src/LivewireManager.php(128): Livewire\\Mechanisms\\HandleRequests\\HandleRequests->getUpdateUri()
#3 /home/u344139974/domains/gigfly.in/public_html/vendor/livewire/livewire/src/Mechanisms/FrontendAssets/FrontendAssets.php(183): Livewire\\LivewireManager->getUpdateUri()
#4 /home/u344139974/domains/gigfly.in/public_html/resources/views/errors/500.blade.php(94): Livewire\\Mechanisms\\FrontendAssets\\FrontendAssets::scriptConfig()
#5 /home/u344139974/domains/gigfly.in/public_html/vendor/laravel/framework/src/Illuminate/Filesystem/Filesystem.php(124): require('/home/u34413997...')
#6 /home/u344139974/domains/gigfly.in/public_html/vendor/laravel/framework/src/Illuminate/Filesystem/Filesystem.php(125): Illuminate\\Filesystem\\Filesystem::Illuminate\\Filesystem\\{closure}()
#7 /home/u344139974/domains/gigfly.in/public_html/vendor/laravel/framework/src/Illuminate/View/Engines/PhpEngine.php(58): Illuminate\\Filesystem\\Filesystem->getRequire()
#8 /home/u344139974/domains/gigfly.in/public_html/vendor/livewire/livewire/src/Mechanisms/ExtendBlade/ExtendedCompilerEngine.php(22): Illuminate\\View\\Engines\\PhpEngine->evaluatePath()
#9 /home/u344139974/domains/gigfly.in/public_html/vendor/laravel/framework/src/Illuminate/View/Engines/CompilerEngine.php(72): Livewire\\Mechanisms\\ExtendBlade\\ExtendedCompilerEngine->evaluatePath()
#10 /home/u344139974/domains/gigfly.in/public_html/vendor/livewire/livewire/src/Mechanisms/ExtendBlade/ExtendedCompilerEngine.php(10): Illuminate\\View\\Engines\\CompilerEngine->get()
#11 /home/u344139974/domains/gigfly.in/public_html/vendor/laravel/framework/src/Illuminate/View/View.php(207): Livewire\\Mechanisms\\ExtendBlade\\ExtendedCompilerEngine->get()
#12 /home/u344139974/domains/gigfly.in/public_html/vendor/laravel/framework/src/Illuminate/View/View.php(190): Illuminate\\View\\View->getContents()
#13 /home/u344139974/domains/gigfly.in/public_html/vendor/laravel/framework/src/Illuminate/View/View.php(159): Illuminate\\View\\View->renderContents()
#14 /home/u344139974/domains/gigfly.in/public_html/vendor/laravel/framework/src/Illuminate/Http/Response.php(69): Illuminate\\View\\View->render()
#15 /home/u344139974/domains/gigfly.in/public_html/vendor/laravel/framework/src/Illuminate/Http/Response.php(35): Illuminate\\Http\\Response->setContent()
#16 /home/u344139974/domains/gigfly.in/public_html/vendor/laravel/framework/src/Illuminate/Routing/ResponseFactory.php(57): Illuminate\\Http\\Response->__construct()
#17 /home/u344139974/domains/gigfly.in/public_html/vendor/laravel/framework/src/Illuminate/Routing/ResponseFactory.php(87): Illuminate\\Routing\\ResponseFactory->make()
#18 /home/u344139974/domains/gigfly.in/public_html/vendor/laravel/framework/src/Illuminate/Foundation/Exceptions/Handler.php(723): Illuminate\\Routing\\ResponseFactory->view()
#19 /home/u344139974/domains/gigfly.in/public_html/vendor/laravel/framework/src/Illuminate/Foundation/Exceptions/Handler.php(650): Illuminate\\Foundation\\Exceptions\\Handler->renderHttpException()
#20 /home/u344139974/domains/gigfly.in/public_html/vendor/laravel/framework/src/Illuminate/Foundation/Exceptions/Handler.php(556): Illuminate\\Foundation\\Exceptions\\Handler->prepareResponse()
#21 /home/u344139974/domains/gigfly.in/public_html/vendor/laravel/framework/src/Illuminate/Foundation/Exceptions/Handler.php(473): Illuminate\\Foundation\\Exceptions\\Handler->renderExceptionResponse()
#22 /home/u344139974/domains/gigfly.in/public_html/vendor/laravel/framework/src/Illuminate/Foundation/Http/Kernel.php(509): Illuminate\\Foundation\\Exceptions\\Handler->render()
#23 /home/u344139974/domains/gigfly.in/public_html/vendor/laravel/framework/src/Illuminate/Foundation/Http/Kernel.php(148): Illuminate\\Foundation\\Http\\Kernel->renderException()
#24 /home/u344139974/domains/gigfly.in/public_html/index.php(52): Illuminate\\Foundation\\Http\\Kernel->handle()
#25 {main}

[previous exception] [object] (Symfony\\Component\\Routing\\Exception\\RouteNotFoundException(code: 0): Route [livewire.update] not defined. at /home/u344139974/domains/gigfly.in/public_html/vendor/laravel/framework/src/Illuminate/Routing/UrlGenerator.php:479)
[stacktrace]
#0 /home/u344139974/domains/gigfly.in/public_html/vendor/laravel/framework/src/Illuminate/Foundation/helpers.php(811): Illuminate\\Routing\\UrlGenerator->route()
#1 /home/u344139974/domains/gigfly.in/public_html/vendor/livewire/livewire/src/Mechanisms/HandleRequests/HandleRequests.php(27): route()
#2 /home/u344139974/domains/gigfly.in/public_html/vendor/livewire/livewire/src/LivewireManager.php(128): Livewire\\Mechanisms\\HandleRequests\\HandleRequests->getUpdateUri()
#3 /home/u344139974/domains/gigfly.in/public_html/vendor/livewire/livewire/src/Mechanisms/FrontendAssets/FrontendAssets.php(183): Livewire\\LivewireManager->getUpdateUri()
#4 /home/u344139974/domains/gigfly.in/public_html/storage/framework/views/fd087e9cc7435b2c73dbed04cdfe307b.php(95): Livewire\\Mechanisms\\FrontendAssets\\FrontendAssets::scriptConfig()
#5 /home/u344139974/domains/gigfly.in/public_html/vendor/laravel/framework/src/Illuminate/Filesystem/Filesystem.php(124): require('/home/u34413997...')
#6 /home/u344139974/domains/gigfly.in/public_html/vendor/laravel/framework/src/Illuminate/Filesystem/Filesystem.php(125): Illuminate\\Filesystem\\Filesystem::Illuminate\\Filesystem\\{closure}()
#7 /home/u344139974/domains/gigfly.in/public_html/vendor/laravel/framework/src/Illuminate/View/Engines/PhpEngine.php(58): Illuminate\\Filesystem\\Filesystem->getRequire()
#8 /home/u344139974/domains/gigfly.in/public_html/vendor/livewire/livewire/src/Mechanisms/ExtendBlade/ExtendedCompilerEngine.php(22): Illuminate\\View\\Engines\\PhpEngine->evaluatePath()
#9 /home/u344139974/domains/gigfly.in/public_html/vendor/laravel/framework/src/Illuminate/View/Engines/CompilerEngine.php(72): Livewire\\Mechanisms\\ExtendBlade\\ExtendedCompilerEngine->evaluatePath()
#10 /home/u344139974/domains/gigfly.in/public_html/vendor/livewire/livewire/src/Mechanisms/ExtendBlade/ExtendedCompilerEngine.php(10): Illuminate\\View\\Engines\\CompilerEngine->get()
#11 /home/u344139974/domains/gigfly.in/public_html/vendor/laravel/framework/src/Illuminate/View/View.php(207): Livewire\\Mechanisms\\ExtendBlade\\ExtendedCompilerEngine->get()
#12 /home/u344139974/domains/gigfly.in/public_html/vendor/laravel/framework/src/Illuminate/View/View.php(190): Illuminate\\View\\View->getContents()
#13 /home/u344139974/domains/gigfly.in/public_html/vendor/laravel/framework/src/Illuminate/View/View.php(159): Illuminate\\View\\View->renderContents()
#14 /home/u344139974/domains/gigfly.in/public_html/vendor/laravel/framework/src/Illuminate/Http/Response.php(69): Illuminate\\View\\View->render()
#15 /home/u344139974/domains/gigfly.in/public_html/vendor/laravel/framework/src/Illuminate/Http/Response.php(35): Illuminate\\Http\\Response->setContent()
#16 /home/u344139974/domains/gigfly.in/public_html/vendor/laravel/framework/src/Illuminate/Routing/ResponseFactory.php(57): Illuminate\\Http\\Response->__construct()
#17 /home/u344139974/domains/gigfly.in/public_html/vendor/laravel/framework/src/Illuminate/Routing/ResponseFactory.php(87): Illuminate\\Routing\\ResponseFactory->make()
#18 /home/u344139974/domains/gigfly.in/public_html/vendor/laravel/framework/src/Illuminate/Foundation/Exceptions/Handler.php(723): Illuminate\\Routing\\ResponseFactory->view()
#19 /home/u344139974/domains/gigfly.in/public_html/vendor/laravel/framework/src/Illuminate/Foundation/Exceptions/Handler.php(650): Illuminate\\Foundation\\Exceptions\\Handler->renderHttpException()
#20 /home/u344139974/domains/gigfly.in/public_html/vendor/laravel/framework/src/Illuminate/Foundation/Exceptions/Handler.php(556): Illuminate\\Foundation\\Exceptions\\Handler->prepareResponse()
#21 /home/u344139974/domains/gigfly.in/public_html/vendor/laravel/framework/src/Illuminate/Foundation/Exceptions/Handler.php(473): Illuminate\\Foundation\\Exceptions\\Handler->renderExceptionResponse()
#22 /home/u344139974/domains/gigfly.in/public_html/vendor/laravel/framework/src/Illuminate/Foundation/Http/Kernel.php(509): Illuminate\\Foundation\\Exceptions\\Handler->render()
#23 /home/u344139974/domains/gigfly.in/public_html/vendor/laravel/framework/src/Illuminate/Foundation/Http/Kernel.php(148): Illuminate\\Foundation\\Http\\Kernel->renderException()
#24 /home/u344139974/domains/gigfly.in/public_html/index.php(52): Illuminate\\Foundation\\Http\\Kernel->handle()
#25 {main}
"} 
[2024-04-23 10:45:48] production.ERROR: syntax error, unexpected token "return" {"exception":"[object] (ParseError(code: 0): syntax error, unexpected token \"return\" at /home/u344139974/domains/gigfly.in/public_html/app/Livewire/Main/Checkout/CheckoutComponent.php:819)
[stacktrace]
#0 /home/u344139974/domains/gigfly.in/public_html/vendor/composer/ClassLoader.php(427): Composer\\Autoload\\{closure}()
#1 [internal function]: Composer\\Autoload\\ClassLoader->loadClass()
#2 /home/u344139974/domains/gigfly.in/public_html/vendor/laravel/framework/src/Illuminate/Routing/RouteAction.php(91): method_exists()
#3 /home/u344139974/domains/gigfly.in/public_html/vendor/laravel/framework/src/Illuminate/Routing/RouteAction.php(47): Illuminate\\Routing\\RouteAction::makeInvokable()
#4 /home/u344139974/domains/gigfly.in/public_html/vendor/laravel/framework/src/Illuminate/Routing/Route.php(191): Illuminate\\Routing\\RouteAction::parse()
#5 /home/u344139974/domains/gigfly.in/public_html/vendor/laravel/framework/src/Illuminate/Routing/Route.php(172): Illuminate\\Routing\\Route->parseAction()
#6 /home/u344139974/domains/gigfly.in/public_html/vendor/laravel/framework/src/Illuminate/Routing/Router.php(669): Illuminate\\Routing\\Route->__construct()
#7 /home/u344139974/domains/gigfly.in/public_html/vendor/laravel/framework/src/Illuminate/Routing/Router.php(561): Illuminate\\Routing\\Router->newRoute()
#8 /home/u344139974/domains/gigfly.in/public_html/vendor/laravel/framework/src/Illuminate/Routing/Router.php(541): Illuminate\\Routing\\Router->createRoute()
#9 /home/u344139974/domains/gigfly.in/public_html/vendor/laravel/framework/src/Illuminate/Routing/Router.php(159): Illuminate\\Routing\\Router->addRoute()
#10 /home/u344139974/domains/gigfly.in/public_html/vendor/laravel/framework/src/Illuminate/Support/Facades/Facade.php(355): Illuminate\\Routing\\Router->get()
#11 /home/u344139974/domains/gigfly.in/public_html/routes/web.php(154): Illuminate\\Support\\Facades\\Facade::__callStatic()
#12 /home/u344139974/domains/gigfly.in/public_html/vendor/laravel/framework/src/Illuminate/Routing/Router.php(509): Illuminate\\Routing\\RouteFileRegistrar->{closure}()
#13 /home/u344139974/domains/gigfly.in/public_html/vendor/laravel/framework/src/Illuminate/Routing/Router.php(465): Illuminate\\Routing\\Router->loadRoutes()
#14 /home/u344139974/domains/gigfly.in/public_html/vendor/laravel/framework/src/Illuminate/Routing/RouteRegistrar.php(194): Illuminate\\Routing\\Router->group()
#15 /home/u344139974/domains/gigfly.in/public_html/routes/web.php(151): Illuminate\\Routing\\RouteRegistrar->group()
#16 /home/u344139974/domains/gigfly.in/public_html/vendor/laravel/framework/src/Illuminate/Routing/Router.php(509): Illuminate\\Routing\\RouteFileRegistrar->{closure}()
#17 /home/u344139974/domains/gigfly.in/public_html/vendor/laravel/framework/src/Illuminate/Routing/Router.php(465): Illuminate\\Routing\\Router->loadRoutes()
#18 /home/u344139974/domains/gigfly.in/public_html/vendor/laravel/framework/src/Illuminate/Routing/RouteRegistrar.php(194): Illuminate\\Routing\\Router->group()
#19 /home/u344139974/domains/gigfly.in/public_html/routes/web.php(51): Illuminate\\Routing\\RouteRegistrar->group()
#20 /home/u344139974/domains/gigfly.in/public_html/vendor/laravel/framework/src/Illuminate/Routing/RouteFileRegistrar.php(35): require('/home/u34413997...')
#21 /home/u344139974/domains/gigfly.in/public_html/vendor/laravel/framework/src/Illuminate/Routing/Router.php(511): Illuminate\\Routing\\RouteFileRegistrar->register()
#22 /home/u344139974/domains/gigfly.in/public_html/vendor/laravel/framework/src/Illuminate/Routing/Router.php(465): Illuminate\\Routing\\Router->loadRoutes()
#23 /home/u344139974/domains/gigfly.in/public_html/vendor/laravel/framework/src/Illuminate/Routing/RouteRegistrar.php(194): Illuminate\\Routing\\Router->group()
#24 /home/u344139974/domains/gigfly.in/public_html/app/Providers/RouteServiceProvider.php(37): Illuminate\\Routing\\RouteRegistrar->group()
#25 /home/u344139974/domains/gigfly.in/public_html/vendor/laravel/framework/src/Illuminate/Container/BoundMethod.php(36): App\\Providers\\RouteServiceProvider->App\\Providers\\{closure}()
#26 /home/u344139974/domains/gigfly.in/public_html/vendor/laravel/framework/src/Illuminate/Container/Util.php(41): Illuminate\\Container\\BoundMethod::Illuminate\\Container\\{closure}()
#27 /home/u344139974/domains/gigfly.in/public_html/vendor/laravel/framework/src/Illuminate/Container/BoundMethod.php(81): Illuminate\\Container\\Util::unwrapIfClosure()
#28 /home/u344139974/domains/gigfly.in/public_html/vendor/laravel/framework/src/Illuminate/Container/BoundMethod.php(35): Illuminate\\Container\\BoundMethod::callBoundMethod()
#29 /home/u344139974/domains/gigfly.in/public_html/vendor/laravel/framework/src/Illuminate/Container/Container.php(662): Illuminate\\Container\\BoundMethod::call()
#30 /home/u344139974/domains/gigfly.in/public_html/vendor/laravel/framework/src/Illuminate/Foundation/Support/Providers/RouteServiceProvider.php(120): Illuminate\\Container\\Container->call()
#31 /home/u344139974/domains/gigfly.in/public_html/vendor/laravel/framework/src/Illuminate/Foundation/Support/Providers/RouteServiceProvider.php(45): Illuminate\\Foundation\\Support\\Providers\\RouteServiceProvider->loadRoutes()
#32 /home/u344139974/domains/gigfly.in/public_html/vendor/laravel/framework/src/Illuminate/Container/BoundMethod.php(36): Illuminate\\Foundation\\Support\\Providers\\RouteServiceProvider->Illuminate\\Foundation\\Support\\Providers\\{closure}()
#33 /home/u344139974/domains/gigfly.in/public_html/vendor/laravel/framework/src/Illuminate/Container/Util.php(41): Illuminate\\Container\\BoundMethod::Illuminate\\Container\\{closure}()
#34 /home/u344139974/domains/gigfly.in/public_html/vendor/laravel/framework/src/Illuminate/Container/BoundMethod.php(81): Illuminate\\Container\\Util::unwrapIfClosure()
#35 /home/u344139974/domains/gigfly.in/public_html/vendor/laravel/framework/src/Illuminate/Container/BoundMethod.php(35): Illuminate\\Container\\BoundMethod::callBoundMethod()
#36 /home/u344139974/domains/gigfly.in/public_html/vendor/laravel/framework/src/Illuminate/Container/Container.php(662): Illuminate\\Container\\BoundMethod::call()
#37 /home/u344139974/domains/gigfly.in/public_html/vendor/laravel/framework/src/Illuminate/Support/ServiceProvider.php(119): Illuminate\\Container\\Container->call()
#38 /home/u344139974/domains/gigfly.in/public_html/vendor/laravel/framework/src/Illuminate/Foundation/Application.php(1031): Illuminate\\Support\\ServiceProvider->callBootedCallbacks()
#39 /home/u344139974/domains/gigfly.in/public_html/vendor/laravel/framework/src/Illuminate/Foundation/Application.php(1009): Illuminate\\Foundation\\Application->bootProvider()
#40 [internal function]: Illuminate\\Foundation\\Application->Illuminate\\Foundation\\{closure}()
#41 /home/u344139974/domains/gigfly.in/public_html/vendor/laravel/framework/src/Illuminate/Foundation/Application.php(1008): array_walk()
#42 /home/u344139974/domains/gigfly.in/public_html/vendor/laravel/framework/src/Illuminate/Foundation/Bootstrap/BootProviders.php(17): Illuminate\\Foundation\\Application->boot()
#43 /home/u344139974/domains/gigfly.in/public_html/vendor/laravel/framework/src/Illuminate/Foundation/Application.php(261): Illuminate\\Foundation\\Bootstrap\\BootProviders->bootstrap()
#44 /home/u344139974/domains/gigfly.in/public_html/vendor/laravel/framework/src/Illuminate/Foundation/Http/Kernel.php(186): Illuminate\\Foundation\\Application->bootstrapWith()
#45 /home/u344139974/domains/gigfly.in/public_html/vendor/laravel/framework/src/Illuminate/Foundation/Http/Kernel.php(170): Illuminate\\Foundation\\Http\\Kernel->bootstrap()
#46 /home/u344139974/domains/gigfly.in/public_html/vendor/laravel/framework/src/Illuminate/Foundation/Http/Kernel.php(144): Illuminate\\Foundation\\Http\\Kernel->sendRequestThroughRouter()
#47 /home/u344139974/domains/gigfly.in/public_html/index.php(52): Illuminate\\Foundation\\Http\\Kernel->handle()
#48 {main}
"} 
[2024-04-23 10:45:48] production.ERROR: Route [wireui.assets.scripts] not defined. {"exception":"[object] (Symfony\\Component\\Routing\\Exception\\RouteNotFoundException(code: 0): Route [wireui.assets.scripts] not defined. at /home/u344139974/domains/gigfly.in/public_html/vendor/laravel/framework/src/Illuminate/Routing/UrlGenerator.php:479)
[stacktrace]
#0 /home/u344139974/domains/gigfly.in/public_html/vendor/laravel/framework/src/Illuminate/Foundation/helpers.php(811): Illuminate\\Routing\\UrlGenerator->route()
#1 /home/u344139974/domains/gigfly.in/public_html/vendor/wireui/wireui/src/Support/BladeDirectives.php(13): route()
#2 /home/u344139974/domains/gigfly.in/public_html/vendor/laravel/framework/src/Illuminate/Support/Facades/Facade.php(355): WireUi\\Support\\BladeDirectives->scripts()
#3 /home/u344139974/domains/gigfly.in/public_html/vendor/wireui/wireui/src/Support/WireUiTagCompiler.php(23): Illuminate\\Support\\Facades\\Facade::__callStatic()
#4 [internal function]: WireUi\\Support\\WireUiTagCompiler->WireUi\\Support\\{closure}()
#5 /home/u344139974/domains/gigfly.in/public_html/vendor/wireui/wireui/src/Support/WireUiTagCompiler.php(19): preg_replace_callback()
#6 /home/u344139974/domains/gigfly.in/public_html/vendor/wireui/wireui/src/Support/WireUiTagCompiler.php(12): WireUi\\Support\\WireUiTagCompiler->compileWireUiSelfClosingTags()
#7 /home/u344139974/domains/gigfly.in/public_html/vendor/wireui/wireui/src/Providers/WireUiServiceProvider.php(38): WireUi\\Support\\WireUiTagCompiler->compile()
#8 /home/u344139974/domains/gigfly.in/public_html/vendor/laravel/framework/src/Illuminate/View/Compilers/BladeCompiler.php(274): WireUi\\Providers\\WireUiServiceProvider::WireUi\\Providers\\{closure}()
#9 /home/u344139974/domains/gigfly.in/public_html/vendor/spatie/laravel-ignition/src/Views/BladeSourceMapCompiler.php(33): Illuminate\\View\\Compilers\\BladeCompiler->compileString()
#10 /home/u344139974/domains/gigfly.in/public_html/vendor/spatie/laravel-ignition/src/Views/BladeSourceMapCompiler.php(19): Spatie\\LaravelIgnition\\Views\\BladeSourceMapCompiler->compileSourcemap()
#11 /home/u344139974/domains/gigfly.in/public_html/vendor/spatie/laravel-ignition/src/Views/ViewExceptionMapper.php(149): Spatie\\LaravelIgnition\\Views\\BladeSourceMapCompiler->detectLineNumber()
#12 /home/u344139974/domains/gigfly.in/public_html/vendor/spatie/laravel-ignition/src/Views/ViewExceptionMapper.php(87): Spatie\\LaravelIgnition\\Views\\ViewExceptionMapper->getBladeLineNumber()
#13 [internal function]: Spatie\\LaravelIgnition\\Views\\ViewExceptionMapper->Spatie\\LaravelIgnition\\Views\\{closure}()
#14 /home/u344139974/domains/gigfly.in/public_html/vendor/laravel/framework/src/Illuminate/Collections/Arr.php(560): array_map()
#15 /home/u344139974/domains/gigfly.in/public_html/vendor/laravel/framework/src/Illuminate/Collections/Collection.php(777): Illuminate\\Support\\Arr::map()
#16 /home/u344139974/domains/gigfly.in/public_html/vendor/spatie/laravel-ignition/src/Views/ViewExceptionMapper.php(84): Illuminate\\Support\\Collection->map()
#17 /home/u344139974/domains/gigfly.in/public_html/vendor/spatie/laravel-ignition/src/Views/ViewExceptionMapper.php(53): Spatie\\LaravelIgnition\\Views\\ViewExceptionMapper->modifyViewsInTrace()
#18 /home/u344139974/domains/gigfly.in/public_html/vendor/spatie/laravel-ignition/src/IgnitionServiceProvider.php(208): Spatie\\LaravelIgnition\\Views\\ViewExceptionMapper->map()
#19 /home/u344139974/domains/gigfly.in/public_html/vendor/laravel/framework/src/Illuminate/Foundation/Exceptions/Handler.php(514): Spatie\\LaravelIgnition\\IgnitionServiceProvider->Spatie\\LaravelIgnition\\{closure}()
#20 /home/u344139974/domains/gigfly.in/public_html/vendor/laravel/framework/src/Illuminate/Foundation/Exceptions/Handler.php(272): Illuminate\\Foundation\\Exceptions\\Handler->mapException()
#21 /home/u344139974/domains/gigfly.in/public_html/vendor/laravel/framework/src/Illuminate/Foundation/Exceptions/Handler.php(730): Illuminate\\Foundation\\Exceptions\\Handler->report()
#22 /home/u344139974/domains/gigfly.in/public_html/vendor/laravel/framework/src/Illuminate/Foundation/Exceptions/Handler.php(650): Illuminate\\Foundation\\Exceptions\\Handler->renderHttpException()
#23 /home/u344139974/domains/gigfly.in/public_html/vendor/laravel/framework/src/Illuminate/Foundation/Exceptions/Handler.php(556): Illuminate\\Foundation\\Exceptions\\Handler->prepareResponse()
#24 /home/u344139974/domains/gigfly.in/public_html/vendor/laravel/framework/src/Illuminate/Foundation/Exceptions/Handler.php(473): Illuminate\\Foundation\\Exceptions\\Handler->renderExceptionResponse()
#25 /home/u344139974/domains/gigfly.in/public_html/vendor/laravel/framework/src/Illuminate/Foundation/Http/Kernel.php(509): Illuminate\\Foundation\\Exceptions\\Handler->render()
#26 /home/u344139974/domains/gigfly.in/public_html/vendor/laravel/framework/src/Illuminate/Foundation/Http/Kernel.php(148): Illuminate\\Foundation\\Http\\Kernel->renderException()
#27 /home/u344139974/domains/gigfly.in/public_html/index.php(52): Illuminate\\Foundation\\Http\\Kernel->handle()
#28 {main}
"} 
[2024-04-23 10:45:48] production.ERROR: Route [livewire.update] not defined. {"view":{"view":"/home/u344139974/domains/gigfly.in/public_html/resources/views/errors/500.blade.php","data":[]},"exception":"[object] (Spatie\\LaravelIgnition\\Exceptions\\ViewException(code: 0): Route [livewire.update] not defined. at /home/u344139974/domains/gigfly.in/public_html/vendor/laravel/framework/src/Illuminate/Routing/UrlGenerator.php:479)
[stacktrace]
#0 /home/u344139974/domains/gigfly.in/public_html/vendor/laravel/framework/src/Illuminate/Foundation/helpers.php(811): Illuminate\\Routing\\UrlGenerator->route()
#1 /home/u344139974/domains/gigfly.in/public_html/vendor/livewire/livewire/src/Mechanisms/HandleRequests/HandleRequests.php(27): route()
#2 /home/u344139974/domains/gigfly.in/public_html/vendor/livewire/livewire/src/LivewireManager.php(128): Livewire\\Mechanisms\\HandleRequests\\HandleRequests->getUpdateUri()
#3 /home/u344139974/domains/gigfly.in/public_html/vendor/livewire/livewire/src/Mechanisms/FrontendAssets/FrontendAssets.php(183): Livewire\\LivewireManager->getUpdateUri()
#4 /home/u344139974/domains/gigfly.in/public_html/resources/views/errors/500.blade.php(94): Livewire\\Mechanisms\\FrontendAssets\\FrontendAssets::scriptConfig()
#5 /home/u344139974/domains/gigfly.in/public_html/vendor/laravel/framework/src/Illuminate/Filesystem/Filesystem.php(124): require('/home/u34413997...')
#6 /home/u344139974/domains/gigfly.in/public_html/vendor/laravel/framework/src/Illuminate/Filesystem/Filesystem.php(125): Illuminate\\Filesystem\\Filesystem::Illuminate\\Filesystem\\{closure}()
#7 /home/u344139974/domains/gigfly.in/public_html/vendor/laravel/framework/src/Illuminate/View/Engines/PhpEngine.php(58): Illuminate\\Filesystem\\Filesystem->getRequire()
#8 /home/u344139974/domains/gigfly.in/public_html/vendor/livewire/livewire/src/Mechanisms/ExtendBlade/ExtendedCompilerEngine.php(22): Illuminate\\View\\Engines\\PhpEngine->evaluatePath()
#9 /home/u344139974/domains/gigfly.in/public_html/vendor/laravel/framework/src/Illuminate/View/Engines/CompilerEngine.php(72): Livewire\\Mechanisms\\ExtendBlade\\ExtendedCompilerEngine->evaluatePath()
#10 /home/u344139974/domains/gigfly.in/public_html/vendor/livewire/livewire/src/Mechanisms/ExtendBlade/ExtendedCompilerEngine.php(10): Illuminate\\View\\Engines\\CompilerEngine->get()
#11 /home/u344139974/domains/gigfly.in/public_html/vendor/laravel/framework/src/Illuminate/View/View.php(207): Livewire\\Mechanisms\\ExtendBlade\\ExtendedCompilerEngine->get()
#12 /home/u344139974/domains/gigfly.in/public_html/vendor/laravel/framework/src/Illuminate/View/View.php(190): Illuminate\\View\\View->getContents()
#13 /home/u344139974/domains/gigfly.in/public_html/vendor/laravel/framework/src/Illuminate/View/View.php(159): Illuminate\\View\\View->renderContents()
#14 /home/u344139974/domains/gigfly.in/public_html/vendor/laravel/framework/src/Illuminate/Http/Response.php(69): Illuminate\\View\\View->render()
#15 /home/u344139974/domains/gigfly.in/public_html/vendor/laravel/framework/src/Illuminate/Http/Response.php(35): Illuminate\\Http\\Response->setContent()
#16 /home/u344139974/domains/gigfly.in/public_html/vendor/laravel/framework/src/Illuminate/Routing/ResponseFactory.php(57): Illuminate\\Http\\Response->__construct()
#17 /home/u344139974/domains/gigfly.in/public_html/vendor/laravel/framework/src/Illuminate/Routing/ResponseFactory.php(87): Illuminate\\Routing\\ResponseFactory->make()
#18 /home/u344139974/domains/gigfly.in/public_html/vendor/laravel/framework/src/Illuminate/Foundation/Exceptions/Handler.php(723): Illuminate\\Routing\\ResponseFactory->view()
#19 /home/u344139974/domains/gigfly.in/public_html/vendor/laravel/framework/src/Illuminate/Foundation/Exceptions/Handler.php(650): Illuminate\\Foundation\\Exceptions\\Handler->renderHttpException()
#20 /home/u344139974/domains/gigfly.in/public_html/vendor/laravel/framework/src/Illuminate/Foundation/Exceptions/Handler.php(556): Illuminate\\Foundation\\Exceptions\\Handler->prepareResponse()
#21 /home/u344139974/domains/gigfly.in/public_html/vendor/laravel/framework/src/Illuminate/Foundation/Exceptions/Handler.php(473): Illuminate\\Foundation\\Exceptions\\Handler->renderExceptionResponse()
#22 /home/u344139974/domains/gigfly.in/public_html/vendor/laravel/framework/src/Illuminate/Foundation/Http/Kernel.php(509): Illuminate\\Foundation\\Exceptions\\Handler->render()
#23 /home/u344139974/domains/gigfly.in/public_html/vendor/laravel/framework/src/Illuminate/Foundation/Http/Kernel.php(148): Illuminate\\Foundation\\Http\\Kernel->renderException()
#24 /home/u344139974/domains/gigfly.in/public_html/index.php(52): Illuminate\\Foundation\\Http\\Kernel->handle()
#25 {main}

[previous exception] [object] (Symfony\\Component\\Routing\\Exception\\RouteNotFoundException(code: 0): Route [livewire.update] not defined. at /home/u344139974/domains/gigfly.in/public_html/vendor/laravel/framework/src/Illuminate/Routing/UrlGenerator.php:479)
[stacktrace]
#0 /home/u344139974/domains/gigfly.in/public_html/vendor/laravel/framework/src/Illuminate/Foundation/helpers.php(811): Illuminate\\Routing\\UrlGenerator->route()
#1 /home/u344139974/domains/gigfly.in/public_html/vendor/livewire/livewire/src/Mechanisms/HandleRequests/HandleRequests.php(27): route()
#2 /home/u344139974/domains/gigfly.in/public_html/vendor/livewire/livewire/src/LivewireManager.php(128): Livewire\\Mechanisms\\HandleRequests\\HandleRequests->getUpdateUri()
#3 /home/u344139974/domains/gigfly.in/public_html/vendor/livewire/livewire/src/Mechanisms/FrontendAssets/FrontendAssets.php(183): Livewire\\LivewireManager->getUpdateUri()
#4 /home/u344139974/domains/gigfly.in/public_html/storage/framework/views/fd087e9cc7435b2c73dbed04cdfe307b.php(95): Livewire\\Mechanisms\\FrontendAssets\\FrontendAssets::scriptConfig()
#5 /home/u344139974/domains/gigfly.in/public_html/vendor/laravel/framework/src/Illuminate/Filesystem/Filesystem.php(124): require('/home/u34413997...')
#6 /home/u344139974/domains/gigfly.in/public_html/vendor/laravel/framework/src/Illuminate/Filesystem/Filesystem.php(125): Illuminate\\Filesystem\\Filesystem::Illuminate\\Filesystem\\{closure}()
#7 /home/u344139974/domains/gigfly.in/public_html/vendor/laravel/framework/src/Illuminate/View/Engines/PhpEngine.php(58): Illuminate\\Filesystem\\Filesystem->getRequire()
#8 /home/u344139974/domains/gigfly.in/public_html/vendor/livewire/livewire/src/Mechanisms/ExtendBlade/ExtendedCompilerEngine.php(22): Illuminate\\View\\Engines\\PhpEngine->evaluatePath()
#9 /home/u344139974/domains/gigfly.in/public_html/vendor/laravel/framework/src/Illuminate/View/Engines/CompilerEngine.php(72): Livewire\\Mechanisms\\ExtendBlade\\ExtendedCompilerEngine->evaluatePath()
#10 /home/u344139974/domains/gigfly.in/public_html/vendor/livewire/livewire/src/Mechanisms/ExtendBlade/ExtendedCompilerEngine.php(10): Illuminate\\View\\Engines\\CompilerEngine->get()
#11 /home/u344139974/domains/gigfly.in/public_html/vendor/laravel/framework/src/Illuminate/View/View.php(207): Livewire\\Mechanisms\\ExtendBlade\\ExtendedCompilerEngine->get()
#12 /home/u344139974/domains/gigfly.in/public_html/vendor/laravel/framework/src/Illuminate/View/View.php(190): Illuminate\\View\\View->getContents()
#13 /home/u344139974/domains/gigfly.in/public_html/vendor/laravel/framework/src/Illuminate/View/View.php(159): Illuminate\\View\\View->renderContents()
#14 /home/u344139974/domains/gigfly.in/public_html/vendor/laravel/framework/src/Illuminate/Http/Response.php(69): Illuminate\\View\\View->render()
#15 /home/u344139974/domains/gigfly.in/public_html/vendor/laravel/framework/src/Illuminate/Http/Response.php(35): Illuminate\\Http\\Response->setContent()
#16 /home/u344139974/domains/gigfly.in/public_html/vendor/laravel/framework/src/Illuminate/Routing/ResponseFactory.php(57): Illuminate\\Http\\Response->__construct()
#17 /home/u344139974/domains/gigfly.in/public_html/vendor/laravel/framework/src/Illuminate/Routing/ResponseFactory.php(87): Illuminate\\Routing\\ResponseFactory->make()
#18 /home/u344139974/domains/gigfly.in/public_html/vendor/laravel/framework/src/Illuminate/Foundation/Exceptions/Handler.php(723): Illuminate\\Routing\\ResponseFactory->view()
#19 /home/u344139974/domains/gigfly.in/public_html/vendor/laravel/framework/src/Illuminate/Foundation/Exceptions/Handler.php(650): Illuminate\\Foundation\\Exceptions\\Handler->renderHttpException()
#20 /home/u344139974/domains/gigfly.in/public_html/vendor/laravel/framework/src/Illuminate/Foundation/Exceptions/Handler.php(556): Illuminate\\Foundation\\Exceptions\\Handler->prepareResponse()
#21 /home/u344139974/domains/gigfly.in/public_html/vendor/laravel/framework/src/Illuminate/Foundation/Exceptions/Handler.php(473): Illuminate\\Foundation\\Exceptions\\Handler->renderExceptionResponse()
#22 /home/u344139974/domains/gigfly.in/public_html/vendor/laravel/framework/src/Illuminate/Foundation/Http/Kernel.php(509): Illuminate\\Foundation\\Exceptions\\Handler->render()
#23 /home/u344139974/domains/gigfly.in/public_html/vendor/laravel/framework/src/Illuminate/Foundation/Http/Kernel.php(148): Illuminate\\Foundation\\Http\\Kernel->renderException()
#24 /home/u344139974/domains/gigfly.in/public_html/index.php(52): Illuminate\\Foundation\\Http\\Kernel->handle()
#25 {main}
"} 
[2024-04-23 10:45:49] production.ERROR: syntax error, unexpected token "return" {"exception":"[object] (ParseError(code: 0): syntax error, unexpected token \"return\" at /home/u344139974/domains/gigfly.in/public_html/app/Livewire/Main/Checkout/CheckoutComponent.php:819)
[stacktrace]
#0 /home/u344139974/domains/gigfly.in/public_html/vendor/composer/ClassLoader.php(427): Composer\\Autoload\\{closure}()
#1 [internal function]: Composer\\Autoload\\ClassLoader->loadClass()
#2 /home/u344139974/domains/gigfly.in/public_html/vendor/laravel/framework/src/Illuminate/Routing/RouteAction.php(91): method_exists()
#3 /home/u344139974/domains/gigfly.in/public_html/vendor/laravel/framework/src/Illuminate/Routing/RouteAction.php(47): Illuminate\\Routing\\RouteAction::makeInvokable()
#4 /home/u344139974/domains/gigfly.in/public_html/vendor/laravel/framework/src/Illuminate/Routing/Route.php(191): Illuminate\\Routing\\RouteAction::parse()
#5 /home/u344139974/domains/gigfly.in/public_html/vendor/laravel/framework/src/Illuminate/Routing/Route.php(172): Illuminate\\Routing\\Route->parseAction()
#6 /home/u344139974/domains/gigfly.in/public_html/vendor/laravel/framework/src/Illuminate/Routing/Router.php(669): Illuminate\\Routing\\Route->__construct()
#7 /home/u344139974/domains/gigfly.in/public_html/vendor/laravel/framework/src/Illuminate/Routing/Router.php(561): Illuminate\\Routing\\Router->newRoute()
#8 /home/u344139974/domains/gigfly.in/public_html/vendor/laravel/framework/src/Illuminate/Routing/Router.php(541): Illuminate\\Routing\\Router->createRoute()
#9 /home/u344139974/domains/gigfly.in/public_html/vendor/laravel/framework/src/Illuminate/Routing/Router.php(159): Illuminate\\Routing\\Router->addRoute()
#10 /home/u344139974/domains/gigfly.in/public_html/vendor/laravel/framework/src/Illuminate/Support/Facades/Facade.php(355): Illuminate\\Routing\\Router->get()
#11 /home/u344139974/domains/gigfly.in/public_html/routes/web.php(154): Illuminate\\Support\\Facades\\Facade::__callStatic()
#12 /home/u344139974/domains/gigfly.in/public_html/vendor/laravel/framework/src/Illuminate/Routing/Router.php(509): Illuminate\\Routing\\RouteFileRegistrar->{closure}()
#13 /home/u344139974/domains/gigfly.in/public_html/vendor/laravel/framework/src/Illuminate/Routing/Router.php(465): Illuminate\\Routing\\Router->loadRoutes()
#14 /home/u344139974/domains/gigfly.in/public_html/vendor/laravel/framework/src/Illuminate/Routing/RouteRegistrar.php(194): Illuminate\\Routing\\Router->group()
#15 /home/u344139974/domains/gigfly.in/public_html/routes/web.php(151): Illuminate\\Routing\\RouteRegistrar->group()
#16 /home/u344139974/domains/gigfly.in/public_html/vendor/laravel/framework/src/Illuminate/Routing/Router.php(509): Illuminate\\Routing\\RouteFileRegistrar->{closure}()
#17 /home/u344139974/domains/gigfly.in/public_html/vendor/laravel/framework/src/Illuminate/Routing/Router.php(465): Illuminate\\Routing\\Router->loadRoutes()
#18 /home/u344139974/domains/gigfly.in/public_html/vendor/laravel/framework/src/Illuminate/Routing/RouteRegistrar.php(194): Illuminate\\Routing\\Router->group()
#19 /home/u344139974/domains/gigfly.in/public_html/routes/web.php(51): Illuminate\\Routing\\RouteRegistrar->group()
#20 /home/u344139974/domains/gigfly.in/public_html/vendor/laravel/framework/src/Illuminate/Routing/RouteFileRegistrar.php(35): require('/home/u34413997...')
#21 /home/u344139974/domains/gigfly.in/public_html/vendor/laravel/framework/src/Illuminate/Routing/Router.php(511): Illuminate\\Routing\\RouteFileRegistrar->register()
#22 /home/u344139974/domains/gigfly.in/public_html/vendor/laravel/framework/src/Illuminate/Routing/Router.php(465): Illuminate\\Routing\\Router->loadRoutes()
#23 /home/u344139974/domains/gigfly.in/public_html/vendor/laravel/framework/src/Illuminate/Routing/RouteRegistrar.php(194): Illuminate\\Routing\\Router->group()
#24 /home/u344139974/domains/gigfly.in/public_html/app/Providers/RouteServiceProvider.php(37): Illuminate\\Routing\\RouteRegistrar->group()
#25 /home/u344139974/domains/gigfly.in/public_html/vendor/laravel/framework/src/Illuminate/Container/BoundMethod.php(36): App\\Providers\\RouteServiceProvider->App\\Providers\\{closure}()
#26 /home/u344139974/domains/gigfly.in/public_html/vendor/laravel/framework/src/Illuminate/Container/Util.php(41): Illuminate\\Container\\BoundMethod::Illuminate\\Container\\{closure}()
#27 /home/u344139974/domains/gigfly.in/public_html/vendor/laravel/framework/src/Illuminate/Container/BoundMethod.php(81): Illuminate\\Container\\Util::unwrapIfClosure()
#28 /home/u344139974/domains/gigfly.in/public_html/vendor/laravel/framework/src/Illuminate/Container/BoundMethod.php(35): Illuminate\\Container\\BoundMethod::callBoundMethod()
#29 /home/u344139974/domains/gigfly.in/public_html/vendor/laravel/framework/src/Illuminate/Container/Container.php(662): Illuminate\\Container\\BoundMethod::call()
#30 /home/u344139974/domains/gigfly.in/public_html/vendor/laravel/framework/src/Illuminate/Foundation/Support/Providers/RouteServiceProvider.php(120): Illuminate\\Container\\Container->call()
#31 /home/u344139974/domains/gigfly.in/public_html/vendor/laravel/framework/src/Illuminate/Foundation/Support/Providers/RouteServiceProvider.php(45): Illuminate\\Foundation\\Support\\Providers\\RouteServiceProvider->loadRoutes()
#32 /home/u344139974/domains/gigfly.in/public_html/vendor/laravel/framework/src/Illuminate/Container/BoundMethod.php(36): Illuminate\\Foundation\\Support\\Providers\\RouteServiceProvider->Illuminate\\Foundation\\Support\\Providers\\{closure}()
#33 /home/u344139974/domains/gigfly.in/public_html/vendor/laravel/framework/src/Illuminate/Container/Util.php(41): Illuminate\\Container\\BoundMethod::Illuminate\\Container\\{closure}()
#34 /home/u344139974/domains/gigfly.in/public_html/vendor/laravel/framework/src/Illuminate/Container/BoundMethod.php(81): Illuminate\\Container\\Util::unwrapIfClosure()
#35 /home/u344139974/domains/gigfly.in/public_html/vendor/laravel/framework/src/Illuminate/Container/BoundMethod.php(35): Illuminate\\Container\\BoundMethod::callBoundMethod()
#36 /home/u344139974/domains/gigfly.in/public_html/vendor/laravel/framework/src/Illuminate/Container/Container.php(662): Illuminate\\Container\\BoundMethod::call()
#37 /home/u344139974/domains/gigfly.in/public_html/vendor/laravel/framework/src/Illuminate/Support/ServiceProvider.php(119): Illuminate\\Container\\Container->call()
#38 /home/u344139974/domains/gigfly.in/public_html/vendor/laravel/framework/src/Illuminate/Foundation/Application.php(1031): Illuminate\\Support\\ServiceProvider->callBootedCallbacks()
#39 /home/u344139974/domains/gigfly.in/public_html/vendor/laravel/framework/src/Illuminate/Foundation/Application.php(1009): Illuminate\\Foundation\\Application->bootProvider()
#40 [internal function]: Illuminate\\Foundation\\Application->Illuminate\\Foundation\\{closure}()
#41 /home/u344139974/domains/gigfly.in/public_html/vendor/laravel/framework/src/Illuminate/Foundation/Application.php(1008): array_walk()
#42 /home/u344139974/domains/gigfly.in/public_html/vendor/laravel/framework/src/Illuminate/Foundation/Bootstrap/BootProviders.php(17): Illuminate\\Foundation\\Application->boot()
#43 /home/u344139974/domains/gigfly.in/public_html/vendor/laravel/framework/src/Illuminate/Foundation/Application.php(261): Illuminate\\Foundation\\Bootstrap\\BootProviders->bootstrap()
#44 /home/u344139974/domains/gigfly.in/public_html/vendor/laravel/framework/src/Illuminate/Foundation/Http/Kernel.php(186): Illuminate\\Foundation\\Application->bootstrapWith()
#45 /home/u344139974/domains/gigfly.in/public_html/vendor/laravel/framework/src/Illuminate/Foundation/Http/Kernel.php(170): Illuminate\\Foundation\\Http\\Kernel->bootstrap()
#46 /home/u344139974/domains/gigfly.in/public_html/vendor/laravel/framework/src/Illuminate/Foundation/Http/Kernel.php(144): Illuminate\\Foundation\\Http\\Kernel->sendRequestThroughRouter()
#47 /home/u344139974/domains/gigfly.in/public_html/index.php(52): Illuminate\\Foundation\\Http\\Kernel->handle()
#48 {main}
"} 
[2024-04-23 10:45:49] production.ERROR: Route [wireui.assets.scripts] not defined. {"exception":"[object] (Symfony\\Component\\Routing\\Exception\\RouteNotFoundException(code: 0): Route [wireui.assets.scripts] not defined. at /home/u344139974/domains/gigfly.in/public_html/vendor/laravel/framework/src/Illuminate/Routing/UrlGenerator.php:479)
[stacktrace]
#0 /home/u344139974/domains/gigfly.in/public_html/vendor/laravel/framework/src/Illuminate/Foundation/helpers.php(811): Illuminate\\Routing\\UrlGenerator->route()
#1 /home/u344139974/domains/gigfly.in/public_html/vendor/wireui/wireui/src/Support/BladeDirectives.php(13): route()
#2 /home/u344139974/domains/gigfly.in/public_html/vendor/laravel/framework/src/Illuminate/Support/Facades/Facade.php(355): WireUi\\Support\\BladeDirectives->scripts()
#3 /home/u344139974/domains/gigfly.in/public_html/vendor/wireui/wireui/src/Support/WireUiTagCompiler.php(23): Illuminate\\Support\\Facades\\Facade::__callStatic()
#4 [internal function]: WireUi\\Support\\WireUiTagCompiler->WireUi\\Support\\{closure}()
#5 /home/u344139974/domains/gigfly.in/public_html/vendor/wireui/wireui/src/Support/WireUiTagCompiler.php(19): preg_replace_callback()
#6 /home/u344139974/domains/gigfly.in/public_html/vendor/wireui/wireui/src/Support/WireUiTagCompiler.php(12): WireUi\\Support\\WireUiTagCompiler->compileWireUiSelfClosingTags()
#7 /home/u344139974/domains/gigfly.in/public_html/vendor/wireui/wireui/src/Providers/WireUiServiceProvider.php(38): WireUi\\Support\\WireUiTagCompiler->compile()
#8 /home/u344139974/domains/gigfly.in/public_html/vendor/laravel/framework/src/Illuminate/View/Compilers/BladeCompiler.php(274): WireUi\\Providers\\WireUiServiceProvider::WireUi\\Providers\\{closure}()
#9 /home/u344139974/domains/gigfly.in/public_html/vendor/spatie/laravel-ignition/src/Views/BladeSourceMapCompiler.php(33): Illuminate\\View\\Compilers\\BladeCompiler->compileString()
#10 /home/u344139974/domains/gigfly.in/public_html/vendor/spatie/laravel-ignition/src/Views/BladeSourceMapCompiler.php(19): Spatie\\LaravelIgnition\\Views\\BladeSourceMapCompiler->compileSourcemap()
#11 /home/u344139974/domains/gigfly.in/public_html/vendor/spatie/laravel-ignition/src/Views/ViewExceptionMapper.php(149): Spatie\\LaravelIgnition\\Views\\BladeSourceMapCompiler->detectLineNumber()
#12 /home/u344139974/domains/gigfly.in/public_html/vendor/spatie/laravel-ignition/src/Views/ViewExceptionMapper.php(87): Spatie\\LaravelIgnition\\Views\\ViewExceptionMapper->getBladeLineNumber()
#13 [internal function]: Spatie\\LaravelIgnition\\Views\\ViewExceptionMapper->Spatie\\LaravelIgnition\\Views\\{closure}()
#14 /home/u344139974/domains/gigfly.in/public_html/vendor/laravel/framework/src/Illuminate/Collections/Arr.php(560): array_map()
#15 /home/u344139974/domains/gigfly.in/public_html/vendor/laravel/framework/src/Illuminate/Collections/Collection.php(777): Illuminate\\Support\\Arr::map()
#16 /home/u344139974/domains/gigfly.in/public_html/vendor/spatie/laravel-ignition/src/Views/ViewExceptionMapper.php(84): Illuminate\\Support\\Collection->map()
#17 /home/u344139974/domains/gigfly.in/public_html/vendor/spatie/laravel-ignition/src/Views/ViewExceptionMapper.php(53): Spatie\\LaravelIgnition\\Views\\ViewExceptionMapper->modifyViewsInTrace()
#18 /home/u344139974/domains/gigfly.in/public_html/vendor/spatie/laravel-ignition/src/IgnitionServiceProvider.php(208): Spatie\\LaravelIgnition\\Views\\ViewExceptionMapper->map()
#19 /home/u344139974/domains/gigfly.in/public_html/vendor/laravel/framework/src/Illuminate/Foundation/Exceptions/Handler.php(514): Spatie\\LaravelIgnition\\IgnitionServiceProvider->Spatie\\LaravelIgnition\\{closure}()
#20 /home/u344139974/domains/gigfly.in/public_html/vendor/laravel/framework/src/Illuminate/Foundation/Exceptions/Handler.php(272): Illuminate\\Foundation\\Exceptions\\Handler->mapException()
#21 /home/u344139974/domains/gigfly.in/public_html/vendor/laravel/framework/src/Illuminate/Foundation/Exceptions/Handler.php(730): Illuminate\\Foundation\\Exceptions\\Handler->report()
#22 /home/u344139974/domains/gigfly.in/public_html/vendor/laravel/framework/src/Illuminate/Foundation/Exceptions/Handler.php(650): Illuminate\\Foundation\\Exceptions\\Handler->renderHttpException()
#23 /home/u344139974/domains/gigfly.in/public_html/vendor/laravel/framework/src/Illuminate/Foundation/Exceptions/Handler.php(556): Illuminate\\Foundation\\Exceptions\\Handler->prepareResponse()
#24 /home/u344139974/domains/gigfly.in/public_html/vendor/laravel/framework/src/Illuminate/Foundation/Exceptions/Handler.php(473): Illuminate\\Foundation\\Exceptions\\Handler->renderExceptionResponse()
#25 /home/u344139974/domains/gigfly.in/public_html/vendor/laravel/framework/src/Illuminate/Foundation/Http/Kernel.php(509): Illuminate\\Foundation\\Exceptions\\Handler->render()
#26 /home/u344139974/domains/gigfly.in/public_html/vendor/laravel/framework/src/Illuminate/Foundation/Http/Kernel.php(148): Illuminate\\Foundation\\Http\\Kernel->renderException()
#27 /home/u344139974/domains/gigfly.in/public_html/index.php(52): Illuminate\\Foundation\\Http\\Kernel->handle()
#28 {main}
"} 
[2024-04-23 10:45:49] production.ERROR: Route [livewire.update] not defined. {"view":{"view":"/home/u344139974/domains/gigfly.in/public_html/resources/views/errors/500.blade.php","data":[]},"exception":"[object] (Spatie\\LaravelIgnition\\Exceptions\\ViewException(code: 0): Route [livewire.update] not defined. at /home/u344139974/domains/gigfly.in/public_html/vendor/laravel/framework/src/Illuminate/Routing/UrlGenerator.php:479)
[stacktrace]
#0 /home/u344139974/domains/gigfly.in/public_html/vendor/laravel/framework/src/Illuminate/Foundation/helpers.php(811): Illuminate\\Routing\\UrlGenerator->route()
#1 /home/u344139974/domains/gigfly.in/public_html/vendor/livewire/livewire/src/Mechanisms/HandleRequests/HandleRequests.php(27): route()
#2 /home/u344139974/domains/gigfly.in/public_html/vendor/livewire/livewire/src/LivewireManager.php(128): Livewire\\Mechanisms\\HandleRequests\\HandleRequests->getUpdateUri()
#3 /home/u344139974/domains/gigfly.in/public_html/vendor/livewire/livewire/src/Mechanisms/FrontendAssets/FrontendAssets.php(183): Livewire\\LivewireManager->getUpdateUri()
#4 /home/u344139974/domains/gigfly.in/public_html/resources/views/errors/500.blade.php(94): Livewire\\Mechanisms\\FrontendAssets\\FrontendAssets::scriptConfig()
#5 /home/u344139974/domains/gigfly.in/public_html/vendor/laravel/framework/src/Illuminate/Filesystem/Filesystem.php(124): require('/home/u34413997...')
#6 /home/u344139974/domains/gigfly.in/public_html/vendor/laravel/framework/src/Illuminate/Filesystem/Filesystem.php(125): Illuminate\\Filesystem\\Filesystem::Illuminate\\Filesystem\\{closure}()
#7 /home/u344139974/domains/gigfly.in/public_html/vendor/laravel/framework/src/Illuminate/View/Engines/PhpEngine.php(58): Illuminate\\Filesystem\\Filesystem->getRequire()
#8 /home/u344139974/domains/gigfly.in/public_html/vendor/livewire/livewire/src/Mechanisms/ExtendBlade/ExtendedCompilerEngine.php(22): Illuminate\\View\\Engines\\PhpEngine->evaluatePath()
#9 /home/u344139974/domains/gigfly.in/public_html/vendor/laravel/framework/src/Illuminate/View/Engines/CompilerEngine.php(72): Livewire\\Mechanisms\\ExtendBlade\\ExtendedCompilerEngine->evaluatePath()
#10 /home/u344139974/domains/gigfly.in/public_html/vendor/livewire/livewire/src/Mechanisms/ExtendBlade/ExtendedCompilerEngine.php(10): Illuminate\\View\\Engines\\CompilerEngine->get()
#11 /home/u344139974/domains/gigfly.in/public_html/vendor/laravel/framework/src/Illuminate/View/View.php(207): Livewire\\Mechanisms\\ExtendBlade\\ExtendedCompilerEngine->get()
#12 /home/u344139974/domains/gigfly.in/public_html/vendor/laravel/framework/src/Illuminate/View/View.php(190): Illuminate\\View\\View->getContents()
#13 /home/u344139974/domains/gigfly.in/public_html/vendor/laravel/framework/src/Illuminate/View/View.php(159): Illuminate\\View\\View->renderContents()
#14 /home/u344139974/domains/gigfly.in/public_html/vendor/laravel/framework/src/Illuminate/Http/Response.php(69): Illuminate\\View\\View->render()
#15 /home/u344139974/domains/gigfly.in/public_html/vendor/laravel/framework/src/Illuminate/Http/Response.php(35): Illuminate\\Http\\Response->setContent()
#16 /home/u344139974/domains/gigfly.in/public_html/vendor/laravel/framework/src/Illuminate/Routing/ResponseFactory.php(57): Illuminate\\Http\\Response->__construct()
#17 /home/u344139974/domains/gigfly.in/public_html/vendor/laravel/framework/src/Illuminate/Routing/ResponseFactory.php(87): Illuminate\\Routing\\ResponseFactory->make()
#18 /home/u344139974/domains/gigfly.in/public_html/vendor/laravel/framework/src/Illuminate/Foundation/Exceptions/Handler.php(723): Illuminate\\Routing\\ResponseFactory->view()
#19 /home/u344139974/domains/gigfly.in/public_html/vendor/laravel/framework/src/Illuminate/Foundation/Exceptions/Handler.php(650): Illuminate\\Foundation\\Exceptions\\Handler->renderHttpException()
#20 /home/u344139974/domains/gigfly.in/public_html/vendor/laravel/framework/src/Illuminate/Foundation/Exceptions/Handler.php(556): Illuminate\\Foundation\\Exceptions\\Handler->prepareResponse()
#21 /home/u344139974/domains/gigfly.in/public_html/vendor/laravel/framework/src/Illuminate/Foundation/Exceptions/Handler.php(473): Illuminate\\Foundation\\Exceptions\\Handler->renderExceptionResponse()
#22 /home/u344139974/domains/gigfly.in/public_html/vendor/laravel/framework/src/Illuminate/Foundation/Http/Kernel.php(509): Illuminate\\Foundation\\Exceptions\\Handler->render()
#23 /home/u344139974/domains/gigfly.in/public_html/vendor/laravel/framework/src/Illuminate/Foundation/Http/Kernel.php(148): Illuminate\\Foundation\\Http\\Kernel->renderException()
#24 /home/u344139974/domains/gigfly.in/public_html/index.php(52): Illuminate\\Foundation\\Http\\Kernel->handle()
#25 {main}

[previous exception] [object] (Symfony\\Component\\Routing\\Exception\\RouteNotFoundException(code: 0): Route [livewire.update] not defined. at /home/u344139974/domains/gigfly.in/public_html/vendor/laravel/framework/src/Illuminate/Routing/UrlGenerator.php:479)
[stacktrace]
#0 /home/u344139974/domains/gigfly.in/public_html/vendor/laravel/framework/src/Illuminate/Foundation/helpers.php(811): Illuminate\\Routing\\UrlGenerator->route()
#1 /home/u344139974/domains/gigfly.in/public_html/vendor/livewire/livewire/src/Mechanisms/HandleRequests/HandleRequests.php(27): route()
#2 /home/u344139974/domains/gigfly.in/public_html/vendor/livewire/livewire/src/LivewireManager.php(128): Livewire\\Mechanisms\\HandleRequests\\HandleRequests->getUpdateUri()
#3 /home/u344139974/domains/gigfly.in/public_html/vendor/livewire/livewire/src/Mechanisms/FrontendAssets/FrontendAssets.php(183): Livewire\\LivewireManager->getUpdateUri()
#4 /home/u344139974/domains/gigfly.in/public_html/storage/framework/views/fd087e9cc7435b2c73dbed04cdfe307b.php(95): Livewire\\Mechanisms\\FrontendAssets\\FrontendAssets::scriptConfig()
#5 /home/u344139974/domains/gigfly.in/public_html/vendor/laravel/framework/src/Illuminate/Filesystem/Filesystem.php(124): require('/home/u34413997...')
#6 /home/u344139974/domains/gigfly.in/public_html/vendor/laravel/framework/src/Illuminate/Filesystem/Filesystem.php(125): Illuminate\\Filesystem\\Filesystem::Illuminate\\Filesystem\\{closure}()
#7 /home/u344139974/domains/gigfly.in/public_html/vendor/laravel/framework/src/Illuminate/View/Engines/PhpEngine.php(58): Illuminate\\Filesystem\\Filesystem->getRequire()
#8 /home/u344139974/domains/gigfly.in/public_html/vendor/livewire/livewire/src/Mechanisms/ExtendBlade/ExtendedCompilerEngine.php(22): Illuminate\\View\\Engines\\PhpEngine->evaluatePath()
#9 /home/u344139974/domains/gigfly.in/public_html/vendor/laravel/framework/src/Illuminate/View/Engines/CompilerEngine.php(72): Livewire\\Mechanisms\\ExtendBlade\\ExtendedCompilerEngine->evaluatePath()
#10 /home/u344139974/domains/gigfly.in/public_html/vendor/livewire/livewire/src/Mechanisms/ExtendBlade/ExtendedCompilerEngine.php(10): Illuminate\\View\\Engines\\CompilerEngine->get()
#11 /home/u344139974/domains/gigfly.in/public_html/vendor/laravel/framework/src/Illuminate/View/View.php(207): Livewire\\Mechanisms\\ExtendBlade\\ExtendedCompilerEngine->get()
#12 /home/u344139974/domains/gigfly.in/public_html/vendor/laravel/framework/src/Illuminate/View/View.php(190): Illuminate\\View\\View->getContents()
#13 /home/u344139974/domains/gigfly.in/public_html/vendor/laravel/framework/src/Illuminate/View/View.php(159): Illuminate\\View\\View->renderContents()
#14 /home/u344139974/domains/gigfly.in/public_html/vendor/laravel/framework/src/Illuminate/Http/Response.php(69): Illuminate\\View\\View->render()
#15 /home/u344139974/domains/gigfly.in/public_html/vendor/laravel/framework/src/Illuminate/Http/Response.php(35): Illuminate\\Http\\Response->setContent()
#16 /home/u344139974/domains/gigfly.in/public_html/vendor/laravel/framework/src/Illuminate/Routing/ResponseFactory.php(57): Illuminate\\Http\\Response->__construct()
#17 /home/u344139974/domains/gigfly.in/public_html/vendor/laravel/framework/src/Illuminate/Routing/ResponseFactory.php(87): Illuminate\\Routing\\ResponseFactory->make()
#18 /home/u344139974/domains/gigfly.in/public_html/vendor/laravel/framework/src/Illuminate/Foundation/Exceptions/Handler.php(723): Illuminate\\Routing\\ResponseFactory->view()
#19 /home/u344139974/domains/gigfly.in/public_html/vendor/laravel/framework/src/Illuminate/Foundation/Exceptions/Handler.php(650): Illuminate\\Foundation\\Exceptions\\Handler->renderHttpException()
#20 /home/u344139974/domains/gigfly.in/public_html/vendor/laravel/framework/src/Illuminate/Foundation/Exceptions/Handler.php(556): Illuminate\\Foundation\\Exceptions\\Handler->prepareResponse()
#21 /home/u344139974/domains/gigfly.in/public_html/vendor/laravel/framework/src/Illuminate/Foundation/Exceptions/Handler.php(473): Illuminate\\Foundation\\Exceptions\\Handler->renderExceptionResponse()
#22 /home/u344139974/domains/gigfly.in/public_html/vendor/laravel/framework/src/Illuminate/Foundation/Http/Kernel.php(509): Illuminate\\Foundation\\Exceptions\\Handler->render()
#23 /home/u344139974/domains/gigfly.in/public_html/vendor/laravel/framework/src/Illuminate/Foundation/Http/Kernel.php(148): Illuminate\\Foundation\\Http\\Kernel->renderException()
#24 /home/u344139974/domains/gigfly.in/public_html/index.php(52): Illuminate\\Foundation\\Http\\Kernel->handle()
#25 {main}
"} 
[2024-04-23 10:45:53] production.ERROR: syntax error, unexpected token "return" {"exception":"[object] (ParseError(code: 0): syntax error, unexpected token \"return\" at /home/u344139974/domains/gigfly.in/public_html/app/Livewire/Main/Checkout/CheckoutComponent.php:819)
[stacktrace]
#0 /home/u344139974/domains/gigfly.in/public_html/vendor/composer/ClassLoader.php(427): Composer\\Autoload\\{closure}()
#1 [internal function]: Composer\\Autoload\\ClassLoader->loadClass()
#2 /home/u344139974/domains/gigfly.in/public_html/vendor/laravel/framework/src/Illuminate/Routing/RouteAction.php(91): method_exists()
#3 /home/u344139974/domains/gigfly.in/public_html/vendor/laravel/framework/src/Illuminate/Routing/RouteAction.php(47): Illuminate\\Routing\\RouteAction::makeInvokable()
#4 /home/u344139974/domains/gigfly.in/public_html/vendor/laravel/framework/src/Illuminate/Routing/Route.php(191): Illuminate\\Routing\\RouteAction::parse()
#5 /home/u344139974/domains/gigfly.in/public_html/vendor/laravel/framework/src/Illuminate/Routing/Route.php(172): Illuminate\\Routing\\Route->parseAction()
#6 /home/u344139974/domains/gigfly.in/public_html/vendor/laravel/framework/src/Illuminate/Routing/Router.php(669): Illuminate\\Routing\\Route->__construct()
#7 /home/u344139974/domains/gigfly.in/public_html/vendor/laravel/framework/src/Illuminate/Routing/Router.php(561): Illuminate\\Routing\\Router->newRoute()
#8 /home/u344139974/domains/gigfly.in/public_html/vendor/laravel/framework/src/Illuminate/Routing/Router.php(541): Illuminate\\Routing\\Router->createRoute()
#9 /home/u344139974/domains/gigfly.in/public_html/vendor/laravel/framework/src/Illuminate/Routing/Router.php(159): Illuminate\\Routing\\Router->addRoute()
#10 /home/u344139974/domains/gigfly.in/public_html/vendor/laravel/framework/src/Illuminate/Support/Facades/Facade.php(355): Illuminate\\Routing\\Router->get()
#11 /home/u344139974/domains/gigfly.in/public_html/routes/web.php(154): Illuminate\\Support\\Facades\\Facade::__callStatic()
#12 /home/u344139974/domains/gigfly.in/public_html/vendor/laravel/framework/src/Illuminate/Routing/Router.php(509): Illuminate\\Routing\\RouteFileRegistrar->{closure}()
#13 /home/u344139974/domains/gigfly.in/public_html/vendor/laravel/framework/src/Illuminate/Routing/Router.php(465): Illuminate\\Routing\\Router->loadRoutes()
#14 /home/u344139974/domains/gigfly.in/public_html/vendor/laravel/framework/src/Illuminate/Routing/RouteRegistrar.php(194): Illuminate\\Routing\\Router->group()
#15 /home/u344139974/domains/gigfly.in/public_html/routes/web.php(151): Illuminate\\Routing\\RouteRegistrar->group()
#16 /home/u344139974/domains/gigfly.in/public_html/vendor/laravel/framework/src/Illuminate/Routing/Router.php(509): Illuminate\\Routing\\RouteFileRegistrar->{closure}()
#17 /home/u344139974/domains/gigfly.in/public_html/vendor/laravel/framework/src/Illuminate/Routing/Router.php(465): Illuminate\\Routing\\Router->loadRoutes()
#18 /home/u344139974/domains/gigfly.in/public_html/vendor/laravel/framework/src/Illuminate/Routing/RouteRegistrar.php(194): Illuminate\\Routing\\Router->group()
#19 /home/u344139974/domains/gigfly.in/public_html/routes/web.php(51): Illuminate\\Routing\\RouteRegistrar->group()
#20 /home/u344139974/domains/gigfly.in/public_html/vendor/laravel/framework/src/Illuminate/Routing/RouteFileRegistrar.php(35): require('/home/u34413997...')
#21 /home/u344139974/domains/gigfly.in/public_html/vendor/laravel/framework/src/Illuminate/Routing/Router.php(511): Illuminate\\Routing\\RouteFileRegistrar->register()
#22 /home/u344139974/domains/gigfly.in/public_html/vendor/laravel/framework/src/Illuminate/Routing/Router.php(465): Illuminate\\Routing\\Router->loadRoutes()
#23 /home/u344139974/domains/gigfly.in/public_html/vendor/laravel/framework/src/Illuminate/Routing/RouteRegistrar.php(194): Illuminate\\Routing\\Router->group()
#24 /home/u344139974/domains/gigfly.in/public_html/app/Providers/RouteServiceProvider.php(37): Illuminate\\Routing\\RouteRegistrar->group()
#25 /home/u344139974/domains/gigfly.in/public_html/vendor/laravel/framework/src/Illuminate/Container/BoundMethod.php(36): App\\Providers\\RouteServiceProvider->App\\Providers\\{closure}()
#26 /home/u344139974/domains/gigfly.in/public_html/vendor/laravel/framework/src/Illuminate/Container/Util.php(41): Illuminate\\Container\\BoundMethod::Illuminate\\Container\\{closure}()
#27 /home/u344139974/domains/gigfly.in/public_html/vendor/laravel/framework/src/Illuminate/Container/BoundMethod.php(81): Illuminate\\Container\\Util::unwrapIfClosure()
#28 /home/u344139974/domains/gigfly.in/public_html/vendor/laravel/framework/src/Illuminate/Container/BoundMethod.php(35): Illuminate\\Container\\BoundMethod::callBoundMethod()
#29 /home/u344139974/domains/gigfly.in/public_html/vendor/laravel/framework/src/Illuminate/Container/Container.php(662): Illuminate\\Container\\BoundMethod::call()
#30 /home/u344139974/domains/gigfly.in/public_html/vendor/laravel/framework/src/Illuminate/Foundation/Support/Providers/RouteServiceProvider.php(120): Illuminate\\Container\\Container->call()
#31 /home/u344139974/domains/gigfly.in/public_html/vendor/laravel/framework/src/Illuminate/Foundation/Support/Providers/RouteServiceProvider.php(45): Illuminate\\Foundation\\Support\\Providers\\RouteServiceProvider->loadRoutes()
#32 /home/u344139974/domains/gigfly.in/public_html/vendor/laravel/framework/src/Illuminate/Container/BoundMethod.php(36): Illuminate\\Foundation\\Support\\Providers\\RouteServiceProvider->Illuminate\\Foundation\\Support\\Providers\\{closure}()
#33 /home/u344139974/domains/gigfly.in/public_html/vendor/laravel/framework/src/Illuminate/Container/Util.php(41): Illuminate\\Container\\BoundMethod::Illuminate\\Container\\{closure}()
#34 /home/u344139974/domains/gigfly.in/public_html/vendor/laravel/framework/src/Illuminate/Container/BoundMethod.php(81): Illuminate\\Container\\Util::unwrapIfClosure()
#35 /home/u344139974/domains/gigfly.in/public_html/vendor/laravel/framework/src/Illuminate/Container/BoundMethod.php(35): Illuminate\\Container\\BoundMethod::callBoundMethod()
#36 /home/u344139974/domains/gigfly.in/public_html/vendor/laravel/framework/src/Illuminate/Container/Container.php(662): Illuminate\\Container\\BoundMethod::call()
#37 /home/u344139974/domains/gigfly.in/public_html/vendor/laravel/framework/src/Illuminate/Support/ServiceProvider.php(119): Illuminate\\Container\\Container->call()
#38 /home/u344139974/domains/gigfly.in/public_html/vendor/laravel/framework/src/Illuminate/Foundation/Application.php(1031): Illuminate\\Support\\ServiceProvider->callBootedCallbacks()
#39 /home/u344139974/domains/gigfly.in/public_html/vendor/laravel/framework/src/Illuminate/Foundation/Application.php(1009): Illuminate\\Foundation\\Application->bootProvider()
#40 [internal function]: Illuminate\\Foundation\\Application->Illuminate\\Foundation\\{closure}()
#41 /home/u344139974/domains/gigfly.in/public_html/vendor/laravel/framework/src/Illuminate/Foundation/Application.php(1008): array_walk()
#42 /home/u344139974/domains/gigfly.in/public_html/vendor/laravel/framework/src/Illuminate/Foundation/Bootstrap/BootProviders.php(17): Illuminate\\Foundation\\Application->boot()
#43 /home/u344139974/domains/gigfly.in/public_html/vendor/laravel/framework/src/Illuminate/Foundation/Application.php(261): Illuminate\\Foundation\\Bootstrap\\BootProviders->bootstrap()
#44 /home/u344139974/domains/gigfly.in/public_html/vendor/laravel/framework/src/Illuminate/Foundation/Http/Kernel.php(186): Illuminate\\Foundation\\Application->bootstrapWith()
#45 /home/u344139974/domains/gigfly.in/public_html/vendor/laravel/framework/src/Illuminate/Foundation/Http/Kernel.php(170): Illuminate\\Foundation\\Http\\Kernel->bootstrap()
#46 /home/u344139974/domains/gigfly.in/public_html/vendor/laravel/framework/src/Illuminate/Foundation/Http/Kernel.php(144): Illuminate\\Foundation\\Http\\Kernel->sendRequestThroughRouter()
#47 /home/u344139974/domains/gigfly.in/public_html/index.php(52): Illuminate\\Foundation\\Http\\Kernel->handle()
#48 {main}
"} 
[2024-04-23 10:45:53] production.ERROR: Route [wireui.assets.scripts] not defined. {"exception":"[object] (Symfony\\Component\\Routing\\Exception\\RouteNotFoundException(code: 0): Route [wireui.assets.scripts] not defined. at /home/u344139974/domains/gigfly.in/public_html/vendor/laravel/framework/src/Illuminate/Routing/UrlGenerator.php:479)
[stacktrace]
#0 /home/u344139974/domains/gigfly.in/public_html/vendor/laravel/framework/src/Illuminate/Foundation/helpers.php(811): Illuminate\\Routing\\UrlGenerator->route()
#1 /home/u344139974/domains/gigfly.in/public_html/vendor/wireui/wireui/src/Support/BladeDirectives.php(13): route()
#2 /home/u344139974/domains/gigfly.in/public_html/vendor/laravel/framework/src/Illuminate/Support/Facades/Facade.php(355): WireUi\\Support\\BladeDirectives->scripts()
#3 /home/u344139974/domains/gigfly.in/public_html/vendor/wireui/wireui/src/Support/WireUiTagCompiler.php(23): Illuminate\\Support\\Facades\\Facade::__callStatic()
#4 [internal function]: WireUi\\Support\\WireUiTagCompiler->WireUi\\Support\\{closure}()
#5 /home/u344139974/domains/gigfly.in/public_html/vendor/wireui/wireui/src/Support/WireUiTagCompiler.php(19): preg_replace_callback()
#6 /home/u344139974/domains/gigfly.in/public_html/vendor/wireui/wireui/src/Support/WireUiTagCompiler.php(12): WireUi\\Support\\WireUiTagCompiler->compileWireUiSelfClosingTags()
#7 /home/u344139974/domains/gigfly.in/public_html/vendor/wireui/wireui/src/Providers/WireUiServiceProvider.php(38): WireUi\\Support\\WireUiTagCompiler->compile()
#8 /home/u344139974/domains/gigfly.in/public_html/vendor/laravel/framework/src/Illuminate/View/Compilers/BladeCompiler.php(274): WireUi\\Providers\\WireUiServiceProvider::WireUi\\Providers\\{closure}()
#9 /home/u344139974/domains/gigfly.in/public_html/vendor/spatie/laravel-ignition/src/Views/BladeSourceMapCompiler.php(33): Illuminate\\View\\Compilers\\BladeCompiler->compileString()
#10 /home/u344139974/domains/gigfly.in/public_html/vendor/spatie/laravel-ignition/src/Views/BladeSourceMapCompiler.php(19): Spatie\\LaravelIgnition\\Views\\BladeSourceMapCompiler->compileSourcemap()
#11 /home/u344139974/domains/gigfly.in/public_html/vendor/spatie/laravel-ignition/src/Views/ViewExceptionMapper.php(149): Spatie\\LaravelIgnition\\Views\\BladeSourceMapCompiler->detectLineNumber()
#12 /home/u344139974/domains/gigfly.in/public_html/vendor/spatie/laravel-ignition/src/Views/ViewExceptionMapper.php(87): Spatie\\LaravelIgnition\\Views\\ViewExceptionMapper->getBladeLineNumber()
#13 [internal function]: Spatie\\LaravelIgnition\\Views\\ViewExceptionMapper->Spatie\\LaravelIgnition\\Views\\{closure}()
#14 /home/u344139974/domains/gigfly.in/public_html/vendor/laravel/framework/src/Illuminate/Collections/Arr.php(560): array_map()
#15 /home/u344139974/domains/gigfly.in/public_html/vendor/laravel/framework/src/Illuminate/Collections/Collection.php(777): Illuminate\\Support\\Arr::map()
#16 /home/u344139974/domains/gigfly.in/public_html/vendor/spatie/laravel-ignition/src/Views/ViewExceptionMapper.php(84): Illuminate\\Support\\Collection->map()
#17 /home/u344139974/domains/gigfly.in/public_html/vendor/spatie/laravel-ignition/src/Views/ViewExceptionMapper.php(53): Spatie\\LaravelIgnition\\Views\\ViewExceptionMapper->modifyViewsInTrace()
#18 /home/u344139974/domains/gigfly.in/public_html/vendor/spatie/laravel-ignition/src/IgnitionServiceProvider.php(208): Spatie\\LaravelIgnition\\Views\\ViewExceptionMapper->map()
#19 /home/u344139974/domains/gigfly.in/public_html/vendor/laravel/framework/src/Illuminate/Foundation/Exceptions/Handler.php(514): Spatie\\LaravelIgnition\\IgnitionServiceProvider->Spatie\\LaravelIgnition\\{closure}()
#20 /home/u344139974/domains/gigfly.in/public_html/vendor/laravel/framework/src/Illuminate/Foundation/Exceptions/Handler.php(272): Illuminate\\Foundation\\Exceptions\\Handler->mapException()
#21 /home/u344139974/domains/gigfly.in/public_html/vendor/laravel/framework/src/Illuminate/Foundation/Exceptions/Handler.php(730): Illuminate\\Foundation\\Exceptions\\Handler->report()
#22 /home/u344139974/domains/gigfly.in/public_html/vendor/laravel/framework/src/Illuminate/Foundation/Exceptions/Handler.php(650): Illuminate\\Foundation\\Exceptions\\Handler->renderHttpException()
#23 /home/u344139974/domains/gigfly.in/public_html/vendor/laravel/framework/src/Illuminate/Foundation/Exceptions/Handler.php(556): Illuminate\\Foundation\\Exceptions\\Handler->prepareResponse()
#24 /home/u344139974/domains/gigfly.in/public_html/vendor/laravel/framework/src/Illuminate/Foundation/Exceptions/Handler.php(473): Illuminate\\Foundation\\Exceptions\\Handler->renderExceptionResponse()
#25 /home/u344139974/domains/gigfly.in/public_html/vendor/laravel/framework/src/Illuminate/Foundation/Http/Kernel.php(509): Illuminate\\Foundation\\Exceptions\\Handler->render()
#26 /home/u344139974/domains/gigfly.in/public_html/vendor/laravel/framework/src/Illuminate/Foundation/Http/Kernel.php(148): Illuminate\\Foundation\\Http\\Kernel->renderException()
#27 /home/u344139974/domains/gigfly.in/public_html/index.php(52): Illuminate\\Foundation\\Http\\Kernel->handle()
#28 {main}
"} 
[2024-04-23 10:45:53] production.ERROR: Route [livewire.update] not defined. {"view":{"view":"/home/u344139974/domains/gigfly.in/public_html/resources/views/errors/500.blade.php","data":[]},"exception":"[object] (Spatie\\LaravelIgnition\\Exceptions\\ViewException(code: 0): Route [livewire.update] not defined. at /home/u344139974/domains/gigfly.in/public_html/vendor/laravel/framework/src/Illuminate/Routing/UrlGenerator.php:479)
[stacktrace]
#0 /home/u344139974/domains/gigfly.in/public_html/vendor/laravel/framework/src/Illuminate/Foundation/helpers.php(811): Illuminate\\Routing\\UrlGenerator->route()
#1 /home/u344139974/domains/gigfly.in/public_html/vendor/livewire/livewire/src/Mechanisms/HandleRequests/HandleRequests.php(27): route()
#2 /home/u344139974/domains/gigfly.in/public_html/vendor/livewire/livewire/src/LivewireManager.php(128): Livewire\\Mechanisms\\HandleRequests\\HandleRequests->getUpdateUri()
#3 /home/u344139974/domains/gigfly.in/public_html/vendor/livewire/livewire/src/Mechanisms/FrontendAssets/FrontendAssets.php(183): Livewire\\LivewireManager->getUpdateUri()
#4 /home/u344139974/domains/gigfly.in/public_html/resources/views/errors/500.blade.php(94): Livewire\\Mechanisms\\FrontendAssets\\FrontendAssets::scriptConfig()
#5 /home/u344139974/domains/gigfly.in/public_html/vendor/laravel/framework/src/Illuminate/Filesystem/Filesystem.php(124): require('/home/u34413997...')
#6 /home/u344139974/domains/gigfly.in/public_html/vendor/laravel/framework/src/Illuminate/Filesystem/Filesystem.php(125): Illuminate\\Filesystem\\Filesystem::Illuminate\\Filesystem\\{closure}()
#7 /home/u344139974/domains/gigfly.in/public_html/vendor/laravel/framework/src/Illuminate/View/Engines/PhpEngine.php(58): Illuminate\\Filesystem\\Filesystem->getRequire()
#8 /home/u344139974/domains/gigfly.in/public_html/vendor/livewire/livewire/src/Mechanisms/ExtendBlade/ExtendedCompilerEngine.php(22): Illuminate\\View\\Engines\\PhpEngine->evaluatePath()
#9 /home/u344139974/domains/gigfly.in/public_html/vendor/laravel/framework/src/Illuminate/View/Engines/CompilerEngine.php(72): Livewire\\Mechanisms\\ExtendBlade\\ExtendedCompilerEngine->evaluatePath()
#10 /home/u344139974/domains/gigfly.in/public_html/vendor/livewire/livewire/src/Mechanisms/ExtendBlade/ExtendedCompilerEngine.php(10): Illuminate\\View\\Engines\\CompilerEngine->get()
#11 /home/u344139974/domains/gigfly.in/public_html/vendor/laravel/framework/src/Illuminate/View/View.php(207): Livewire\\Mechanisms\\ExtendBlade\\ExtendedCompilerEngine->get()
#12 /home/u344139974/domains/gigfly.in/public_html/vendor/laravel/framework/src/Illuminate/View/View.php(190): Illuminate\\View\\View->getContents()
#13 /home/u344139974/domains/gigfly.in/public_html/vendor/laravel/framework/src/Illuminate/View/View.php(159): Illuminate\\View\\View->renderContents()
#14 /home/u344139974/domains/gigfly.in/public_html/vendor/laravel/framework/src/Illuminate/Http/Response.php(69): Illuminate\\View\\View->render()
#15 /home/u344139974/domains/gigfly.in/public_html/vendor/laravel/framework/src/Illuminate/Http/Response.php(35): Illuminate\\Http\\Response->setContent()
#16 /home/u344139974/domains/gigfly.in/public_html/vendor/laravel/framework/src/Illuminate/Routing/ResponseFactory.php(57): Illuminate\\Http\\Response->__construct()
#17 /home/u344139974/domains/gigfly.in/public_html/vendor/laravel/framework/src/Illuminate/Routing/ResponseFactory.php(87): Illuminate\\Routing\\ResponseFactory->make()
#18 /home/u344139974/domains/gigfly.in/public_html/vendor/laravel/framework/src/Illuminate/Foundation/Exceptions/Handler.php(723): Illuminate\\Routing\\ResponseFactory->view()
#19 /home/u344139974/domains/gigfly.in/public_html/vendor/laravel/framework/src/Illuminate/Foundation/Exceptions/Handler.php(650): Illuminate\\Foundation\\Exceptions\\Handler->renderHttpException()
#20 /home/u344139974/domains/gigfly.in/public_html/vendor/laravel/framework/src/Illuminate/Foundation/Exceptions/Handler.php(556): Illuminate\\Foundation\\Exceptions\\Handler->prepareResponse()
#21 /home/u344139974/domains/gigfly.in/public_html/vendor/laravel/framework/src/Illuminate/Foundation/Exceptions/Handler.php(473): Illuminate\\Foundation\\Exceptions\\Handler->renderExceptionResponse()
#22 /home/u344139974/domains/gigfly.in/public_html/vendor/laravel/framework/src/Illuminate/Foundation/Http/Kernel.php(509): Illuminate\\Foundation\\Exceptions\\Handler->render()
#23 /home/u344139974/domains/gigfly.in/public_html/vendor/laravel/framework/src/Illuminate/Foundation/Http/Kernel.php(148): Illuminate\\Foundation\\Http\\Kernel->renderException()
#24 /home/u344139974/domains/gigfly.in/public_html/index.php(52): Illuminate\\Foundation\\Http\\Kernel->handle()
#25 {main}

[previous exception] [object] (Symfony\\Component\\Routing\\Exception\\RouteNotFoundException(code: 0): Route [livewire.update] not defined. at /home/u344139974/domains/gigfly.in/public_html/vendor/laravel/framework/src/Illuminate/Routing/UrlGenerator.php:479)
[stacktrace]
#0 /home/u344139974/domains/gigfly.in/public_html/vendor/laravel/framework/src/Illuminate/Foundation/helpers.php(811): Illuminate\\Routing\\UrlGenerator->route()
#1 /home/u344139974/domains/gigfly.in/public_html/vendor/livewire/livewire/src/Mechanisms/HandleRequests/HandleRequests.php(27): route()
#2 /home/u344139974/domains/gigfly.in/public_html/vendor/livewire/livewire/src/LivewireManager.php(128): Livewire\\Mechanisms\\HandleRequests\\HandleRequests->getUpdateUri()
#3 /home/u344139974/domains/gigfly.in/public_html/vendor/livewire/livewire/src/Mechanisms/FrontendAssets/FrontendAssets.php(183): Livewire\\LivewireManager->getUpdateUri()
#4 /home/u344139974/domains/gigfly.in/public_html/storage/framework/views/fd087e9cc7435b2c73dbed04cdfe307b.php(95): Livewire\\Mechanisms\\FrontendAssets\\FrontendAssets::scriptConfig()
#5 /home/u344139974/domains/gigfly.in/public_html/vendor/laravel/framework/src/Illuminate/Filesystem/Filesystem.php(124): require('/home/u34413997...')
#6 /home/u344139974/domains/gigfly.in/public_html/vendor/laravel/framework/src/Illuminate/Filesystem/Filesystem.php(125): Illuminate\\Filesystem\\Filesystem::Illuminate\\Filesystem\\{closure}()
#7 /home/u344139974/domains/gigfly.in/public_html/vendor/laravel/framework/src/Illuminate/View/Engines/PhpEngine.php(58): Illuminate\\Filesystem\\Filesystem->getRequire()
#8 /home/u344139974/domains/gigfly.in/public_html/vendor/livewire/livewire/src/Mechanisms/ExtendBlade/ExtendedCompilerEngine.php(22): Illuminate\\View\\Engines\\PhpEngine->evaluatePath()
#9 /home/u344139974/domains/gigfly.in/public_html/vendor/laravel/framework/src/Illuminate/View/Engines/CompilerEngine.php(72): Livewire\\Mechanisms\\ExtendBlade\\ExtendedCompilerEngine->evaluatePath()
#10 /home/u344139974/domains/gigfly.in/public_html/vendor/livewire/livewire/src/Mechanisms/ExtendBlade/ExtendedCompilerEngine.php(10): Illuminate\\View\\Engines\\CompilerEngine->get()
#11 /home/u344139974/domains/gigfly.in/public_html/vendor/laravel/framework/src/Illuminate/View/View.php(207): Livewire\\Mechanisms\\ExtendBlade\\ExtendedCompilerEngine->get()
#12 /home/u344139974/domains/gigfly.in/public_html/vendor/laravel/framework/src/Illuminate/View/View.php(190): Illuminate\\View\\View->getContents()
#13 /home/u344139974/domains/gigfly.in/public_html/vendor/laravel/framework/src/Illuminate/View/View.php(159): Illuminate\\View\\View->renderContents()
#14 /home/u344139974/domains/gigfly.in/public_html/vendor/laravel/framework/src/Illuminate/Http/Response.php(69): Illuminate\\View\\View->render()
#15 /home/u344139974/domains/gigfly.in/public_html/vendor/laravel/framework/src/Illuminate/Http/Response.php(35): Illuminate\\Http\\Response->setContent()
#16 /home/u344139974/domains/gigfly.in/public_html/vendor/laravel/framework/src/Illuminate/Routing/ResponseFactory.php(57): Illuminate\\Http\\Response->__construct()
#17 /home/u344139974/domains/gigfly.in/public_html/vendor/laravel/framework/src/Illuminate/Routing/ResponseFactory.php(87): Illuminate\\Routing\\ResponseFactory->make()
#18 /home/u344139974/domains/gigfly.in/public_html/vendor/laravel/framework/src/Illuminate/Foundation/Exceptions/Handler.php(723): Illuminate\\Routing\\ResponseFactory->view()
#19 /home/u344139974/domains/gigfly.in/public_html/vendor/laravel/framework/src/Illuminate/Foundation/Exceptions/Handler.php(650): Illuminate\\Foundation\\Exceptions\\Handler->renderHttpException()
#20 /home/u344139974/domains/gigfly.in/public_html/vendor/laravel/framework/src/Illuminate/Foundation/Exceptions/Handler.php(556): Illuminate\\Foundation\\Exceptions\\Handler->prepareResponse()
#21 /home/u344139974/domains/gigfly.in/public_html/vendor/laravel/framework/src/Illuminate/Foundation/Exceptions/Handler.php(473): Illuminate\\Foundation\\Exceptions\\Handler->renderExceptionResponse()
#22 /home/u344139974/domains/gigfly.in/public_html/vendor/laravel/framework/src/Illuminate/Foundation/Http/Kernel.php(509): Illuminate\\Foundation\\Exceptions\\Handler->render()
#23 /home/u344139974/domains/gigfly.in/public_html/vendor/laravel/framework/src/Illuminate/Foundation/Http/Kernel.php(148): Illuminate\\Foundation\\Http\\Kernel->renderException()
#24 /home/u344139974/domains/gigfly.in/public_html/index.php(52): Illuminate\\Foundation\\Http\\Kernel->handle()
#25 {main}
"} 
