[2023-04-06 15:35:13] production.ERROR: cURL error 6: Could not resolve host: api-.pusher.com (see https://curl.haxx.se/libcurl/c/libcurl-errors.html) for https://api-.pusher.com/apps//events?auth_key=&auth_timestamp=1680795313&auth_version=1.0&body_md5=73138880ef815871f526c8661e6d6360&auth_signature=abe57049b6ebc36f555c83beb50b1137978f921197dd7eea443fccb2882cc7c3 {"userId":2,"exception":"[object] (Pusher\\ApiErrorException(code: 0): cURL error 6: Could not resolve host: api-.pusher.com (see https://curl.haxx.se/libcurl/c/libcurl-errors.html) for https://api-.pusher.com/apps//events?auth_key=&auth_timestamp=1680795313&auth_version=1.0&body_md5=73138880ef815871f526c8661e6d6360&auth_signature=abe57049b6ebc36f555c83beb50b1137978f921197dd7eea443fccb2882cc7c3 at /home/u304230485/domains/gigfly.in/public_html/vendor/pusher/pusher-php-server/src/Pusher.php:782)
[stacktrace]
#0 /home/u304230485/domains/gigfly.in/public_html/vendor/pusher/pusher-php-server/src/Pusher.php(440): Pusher\\Pusher->post()
#1 /home/u304230485/domains/gigfly.in/public_html/app/Utils/Chat/ChatApi.php(87): Pusher\\Pusher->trigger()
#2 /home/u304230485/domains/gigfly.in/public_html/app/Http/Controllers/Chat/MessagesController.php(269): App\\Utils\\Chat\\ChatApi->push()
#3 /home/u304230485/domains/gigfly.in/public_html/vendor/laravel/framework/src/Illuminate/Routing/Controller.php(54): App\\Http\\Controllers\\Chat\\MessagesController->send()
#4 /home/u304230485/domains/gigfly.in/public_html/vendor/laravel/framework/src/Illuminate/Routing/ControllerDispatcher.php(43): Illuminate\\Routing\\Controller->callAction()
#5 /home/u304230485/domains/gigfly.in/public_html/vendor/laravel/framework/src/Illuminate/Routing/Route.php(260): Illuminate\\Routing\\ControllerDispatcher->dispatch()
#6 /home/u304230485/domains/gigfly.in/public_html/vendor/laravel/framework/src/Illuminate/Routing/Route.php(205): Illuminate\\Routing\\Route->runController()
#7 /home/u304230485/domains/gigfly.in/public_html/vendor/laravel/framework/src/Illuminate/Routing/Router.php(798): Illuminate\\Routing\\Route->run()
#8 /home/u304230485/domains/gigfly.in/public_html/vendor/laravel/framework/src/Illuminate/Pipeline/Pipeline.php(141): Illuminate\\Routing\\Router->Illuminate\\Routing\\{closure}()
#9 /home/u304230485/domains/gigfly.in/public_html/vendor/ralphjsmit/livewire-urls/src/Middleware/LivewireUrlsMiddleware.php(18): Illuminate\\Pipeline\\Pipeline->Illuminate\\Pipeline\\{closure}()
#10 /home/u304230485/domains/gigfly.in/public_html/vendor/laravel/framework/src/Illuminate/Pipeline/Pipeline.php(180): RalphJSmit\\Livewire\\Urls\\Middleware\\LivewireUrlsMiddleware->handle()
#11 /home/u304230485/domains/gigfly.in/public_html/app/Http/Middleware/XFrameHeaders.php(31): Illuminate\\Pipeline\\Pipeline->Illuminate\\Pipeline\\{closure}()
#12 /home/u304230485/domains/gigfly.in/public_html/vendor/laravel/framework/src/Illuminate/Pipeline/Pipeline.php(180): App\\Http\\Middleware\\XFrameHeaders->handle()
#13 /home/u304230485/domains/gigfly.in/public_html/app/Http/Middleware/UpgradeLevel.php(28): Illuminate\\Pipeline\\Pipeline->Illuminate\\Pipeline\\{closure}()
#14 /home/u304230485/domains/gigfly.in/public_html/vendor/laravel/framework/src/Illuminate/Pipeline/Pipeline.php(180): App\\Http\\Middleware\\UpgradeLevel->handle()
#15 /home/u304230485/domains/gigfly.in/public_html/app/Http/Middleware/UserLastActivity.php(25): Illuminate\\Pipeline\\Pipeline->Illuminate\\Pipeline\\{closure}()
#16 /home/u304230485/domains/gigfly.in/public_html/vendor/laravel/framework/src/Illuminate/Pipeline/Pipeline.php(180): App\\Http\\Middleware\\UserLastActivity->handle()
#17 /home/u304230485/domains/gigfly.in/public_html/app/Http/Middleware/SetLocale.php(62): Illuminate\\Pipeline\\Pipeline->Illuminate\\Pipeline\\{closure}()
#18 /home/u304230485/domains/gigfly.in/public_html/vendor/laravel/framework/src/Illuminate/Pipeline/Pipeline.php(180): App\\Http\\Middleware\\SetLocale->handle()
#19 /home/u304230485/domains/gigfly.in/public_html/vendor/laravel/framework/src/Illuminate/Routing/Middleware/SubstituteBindings.php(50): Illuminate\\Pipeline\\Pipeline->Illuminate\\Pipeline\\{closure}()
#20 /home/u304230485/domains/gigfly.in/public_html/vendor/laravel/framework/src/Illuminate/Pipeline/Pipeline.php(180): Illuminate\\Routing\\Middleware\\SubstituteBindings->handle()
#21 /home/u304230485/domains/gigfly.in/public_html/vendor/laravel/framework/src/Illuminate/Auth/Middleware/Authenticate.php(44): Illuminate\\Pipeline\\Pipeline->Illuminate\\Pipeline\\{closure}()
#22 /home/u304230485/domains/gigfly.in/public_html/vendor/laravel/framework/src/Illuminate/Pipeline/Pipeline.php(180): Illuminate\\Auth\\Middleware\\Authenticate->handle()
#23 /home/u304230485/domains/gigfly.in/public_html/vendor/laravel/framework/src/Illuminate/Foundation/Http/Middleware/VerifyCsrfToken.php(78): Illuminate\\Pipeline\\Pipeline->Illuminate\\Pipeline\\{closure}()
#24 /home/u304230485/domains/gigfly.in/public_html/app/Http/Middleware/VerifyCsrfToken.php(33): Illuminate\\Foundation\\Http\\Middleware\\VerifyCsrfToken->handle()
#25 /home/u304230485/domains/gigfly.in/public_html/vendor/laravel/framework/src/Illuminate/Pipeline/Pipeline.php(180): App\\Http\\Middleware\\VerifyCsrfToken->handle()
#26 /home/u304230485/domains/gigfly.in/public_html/vendor/laravel/framework/src/Illuminate/View/Middleware/ShareErrorsFromSession.php(49): Illuminate\\Pipeline\\Pipeline->Illuminate\\Pipeline\\{closure}()
#27 /home/u304230485/domains/gigfly.in/public_html/vendor/laravel/framework/src/Illuminate/Pipeline/Pipeline.php(180): Illuminate\\View\\Middleware\\ShareErrorsFromSession->handle()
#28 /home/u304230485/domains/gigfly.in/public_html/vendor/laravel/framework/src/Illuminate/Session/Middleware/StartSession.php(172): Illuminate\\Pipeline\\Pipeline->Illuminate\\Pipeline\\{closure}()
#29 /home/u304230485/domains/gigfly.in/public_html/vendor/laravel/framework/src/Illuminate/Session/Middleware/StartSession.php(115): Illuminate\\Session\\Middleware\\StartSession->handleStatefulRequest()
#30 /home/u304230485/domains/gigfly.in/public_html/vendor/laravel/framework/src/Illuminate/Pipeline/Pipeline.php(180): Illuminate\\Session\\Middleware\\StartSession->handle()
#31 /home/u304230485/domains/gigfly.in/public_html/vendor/laravel/framework/src/Illuminate/Cookie/Middleware/AddQueuedCookiesToResponse.php(37): Illuminate\\Pipeline\\Pipeline->Illuminate\\Pipeline\\{closure}()
#32 /home/u304230485/domains/gigfly.in/public_html/vendor/laravel/framework/src/Illuminate/Pipeline/Pipeline.php(180): Illuminate\\Cookie\\Middleware\\AddQueuedCookiesToResponse->handle()
#33 /home/u304230485/domains/gigfly.in/public_html/vendor/laravel/framework/src/Illuminate/Cookie/Middleware/EncryptCookies.php(67): Illuminate\\Pipeline\\Pipeline->Illuminate\\Pipeline\\{closure}()
#34 /home/u304230485/domains/gigfly.in/public_html/vendor/laravel/framework/src/Illuminate/Pipeline/Pipeline.php(180): Illuminate\\Cookie\\Middleware\\EncryptCookies->handle()
#35 /home/u304230485/domains/gigfly.in/public_html/vendor/laravel/framework/src/Illuminate/Pipeline/Pipeline.php(116): Illuminate\\Pipeline\\Pipeline->Illuminate\\Pipeline\\{closure}()
#36 /home/u304230485/domains/gigfly.in/public_html/vendor/laravel/framework/src/Illuminate/Routing/Router.php(799): Illuminate\\Pipeline\\Pipeline->then()
#37 /home/u304230485/domains/gigfly.in/public_html/vendor/laravel/framework/src/Illuminate/Routing/Router.php(776): Illuminate\\Routing\\Router->runRouteWithinStack()
#38 /home/u304230485/domains/gigfly.in/public_html/vendor/laravel/framework/src/Illuminate/Routing/Router.php(740): Illuminate\\Routing\\Router->runRoute()
#39 /home/u304230485/domains/gigfly.in/public_html/vendor/laravel/framework/src/Illuminate/Routing/Router.php(729): Illuminate\\Routing\\Router->dispatchToRoute()
#40 /home/u304230485/domains/gigfly.in/public_html/vendor/laravel/framework/src/Illuminate/Foundation/Http/Kernel.php(190): Illuminate\\Routing\\Router->dispatch()
#41 /home/u304230485/domains/gigfly.in/public_html/vendor/laravel/framework/src/Illuminate/Pipeline/Pipeline.php(141): Illuminate\\Foundation\\Http\\Kernel->Illuminate\\Foundation\\Http\\{closure}()
#42 /home/u304230485/domains/gigfly.in/public_html/vendor/lukeraymonddowning/honey/src/Http/Middleware/BlockSpammers.php(19): Illuminate\\Pipeline\\Pipeline->Illuminate\\Pipeline\\{closure}()
#43 /home/u304230485/domains/gigfly.in/public_html/vendor/laravel/framework/src/Illuminate/Pipeline/Pipeline.php(180): Lukeraymonddowning\\Honey\\Http\\Middleware\\BlockSpammers->handle()
#44 /home/u304230485/domains/gigfly.in/public_html/vendor/livewire/livewire/src/DisableBrowserCache.php(19): Illuminate\\Pipeline\\Pipeline->Illuminate\\Pipeline\\{closure}()
#45 /home/u304230485/domains/gigfly.in/public_html/vendor/laravel/framework/src/Illuminate/Pipeline/Pipeline.php(180): Livewire\\DisableBrowserCache->handle()
#46 /home/u304230485/domains/gigfly.in/public_html/vendor/barryvdh/laravel-debugbar/src/Middleware/InjectDebugbar.php(59): Illuminate\\Pipeline\\Pipeline->Illuminate\\Pipeline\\{closure}()
#47 /home/u304230485/domains/gigfly.in/public_html/vendor/laravel/framework/src/Illuminate/Pipeline/Pipeline.php(180): Barryvdh\\Debugbar\\Middleware\\InjectDebugbar->handle()
#48 /home/u304230485/domains/gigfly.in/public_html/vendor/laravel/framework/src/Illuminate/Foundation/Http/Middleware/TransformsRequest.php(21): Illuminate\\Pipeline\\Pipeline->Illuminate\\Pipeline\\{closure}()
#49 /home/u304230485/domains/gigfly.in/public_html/vendor/laravel/framework/src/Illuminate/Foundation/Http/Middleware/ConvertEmptyStringsToNull.php(31): Illuminate\\Foundation\\Http\\Middleware\\TransformsRequest->handle()
#50 /home/u304230485/domains/gigfly.in/public_html/vendor/laravel/framework/src/Illuminate/Pipeline/Pipeline.php(180): Illuminate\\Foundation\\Http\\Middleware\\ConvertEmptyStringsToNull->handle()
#51 /home/u304230485/domains/gigfly.in/public_html/vendor/laravel/framework/src/Illuminate/Foundation/Http/Middleware/TransformsRequest.php(21): Illuminate\\Pipeline\\Pipeline->Illuminate\\Pipeline\\{closure}()
#52 /home/u304230485/domains/gigfly.in/public_html/vendor/laravel/framework/src/Illuminate/Foundation/Http/Middleware/TrimStrings.php(40): Illuminate\\Foundation\\Http\\Middleware\\TransformsRequest->handle()
#53 /home/u304230485/domains/gigfly.in/public_html/vendor/laravel/framework/src/Illuminate/Pipeline/Pipeline.php(180): Illuminate\\Foundation\\Http\\Middleware\\TrimStrings->handle()
#54 /home/u304230485/domains/gigfly.in/public_html/vendor/laravel/framework/src/Illuminate/Foundation/Http/Middleware/ValidatePostSize.php(27): Illuminate\\Pipeline\\Pipeline->Illuminate\\Pipeline\\{closure}()
#55 /home/u304230485/domains/gigfly.in/public_html/vendor/laravel/framework/src/Illuminate/Pipeline/Pipeline.php(180): Illuminate\\Foundation\\Http\\Middleware\\ValidatePostSize->handle()
#56 /home/u304230485/domains/gigfly.in/public_html/vendor/laravel/framework/src/Illuminate/Foundation/Http/Middleware/PreventRequestsDuringMaintenance.php(86): Illuminate\\Pipeline\\Pipeline->Illuminate\\Pipeline\\{closure}()
#57 /home/u304230485/domains/gigfly.in/public_html/vendor/laravel/framework/src/Illuminate/Pipeline/Pipeline.php(180): Illuminate\\Foundation\\Http\\Middleware\\PreventRequestsDuringMaintenance->handle()
#58 /home/u304230485/domains/gigfly.in/public_html/vendor/laravel/framework/src/Illuminate/Http/Middleware/HandleCors.php(49): Illuminate\\Pipeline\\Pipeline->Illuminate\\Pipeline\\{closure}()
#59 /home/u304230485/domains/gigfly.in/public_html/vendor/laravel/framework/src/Illuminate/Pipeline/Pipeline.php(180): Illuminate\\Http\\Middleware\\HandleCors->handle()
#60 /home/u304230485/domains/gigfly.in/public_html/vendor/laravel/framework/src/Illuminate/Http/Middleware/TrustProxies.php(39): Illuminate\\Pipeline\\Pipeline->Illuminate\\Pipeline\\{closure}()
#61 /home/u304230485/domains/gigfly.in/public_html/vendor/laravel/framework/src/Illuminate/Pipeline/Pipeline.php(180): Illuminate\\Http\\Middleware\\TrustProxies->handle()
#62 /home/u304230485/domains/gigfly.in/public_html/vendor/laravel/framework/src/Illuminate/Pipeline/Pipeline.php(116): Illuminate\\Pipeline\\Pipeline->Illuminate\\Pipeline\\{closure}()
#63 /home/u304230485/domains/gigfly.in/public_html/vendor/laravel/framework/src/Illuminate/Foundation/Http/Kernel.php(165): Illuminate\\Pipeline\\Pipeline->then()
#64 /home/u304230485/domains/gigfly.in/public_html/vendor/laravel/framework/src/Illuminate/Foundation/Http/Kernel.php(134): Illuminate\\Foundation\\Http\\Kernel->sendRequestThroughRouter()
#65 /home/u304230485/domains/gigfly.in/public_html/index.php(53): Illuminate\\Foundation\\Http\\Kernel->handle()
#66 {main}
"} 
