[2023-04-08 11:51:58] production.ERROR: The api key provided is invalid {"userId":10,"exception":"[object] (Razorpay\\Api\\Errors\\BadRequestError(code: BAD_REQUEST_ERROR): The api key provided is invalid at /home/u304230485/domains/gigfly.in/public_html/vendor/razorpay/razorpay/src/Request.php:142)
[stacktrace]
#0 /home/u304230485/domains/gigfly.in/public_html/vendor/razorpay/razorpay/src/Request.php(109): Razorpay\\Api\\Request->processError()
#1 /home/u304230485/domains/gigfly.in/public_html/vendor/razorpay/razorpay/src/Request.php(58): Razorpay\\Api\\Request->checkErrors()
#2 /home/u304230485/domains/gigfly.in/public_html/vendor/razorpay/razorpay/src/Entity.php(92): Razorpay\\Api\\Request->request()
#3 /home/u304230485/domains/gigfly.in/public_html/vendor/razorpay/razorpay/src/Entity.php(20): Razorpay\\Api\\Entity->request()
#4 /home/u304230485/domains/gigfly.in/public_html/vendor/razorpay/razorpay/src/Order.php(12): Razorpay\\Api\\Entity->create()
#5 /home/u304230485/domains/gigfly.in/public_html/app/Http/Livewire/Main/Checkout/CheckoutComponent.php(1180): Razorpay\\Api\\Order->create()
#6 /home/u304230485/domains/gigfly.in/public_html/app/Http/Livewire/Main/Checkout/CheckoutComponent.php(121): App\\Http\\Livewire\\Main\\Checkout\\CheckoutComponent->initRazorpay()
#7 /home/u304230485/domains/gigfly.in/public_html/vendor/laravel/framework/src/Illuminate/Container/BoundMethod.php(36): App\\Http\\Livewire\\Main\\Checkout\\CheckoutComponent->mount()
#8 /home/u304230485/domains/gigfly.in/public_html/vendor/laravel/framework/src/Illuminate/Container/Util.php(41): Illuminate\\Container\\BoundMethod::Illuminate\\Container\\{closure}()
#9 /home/u304230485/domains/gigfly.in/public_html/vendor/laravel/framework/src/Illuminate/Container/BoundMethod.php(93): Illuminate\\Container\\Util::unwrapIfClosure()
#10 /home/u304230485/domains/gigfly.in/public_html/vendor/laravel/framework/src/Illuminate/Container/BoundMethod.php(37): Illuminate\\Container\\BoundMethod::callBoundMethod()
#11 /home/u304230485/domains/gigfly.in/public_html/vendor/livewire/livewire/src/LifecycleManager.php(114): Illuminate\\Container\\BoundMethod::call()
#12 /home/u304230485/domains/gigfly.in/public_html/vendor/livewire/livewire/src/Component.php(71): Livewire\\LifecycleManager->mount()
#13 /home/u304230485/domains/gigfly.in/public_html/vendor/laravel/framework/src/Illuminate/Routing/ControllerDispatcher.php(46): Livewire\\Component->__invoke()
#14 /home/u304230485/domains/gigfly.in/public_html/vendor/laravel/framework/src/Illuminate/Routing/Route.php(260): Illuminate\\Routing\\ControllerDispatcher->dispatch()
#15 /home/u304230485/domains/gigfly.in/public_html/vendor/laravel/framework/src/Illuminate/Routing/Route.php(205): Illuminate\\Routing\\Route->runController()
#16 /home/u304230485/domains/gigfly.in/public_html/vendor/laravel/framework/src/Illuminate/Routing/Router.php(798): Illuminate\\Routing\\Route->run()
#17 /home/u304230485/domains/gigfly.in/public_html/vendor/laravel/framework/src/Illuminate/Pipeline/Pipeline.php(141): Illuminate\\Routing\\Router->Illuminate\\Routing\\{closure}()
#18 /home/u304230485/domains/gigfly.in/public_html/vendor/ralphjsmit/livewire-urls/src/Middleware/LivewireUrlsMiddleware.php(32): Illuminate\\Pipeline\\Pipeline->Illuminate\\Pipeline\\{closure}()
#19 /home/u304230485/domains/gigfly.in/public_html/vendor/laravel/framework/src/Illuminate/Pipeline/Pipeline.php(180): RalphJSmit\\Livewire\\Urls\\Middleware\\LivewireUrlsMiddleware->handle()
#20 /home/u304230485/domains/gigfly.in/public_html/app/Http/Middleware/XFrameHeaders.php(31): Illuminate\\Pipeline\\Pipeline->Illuminate\\Pipeline\\{closure}()
#21 /home/u304230485/domains/gigfly.in/public_html/vendor/laravel/framework/src/Illuminate/Pipeline/Pipeline.php(180): App\\Http\\Middleware\\XFrameHeaders->handle()
#22 /home/u304230485/domains/gigfly.in/public_html/app/Http/Middleware/UpgradeLevel.php(95): Illuminate\\Pipeline\\Pipeline->Illuminate\\Pipeline\\{closure}()
#23 /home/u304230485/domains/gigfly.in/public_html/vendor/laravel/framework/src/Illuminate/Pipeline/Pipeline.php(180): App\\Http\\Middleware\\UpgradeLevel->handle()
#24 /home/u304230485/domains/gigfly.in/public_html/app/Http/Middleware/UserLastActivity.php(25): Illuminate\\Pipeline\\Pipeline->Illuminate\\Pipeline\\{closure}()
#25 /home/u304230485/domains/gigfly.in/public_html/vendor/laravel/framework/src/Illuminate/Pipeline/Pipeline.php(180): App\\Http\\Middleware\\UserLastActivity->handle()
#26 /home/u304230485/domains/gigfly.in/public_html/app/Http/Middleware/SetLocale.php(62): Illuminate\\Pipeline\\Pipeline->Illuminate\\Pipeline\\{closure}()
#27 /home/u304230485/domains/gigfly.in/public_html/vendor/laravel/framework/src/Illuminate/Pipeline/Pipeline.php(180): App\\Http\\Middleware\\SetLocale->handle()
#28 /home/u304230485/domains/gigfly.in/public_html/vendor/laravel/framework/src/Illuminate/Routing/Middleware/SubstituteBindings.php(50): Illuminate\\Pipeline\\Pipeline->Illuminate\\Pipeline\\{closure}()
#29 /home/u304230485/domains/gigfly.in/public_html/vendor/laravel/framework/src/Illuminate/Pipeline/Pipeline.php(180): Illuminate\\Routing\\Middleware\\SubstituteBindings->handle()
#30 /home/u304230485/domains/gigfly.in/public_html/vendor/laravel/framework/src/Illuminate/Auth/Middleware/Authenticate.php(44): Illuminate\\Pipeline\\Pipeline->Illuminate\\Pipeline\\{closure}()
#31 /home/u304230485/domains/gigfly.in/public_html/vendor/laravel/framework/src/Illuminate/Pipeline/Pipeline.php(180): Illuminate\\Auth\\Middleware\\Authenticate->handle()
#32 /home/u304230485/domains/gigfly.in/public_html/vendor/laravel/framework/src/Illuminate/Foundation/Http/Middleware/VerifyCsrfToken.php(78): Illuminate\\Pipeline\\Pipeline->Illuminate\\Pipeline\\{closure}()
#33 /home/u304230485/domains/gigfly.in/public_html/app/Http/Middleware/VerifyCsrfToken.php(33): Illuminate\\Foundation\\Http\\Middleware\\VerifyCsrfToken->handle()
#34 /home/u304230485/domains/gigfly.in/public_html/vendor/laravel/framework/src/Illuminate/Pipeline/Pipeline.php(180): App\\Http\\Middleware\\VerifyCsrfToken->handle()
#35 /home/u304230485/domains/gigfly.in/public_html/vendor/laravel/framework/src/Illuminate/View/Middleware/ShareErrorsFromSession.php(49): Illuminate\\Pipeline\\Pipeline->Illuminate\\Pipeline\\{closure}()
#36 /home/u304230485/domains/gigfly.in/public_html/vendor/laravel/framework/src/Illuminate/Pipeline/Pipeline.php(180): Illuminate\\View\\Middleware\\ShareErrorsFromSession->handle()
#37 /home/u304230485/domains/gigfly.in/public_html/vendor/laravel/framework/src/Illuminate/Session/Middleware/StartSession.php(172): Illuminate\\Pipeline\\Pipeline->Illuminate\\Pipeline\\{closure}()
#38 /home/u304230485/domains/gigfly.in/public_html/vendor/laravel/framework/src/Illuminate/Session/Middleware/StartSession.php(115): Illuminate\\Session\\Middleware\\StartSession->handleStatefulRequest()
#39 /home/u304230485/domains/gigfly.in/public_html/vendor/laravel/framework/src/Illuminate/Pipeline/Pipeline.php(180): Illuminate\\Session\\Middleware\\StartSession->handle()
#40 /home/u304230485/domains/gigfly.in/public_html/vendor/laravel/framework/src/Illuminate/Cookie/Middleware/AddQueuedCookiesToResponse.php(37): Illuminate\\Pipeline\\Pipeline->Illuminate\\Pipeline\\{closure}()
#41 /home/u304230485/domains/gigfly.in/public_html/vendor/laravel/framework/src/Illuminate/Pipeline/Pipeline.php(180): Illuminate\\Cookie\\Middleware\\AddQueuedCookiesToResponse->handle()
#42 /home/u304230485/domains/gigfly.in/public_html/vendor/laravel/framework/src/Illuminate/Cookie/Middleware/EncryptCookies.php(67): Illuminate\\Pipeline\\Pipeline->Illuminate\\Pipeline\\{closure}()
#43 /home/u304230485/domains/gigfly.in/public_html/vendor/laravel/framework/src/Illuminate/Pipeline/Pipeline.php(180): Illuminate\\Cookie\\Middleware\\EncryptCookies->handle()
#44 /home/u304230485/domains/gigfly.in/public_html/vendor/laravel/framework/src/Illuminate/Pipeline/Pipeline.php(116): Illuminate\\Pipeline\\Pipeline->Illuminate\\Pipeline\\{closure}()
#45 /home/u304230485/domains/gigfly.in/public_html/vendor/laravel/framework/src/Illuminate/Routing/Router.php(799): Illuminate\\Pipeline\\Pipeline->then()
#46 /home/u304230485/domains/gigfly.in/public_html/vendor/laravel/framework/src/Illuminate/Routing/Router.php(776): Illuminate\\Routing\\Router->runRouteWithinStack()
#47 /home/u304230485/domains/gigfly.in/public_html/vendor/laravel/framework/src/Illuminate/Routing/Router.php(740): Illuminate\\Routing\\Router->runRoute()
#48 /home/u304230485/domains/gigfly.in/public_html/vendor/laravel/framework/src/Illuminate/Routing/Router.php(729): Illuminate\\Routing\\Router->dispatchToRoute()
#49 /home/u304230485/domains/gigfly.in/public_html/vendor/laravel/framework/src/Illuminate/Foundation/Http/Kernel.php(190): Illuminate\\Routing\\Router->dispatch()
#50 /home/u304230485/domains/gigfly.in/public_html/vendor/laravel/framework/src/Illuminate/Pipeline/Pipeline.php(141): Illuminate\\Foundation\\Http\\Kernel->Illuminate\\Foundation\\Http\\{closure}()
#51 /home/u304230485/domains/gigfly.in/public_html/vendor/lukeraymonddowning/honey/src/Http/Middleware/BlockSpammers.php(19): Illuminate\\Pipeline\\Pipeline->Illuminate\\Pipeline\\{closure}()
#52 /home/u304230485/domains/gigfly.in/public_html/vendor/laravel/framework/src/Illuminate/Pipeline/Pipeline.php(180): Lukeraymonddowning\\Honey\\Http\\Middleware\\BlockSpammers->handle()
#53 /home/u304230485/domains/gigfly.in/public_html/vendor/livewire/livewire/src/DisableBrowserCache.php(19): Illuminate\\Pipeline\\Pipeline->Illuminate\\Pipeline\\{closure}()
#54 /home/u304230485/domains/gigfly.in/public_html/vendor/laravel/framework/src/Illuminate/Pipeline/Pipeline.php(180): Livewire\\DisableBrowserCache->handle()
#55 /home/u304230485/domains/gigfly.in/public_html/vendor/barryvdh/laravel-debugbar/src/Middleware/InjectDebugbar.php(59): Illuminate\\Pipeline\\Pipeline->Illuminate\\Pipeline\\{closure}()
#56 /home/u304230485/domains/gigfly.in/public_html/vendor/laravel/framework/src/Illuminate/Pipeline/Pipeline.php(180): Barryvdh\\Debugbar\\Middleware\\InjectDebugbar->handle()
#57 /home/u304230485/domains/gigfly.in/public_html/vendor/laravel/framework/src/Illuminate/Foundation/Http/Middleware/TransformsRequest.php(21): Illuminate\\Pipeline\\Pipeline->Illuminate\\Pipeline\\{closure}()
#58 /home/u304230485/domains/gigfly.in/public_html/vendor/laravel/framework/src/Illuminate/Foundation/Http/Middleware/ConvertEmptyStringsToNull.php(31): Illuminate\\Foundation\\Http\\Middleware\\TransformsRequest->handle()
#59 /home/u304230485/domains/gigfly.in/public_html/vendor/laravel/framework/src/Illuminate/Pipeline/Pipeline.php(180): Illuminate\\Foundation\\Http\\Middleware\\ConvertEmptyStringsToNull->handle()
#60 /home/u304230485/domains/gigfly.in/public_html/vendor/laravel/framework/src/Illuminate/Foundation/Http/Middleware/TransformsRequest.php(21): Illuminate\\Pipeline\\Pipeline->Illuminate\\Pipeline\\{closure}()
#61 /home/u304230485/domains/gigfly.in/public_html/vendor/laravel/framework/src/Illuminate/Foundation/Http/Middleware/TrimStrings.php(40): Illuminate\\Foundation\\Http\\Middleware\\TransformsRequest->handle()
#62 /home/u304230485/domains/gigfly.in/public_html/vendor/laravel/framework/src/Illuminate/Pipeline/Pipeline.php(180): Illuminate\\Foundation\\Http\\Middleware\\TrimStrings->handle()
#63 /home/u304230485/domains/gigfly.in/public_html/vendor/laravel/framework/src/Illuminate/Foundation/Http/Middleware/ValidatePostSize.php(27): Illuminate\\Pipeline\\Pipeline->Illuminate\\Pipeline\\{closure}()
#64 /home/u304230485/domains/gigfly.in/public_html/vendor/laravel/framework/src/Illuminate/Pipeline/Pipeline.php(180): Illuminate\\Foundation\\Http\\Middleware\\ValidatePostSize->handle()
#65 /home/u304230485/domains/gigfly.in/public_html/vendor/laravel/framework/src/Illuminate/Foundation/Http/Middleware/PreventRequestsDuringMaintenance.php(86): Illuminate\\Pipeline\\Pipeline->Illuminate\\Pipeline\\{closure}()
#66 /home/u304230485/domains/gigfly.in/public_html/vendor/laravel/framework/src/Illuminate/Pipeline/Pipeline.php(180): Illuminate\\Foundation\\Http\\Middleware\\PreventRequestsDuringMaintenance->handle()
#67 /home/u304230485/domains/gigfly.in/public_html/vendor/laravel/framework/src/Illuminate/Http/Middleware/HandleCors.php(49): Illuminate\\Pipeline\\Pipeline->Illuminate\\Pipeline\\{closure}()
#68 /home/u304230485/domains/gigfly.in/public_html/vendor/laravel/framework/src/Illuminate/Pipeline/Pipeline.php(180): Illuminate\\Http\\Middleware\\HandleCors->handle()
#69 /home/u304230485/domains/gigfly.in/public_html/vendor/laravel/framework/src/Illuminate/Http/Middleware/TrustProxies.php(39): Illuminate\\Pipeline\\Pipeline->Illuminate\\Pipeline\\{closure}()
#70 /home/u304230485/domains/gigfly.in/public_html/vendor/laravel/framework/src/Illuminate/Pipeline/Pipeline.php(180): Illuminate\\Http\\Middleware\\TrustProxies->handle()
#71 /home/u304230485/domains/gigfly.in/public_html/vendor/laravel/framework/src/Illuminate/Pipeline/Pipeline.php(116): Illuminate\\Pipeline\\Pipeline->Illuminate\\Pipeline\\{closure}()
#72 /home/u304230485/domains/gigfly.in/public_html/vendor/laravel/framework/src/Illuminate/Foundation/Http/Kernel.php(165): Illuminate\\Pipeline\\Pipeline->then()
#73 /home/u304230485/domains/gigfly.in/public_html/vendor/laravel/framework/src/Illuminate/Foundation/Http/Kernel.php(134): Illuminate\\Foundation\\Http\\Kernel->sendRequestThroughRouter()
#74 /home/u304230485/domains/gigfly.in/public_html/index.php(53): Illuminate\\Foundation\\Http\\Kernel->handle()
#75 {main}
"} 
[2023-04-08 11:52:37] production.ERROR: The api key provided is invalid {"userId":10,"exception":"[object] (Razorpay\\Api\\Errors\\BadRequestError(code: BAD_REQUEST_ERROR): The api key provided is invalid at /home/u304230485/domains/gigfly.in/public_html/vendor/razorpay/razorpay/src/Request.php:142)
[stacktrace]
#0 /home/u304230485/domains/gigfly.in/public_html/vendor/razorpay/razorpay/src/Request.php(109): Razorpay\\Api\\Request->processError()
#1 /home/u304230485/domains/gigfly.in/public_html/vendor/razorpay/razorpay/src/Request.php(58): Razorpay\\Api\\Request->checkErrors()
#2 /home/u304230485/domains/gigfly.in/public_html/vendor/razorpay/razorpay/src/Entity.php(92): Razorpay\\Api\\Request->request()
#3 /home/u304230485/domains/gigfly.in/public_html/vendor/razorpay/razorpay/src/Entity.php(20): Razorpay\\Api\\Entity->request()
#4 /home/u304230485/domains/gigfly.in/public_html/vendor/razorpay/razorpay/src/Order.php(12): Razorpay\\Api\\Entity->create()
#5 /home/u304230485/domains/gigfly.in/public_html/app/Http/Livewire/Main/Checkout/CheckoutComponent.php(1180): Razorpay\\Api\\Order->create()
#6 /home/u304230485/domains/gigfly.in/public_html/app/Http/Livewire/Main/Checkout/CheckoutComponent.php(121): App\\Http\\Livewire\\Main\\Checkout\\CheckoutComponent->initRazorpay()
#7 /home/u304230485/domains/gigfly.in/public_html/vendor/laravel/framework/src/Illuminate/Container/BoundMethod.php(36): App\\Http\\Livewire\\Main\\Checkout\\CheckoutComponent->mount()
#8 /home/u304230485/domains/gigfly.in/public_html/vendor/laravel/framework/src/Illuminate/Container/Util.php(41): Illuminate\\Container\\BoundMethod::Illuminate\\Container\\{closure}()
#9 /home/u304230485/domains/gigfly.in/public_html/vendor/laravel/framework/src/Illuminate/Container/BoundMethod.php(93): Illuminate\\Container\\Util::unwrapIfClosure()
#10 /home/u304230485/domains/gigfly.in/public_html/vendor/laravel/framework/src/Illuminate/Container/BoundMethod.php(37): Illuminate\\Container\\BoundMethod::callBoundMethod()
#11 /home/u304230485/domains/gigfly.in/public_html/vendor/livewire/livewire/src/LifecycleManager.php(114): Illuminate\\Container\\BoundMethod::call()
#12 /home/u304230485/domains/gigfly.in/public_html/vendor/livewire/livewire/src/Component.php(71): Livewire\\LifecycleManager->mount()
#13 /home/u304230485/domains/gigfly.in/public_html/vendor/laravel/framework/src/Illuminate/Routing/ControllerDispatcher.php(46): Livewire\\Component->__invoke()
#14 /home/u304230485/domains/gigfly.in/public_html/vendor/laravel/framework/src/Illuminate/Routing/Route.php(260): Illuminate\\Routing\\ControllerDispatcher->dispatch()
#15 /home/u304230485/domains/gigfly.in/public_html/vendor/laravel/framework/src/Illuminate/Routing/Route.php(205): Illuminate\\Routing\\Route->runController()
#16 /home/u304230485/domains/gigfly.in/public_html/vendor/laravel/framework/src/Illuminate/Routing/Router.php(798): Illuminate\\Routing\\Route->run()
#17 /home/u304230485/domains/gigfly.in/public_html/vendor/laravel/framework/src/Illuminate/Pipeline/Pipeline.php(141): Illuminate\\Routing\\Router->Illuminate\\Routing\\{closure}()
#18 /home/u304230485/domains/gigfly.in/public_html/vendor/ralphjsmit/livewire-urls/src/Middleware/LivewireUrlsMiddleware.php(32): Illuminate\\Pipeline\\Pipeline->Illuminate\\Pipeline\\{closure}()
#19 /home/u304230485/domains/gigfly.in/public_html/vendor/laravel/framework/src/Illuminate/Pipeline/Pipeline.php(180): RalphJSmit\\Livewire\\Urls\\Middleware\\LivewireUrlsMiddleware->handle()
#20 /home/u304230485/domains/gigfly.in/public_html/app/Http/Middleware/XFrameHeaders.php(31): Illuminate\\Pipeline\\Pipeline->Illuminate\\Pipeline\\{closure}()
#21 /home/u304230485/domains/gigfly.in/public_html/vendor/laravel/framework/src/Illuminate/Pipeline/Pipeline.php(180): App\\Http\\Middleware\\XFrameHeaders->handle()
#22 /home/u304230485/domains/gigfly.in/public_html/app/Http/Middleware/UpgradeLevel.php(95): Illuminate\\Pipeline\\Pipeline->Illuminate\\Pipeline\\{closure}()
#23 /home/u304230485/domains/gigfly.in/public_html/vendor/laravel/framework/src/Illuminate/Pipeline/Pipeline.php(180): App\\Http\\Middleware\\UpgradeLevel->handle()
#24 /home/u304230485/domains/gigfly.in/public_html/app/Http/Middleware/UserLastActivity.php(25): Illuminate\\Pipeline\\Pipeline->Illuminate\\Pipeline\\{closure}()
#25 /home/u304230485/domains/gigfly.in/public_html/vendor/laravel/framework/src/Illuminate/Pipeline/Pipeline.php(180): App\\Http\\Middleware\\UserLastActivity->handle()
#26 /home/u304230485/domains/gigfly.in/public_html/app/Http/Middleware/SetLocale.php(62): Illuminate\\Pipeline\\Pipeline->Illuminate\\Pipeline\\{closure}()
#27 /home/u304230485/domains/gigfly.in/public_html/vendor/laravel/framework/src/Illuminate/Pipeline/Pipeline.php(180): App\\Http\\Middleware\\SetLocale->handle()
#28 /home/u304230485/domains/gigfly.in/public_html/vendor/laravel/framework/src/Illuminate/Routing/Middleware/SubstituteBindings.php(50): Illuminate\\Pipeline\\Pipeline->Illuminate\\Pipeline\\{closure}()
#29 /home/u304230485/domains/gigfly.in/public_html/vendor/laravel/framework/src/Illuminate/Pipeline/Pipeline.php(180): Illuminate\\Routing\\Middleware\\SubstituteBindings->handle()
#30 /home/u304230485/domains/gigfly.in/public_html/vendor/laravel/framework/src/Illuminate/Auth/Middleware/Authenticate.php(44): Illuminate\\Pipeline\\Pipeline->Illuminate\\Pipeline\\{closure}()
#31 /home/u304230485/domains/gigfly.in/public_html/vendor/laravel/framework/src/Illuminate/Pipeline/Pipeline.php(180): Illuminate\\Auth\\Middleware\\Authenticate->handle()
#32 /home/u304230485/domains/gigfly.in/public_html/vendor/laravel/framework/src/Illuminate/Foundation/Http/Middleware/VerifyCsrfToken.php(78): Illuminate\\Pipeline\\Pipeline->Illuminate\\Pipeline\\{closure}()
#33 /home/u304230485/domains/gigfly.in/public_html/app/Http/Middleware/VerifyCsrfToken.php(33): Illuminate\\Foundation\\Http\\Middleware\\VerifyCsrfToken->handle()
#34 /home/u304230485/domains/gigfly.in/public_html/vendor/laravel/framework/src/Illuminate/Pipeline/Pipeline.php(180): App\\Http\\Middleware\\VerifyCsrfToken->handle()
#35 /home/u304230485/domains/gigfly.in/public_html/vendor/laravel/framework/src/Illuminate/View/Middleware/ShareErrorsFromSession.php(49): Illuminate\\Pipeline\\Pipeline->Illuminate\\Pipeline\\{closure}()
#36 /home/u304230485/domains/gigfly.in/public_html/vendor/laravel/framework/src/Illuminate/Pipeline/Pipeline.php(180): Illuminate\\View\\Middleware\\ShareErrorsFromSession->handle()
#37 /home/u304230485/domains/gigfly.in/public_html/vendor/laravel/framework/src/Illuminate/Session/Middleware/StartSession.php(172): Illuminate\\Pipeline\\Pipeline->Illuminate\\Pipeline\\{closure}()
#38 /home/u304230485/domains/gigfly.in/public_html/vendor/laravel/framework/src/Illuminate/Session/Middleware/StartSession.php(115): Illuminate\\Session\\Middleware\\StartSession->handleStatefulRequest()
#39 /home/u304230485/domains/gigfly.in/public_html/vendor/laravel/framework/src/Illuminate/Pipeline/Pipeline.php(180): Illuminate\\Session\\Middleware\\StartSession->handle()
#40 /home/u304230485/domains/gigfly.in/public_html/vendor/laravel/framework/src/Illuminate/Cookie/Middleware/AddQueuedCookiesToResponse.php(37): Illuminate\\Pipeline\\Pipeline->Illuminate\\Pipeline\\{closure}()
#41 /home/u304230485/domains/gigfly.in/public_html/vendor/laravel/framework/src/Illuminate/Pipeline/Pipeline.php(180): Illuminate\\Cookie\\Middleware\\AddQueuedCookiesToResponse->handle()
#42 /home/u304230485/domains/gigfly.in/public_html/vendor/laravel/framework/src/Illuminate/Cookie/Middleware/EncryptCookies.php(67): Illuminate\\Pipeline\\Pipeline->Illuminate\\Pipeline\\{closure}()
#43 /home/u304230485/domains/gigfly.in/public_html/vendor/laravel/framework/src/Illuminate/Pipeline/Pipeline.php(180): Illuminate\\Cookie\\Middleware\\EncryptCookies->handle()
#44 /home/u304230485/domains/gigfly.in/public_html/vendor/laravel/framework/src/Illuminate/Pipeline/Pipeline.php(116): Illuminate\\Pipeline\\Pipeline->Illuminate\\Pipeline\\{closure}()
#45 /home/u304230485/domains/gigfly.in/public_html/vendor/laravel/framework/src/Illuminate/Routing/Router.php(799): Illuminate\\Pipeline\\Pipeline->then()
#46 /home/u304230485/domains/gigfly.in/public_html/vendor/laravel/framework/src/Illuminate/Routing/Router.php(776): Illuminate\\Routing\\Router->runRouteWithinStack()
#47 /home/u304230485/domains/gigfly.in/public_html/vendor/laravel/framework/src/Illuminate/Routing/Router.php(740): Illuminate\\Routing\\Router->runRoute()
#48 /home/u304230485/domains/gigfly.in/public_html/vendor/laravel/framework/src/Illuminate/Routing/Router.php(729): Illuminate\\Routing\\Router->dispatchToRoute()
#49 /home/u304230485/domains/gigfly.in/public_html/vendor/laravel/framework/src/Illuminate/Foundation/Http/Kernel.php(190): Illuminate\\Routing\\Router->dispatch()
#50 /home/u304230485/domains/gigfly.in/public_html/vendor/laravel/framework/src/Illuminate/Pipeline/Pipeline.php(141): Illuminate\\Foundation\\Http\\Kernel->Illuminate\\Foundation\\Http\\{closure}()
#51 /home/u304230485/domains/gigfly.in/public_html/vendor/lukeraymonddowning/honey/src/Http/Middleware/BlockSpammers.php(19): Illuminate\\Pipeline\\Pipeline->Illuminate\\Pipeline\\{closure}()
#52 /home/u304230485/domains/gigfly.in/public_html/vendor/laravel/framework/src/Illuminate/Pipeline/Pipeline.php(180): Lukeraymonddowning\\Honey\\Http\\Middleware\\BlockSpammers->handle()
#53 /home/u304230485/domains/gigfly.in/public_html/vendor/livewire/livewire/src/DisableBrowserCache.php(19): Illuminate\\Pipeline\\Pipeline->Illuminate\\Pipeline\\{closure}()
#54 /home/u304230485/domains/gigfly.in/public_html/vendor/laravel/framework/src/Illuminate/Pipeline/Pipeline.php(180): Livewire\\DisableBrowserCache->handle()
#55 /home/u304230485/domains/gigfly.in/public_html/vendor/barryvdh/laravel-debugbar/src/Middleware/InjectDebugbar.php(59): Illuminate\\Pipeline\\Pipeline->Illuminate\\Pipeline\\{closure}()
#56 /home/u304230485/domains/gigfly.in/public_html/vendor/laravel/framework/src/Illuminate/Pipeline/Pipeline.php(180): Barryvdh\\Debugbar\\Middleware\\InjectDebugbar->handle()
#57 /home/u304230485/domains/gigfly.in/public_html/vendor/laravel/framework/src/Illuminate/Foundation/Http/Middleware/TransformsRequest.php(21): Illuminate\\Pipeline\\Pipeline->Illuminate\\Pipeline\\{closure}()
#58 /home/u304230485/domains/gigfly.in/public_html/vendor/laravel/framework/src/Illuminate/Foundation/Http/Middleware/ConvertEmptyStringsToNull.php(31): Illuminate\\Foundation\\Http\\Middleware\\TransformsRequest->handle()
#59 /home/u304230485/domains/gigfly.in/public_html/vendor/laravel/framework/src/Illuminate/Pipeline/Pipeline.php(180): Illuminate\\Foundation\\Http\\Middleware\\ConvertEmptyStringsToNull->handle()
#60 /home/u304230485/domains/gigfly.in/public_html/vendor/laravel/framework/src/Illuminate/Foundation/Http/Middleware/TransformsRequest.php(21): Illuminate\\Pipeline\\Pipeline->Illuminate\\Pipeline\\{closure}()
#61 /home/u304230485/domains/gigfly.in/public_html/vendor/laravel/framework/src/Illuminate/Foundation/Http/Middleware/TrimStrings.php(40): Illuminate\\Foundation\\Http\\Middleware\\TransformsRequest->handle()
#62 /home/u304230485/domains/gigfly.in/public_html/vendor/laravel/framework/src/Illuminate/Pipeline/Pipeline.php(180): Illuminate\\Foundation\\Http\\Middleware\\TrimStrings->handle()
#63 /home/u304230485/domains/gigfly.in/public_html/vendor/laravel/framework/src/Illuminate/Foundation/Http/Middleware/ValidatePostSize.php(27): Illuminate\\Pipeline\\Pipeline->Illuminate\\Pipeline\\{closure}()
#64 /home/u304230485/domains/gigfly.in/public_html/vendor/laravel/framework/src/Illuminate/Pipeline/Pipeline.php(180): Illuminate\\Foundation\\Http\\Middleware\\ValidatePostSize->handle()
#65 /home/u304230485/domains/gigfly.in/public_html/vendor/laravel/framework/src/Illuminate/Foundation/Http/Middleware/PreventRequestsDuringMaintenance.php(86): Illuminate\\Pipeline\\Pipeline->Illuminate\\Pipeline\\{closure}()
#66 /home/u304230485/domains/gigfly.in/public_html/vendor/laravel/framework/src/Illuminate/Pipeline/Pipeline.php(180): Illuminate\\Foundation\\Http\\Middleware\\PreventRequestsDuringMaintenance->handle()
#67 /home/u304230485/domains/gigfly.in/public_html/vendor/laravel/framework/src/Illuminate/Http/Middleware/HandleCors.php(49): Illuminate\\Pipeline\\Pipeline->Illuminate\\Pipeline\\{closure}()
#68 /home/u304230485/domains/gigfly.in/public_html/vendor/laravel/framework/src/Illuminate/Pipeline/Pipeline.php(180): Illuminate\\Http\\Middleware\\HandleCors->handle()
#69 /home/u304230485/domains/gigfly.in/public_html/vendor/laravel/framework/src/Illuminate/Http/Middleware/TrustProxies.php(39): Illuminate\\Pipeline\\Pipeline->Illuminate\\Pipeline\\{closure}()
#70 /home/u304230485/domains/gigfly.in/public_html/vendor/laravel/framework/src/Illuminate/Pipeline/Pipeline.php(180): Illuminate\\Http\\Middleware\\TrustProxies->handle()
#71 /home/u304230485/domains/gigfly.in/public_html/vendor/laravel/framework/src/Illuminate/Pipeline/Pipeline.php(116): Illuminate\\Pipeline\\Pipeline->Illuminate\\Pipeline\\{closure}()
#72 /home/u304230485/domains/gigfly.in/public_html/vendor/laravel/framework/src/Illuminate/Foundation/Http/Kernel.php(165): Illuminate\\Pipeline\\Pipeline->then()
#73 /home/u304230485/domains/gigfly.in/public_html/vendor/laravel/framework/src/Illuminate/Foundation/Http/Kernel.php(134): Illuminate\\Foundation\\Http\\Kernel->sendRequestThroughRouter()
#74 /home/u304230485/domains/gigfly.in/public_html/index.php(53): Illuminate\\Foundation\\Http\\Kernel->handle()
#75 {main}
"} 
